11:35:11 509 收:68550043050100000000001001901000310503005004020002202102001C07E904010001001C07E9040200010054030000030020210200000010020000002002000001100833CD98403E917F554F61CE91C53446D76D16 [2025/4/4 1:36:49]


 01.【Afn = 10,安全请求】
 02.明文应用数据单元：0503005004020002202102001C07E904010001001C07E90402000100540300000300202102000000100200000020020000
 03.【Afn = 05,读取一个记录型对象属性】
 04.服务器优先级：00
 05.日冻结，属性2：50040200
 06.Selector02
 07.数据冻结时间，参数：20210200
 08.起始值：2025-04-01 00:01:00
 09.结束值：2025-04-02 00:01:00
 10.数据：0
 11.CSD：3
 12.数据冻结时间，参数：20210200
 13.正向有功电能，总及费率电能量数组：00100200
 14.反向有功电能，总及费率电能量数组：00200200
 15.时间标签：无
 16.随机数：0833CD98403E917F554F61CE91C53446
 长度：85
 传输方向位：0,主站向终端下发命令
 启动标志位：1,来自客户机
 分帧标志位：0,完整APDU
 逻辑地址：000000000001
 客户机地址：10
 帧头校验：0190


11:35:11 528 发:687200c30501000000000010ba16900059850300500402000300202102000000100200000020020001011C07e904020000000105060000c35006000030d406000030d406000030d406000030d401050600009c400600002710060000271006000027100600002710000001000412345678d48d16[2025/4/4 1:36:49]


 01.【Afn = 90,安全响应】
 02.明文应用数据单元：850300500402000300202102000000100200000020020001011C07E904020000000105060000C35006000030D406000030D406000030D406000030D401050600009C4006000027100600002710060000271006000027100000
 03.【Afn = 85,读取一个记录型对象属性响应】
 04.服务器优先级：00
 05.日冻结，属性2：50040200
 06.CSD：3
 07.数据冻结时间，参数：20210200
 08.正向有功电能，总及费率电能量数组：00100200
 09.反向有功电能，总及费率电能量数组：00200200
 10.结果类型：数据1
 11.数据长度：1
 12.数据：2025-04-02 00:00:00
 13.数据：50000
 14.数据：12500
 15.数据：12500
 16.数据：12500
 17.数据：12500
 18.数据：40000
 19.数据：10000
 20.数据：10000
 21.数据：10000
 22.数据：10000
 23.跟随上报信息域：00
 24.时间标签：无
 25.MAC：12345678
 长度：114
 传输方向位：1,终端响应主站命令
 启动标志位：1,来自客户机
 分帧标志位：0,完整APDU
 逻辑地址：000000000001
 客户机地址：10
 帧头校验：BA16


11:35:12 676 收:68550043050100000000001001901000310503005004020002202102001C07E904010001001C07E9040200010054030000030020210200000010020000002002000001100833CD98403E917F554F61CE91C53446D76D16 [2025/4/4 1:36:50]


 01.【Afn = 10,安全请求】
 02.明文应用数据单元：0503005004020002202102001C07E904010001001C07E90402000100540300000300202102000000100200000020020000
 03.【Afn = 05,读取一个记录型对象属性】
 04.服务器优先级：00
 05.日冻结，属性2：50040200
 06.Selector02
 07.数据冻结时间，参数：20210200
 08.起始值：2025-04-01 00:01:00
 09.结束值：2025-04-02 00:01:00
 10.数据：0
 11.CSD：3
 12.数据冻结时间，参数：20210200
 13.正向有功电能，总及费率电能量数组：00100200
 14.反向有功电能，总及费率电能量数组：00200200
 15.时间标签：无
 16.随机数：0833CD98403E917F554F61CE91C53446
 长度：85
 传输方向位：0,主站向终端下发命令
 启动标志位：1,来自客户机
 分帧标志位：0,完整APDU
 逻辑地址：000000000001
 客户机地址：10
 帧头校验：0190


11:35:12 677 发:687200c30501000000000010ba16900059850300500402000300202102000000100200000020020001011C07e904020000000105060000c35006000030d406000030d406000030d406000030d401050600009c400600002710060000271006000027100600002710000001000412345678d48d16[2025/4/4 1:36:50]


 01.【Afn = 90,安全响应】
 02.明文应用数据单元：850300500402000300202102000000100200000020020001011C07E904020000000105060000C35006000030D406000030D406000030D406000030D401050600009C4006000027100600002710060000271006000027100000
 03.【Afn = 85,读取一个记录型对象属性响应】
 04.服务器优先级：00
 05.日冻结，属性2：50040200
 06.CSD：3
 07.数据冻结时间，参数：20210200
 08.正向有功电能，总及费率电能量数组：00100200
 09.反向有功电能，总及费率电能量数组：00200200
 10.结果类型：数据1
 11.数据长度：1
 12.数据：2025-04-02 00:00:00
 13.数据：50000
 14.数据：12500
 15.数据：12500
 16.数据：12500
 17.数据：12500
 18.数据：40000
 19.数据：10000
 20.数据：10000
 21.数据：10000
 22.数据：10000
 23.跟随上报信息域：00
 24.时间标签：无
 25.MAC：12345678
 长度：114
 传输方向位：1,终端响应主站命令
 启动标志位：1,来自客户机
 分帧标志位：0,完整APDU
 逻辑地址：000000000001
 客户机地址：10
 帧头校验：BA16


11:35:14 042 收:6855004305020000000000106F381000310503005004020002202102001C07E904010001001C07E90402000100540300000300202102000000100200000020020000011066DBF33178D1502CDEBB2681299F5AC47D2516 [2025/4/4 1:36:52]


 01.【Afn = 10,安全请求】
 02.明文应用数据单元：0503005004020002202102001C07E904010001001C07E90402000100540300000300202102000000100200000020020000
 03.【Afn = 05,读取一个记录型对象属性】
 04.服务器优先级：00
 05.日冻结，属性2：50040200
 06.Selector02
 07.数据冻结时间，参数：20210200
 08.起始值：2025-04-01 00:01:00
 09.结束值：2025-04-02 00:01:00
 10.数据：0
 11.CSD：3
 12.数据冻结时间，参数：20210200
 13.正向有功电能，总及费率电能量数组：00100200
 14.反向有功电能，总及费率电能量数组：00200200
 15.时间标签：无
 16.随机数：66DBF33178D1502CDEBB2681299F5AC4
 长度：85
 传输方向位：0,主站向终端下发命令
 启动标志位：1,来自客户机
 分帧标志位：0,完整APDU
 逻辑地址：000000000002
 客户机地址：10
 帧头校验：6F38


11:35:14 042 发:687200c30502000000000010d4be900059850300500402000300202102000000100200000020020001011C07e904020000000105060000c35006000030d406000030d406000030d406000030d401050600009c400600002710060000271006000027100600002710000001000412345678d48d16[2025/4/4 1:36:52]


 01.【Afn = 90,安全响应】
 02.明文应用数据单元：850300500402000300202102000000100200000020020001011C07E904020000000105060000C35006000030D406000030D406000030D406000030D401050600009C4006000027100600002710060000271006000027100000
 03.【Afn = 85,读取一个记录型对象属性响应】
 04.服务器优先级：00
 05.日冻结，属性2：50040200
 06.CSD：3
 07.数据冻结时间，参数：20210200
 08.正向有功电能，总及费率电能量数组：00100200
 09.反向有功电能，总及费率电能量数组：00200200
 10.结果类型：数据1
 11.数据长度：1
 12.数据：2025-04-02 00:00:00
 13.数据：50000
 14.数据：12500
 15.数据：12500
 16.数据：12500
 17.数据：12500
 18.数据：40000
 19.数据：10000
 20.数据：10000
 21.数据：10000
 22.数据：10000
 23.跟随上报信息域：00
 24.时间标签：无
 25.MAC：12345678
 长度：114
 传输方向位：1,终端响应主站命令
 启动标志位：1,来自客户机
 分帧标志位：0,完整APDU
 逻辑地址：000000000002
 客户机地址：10
 帧头校验：D4BE


11:35:15 109 收:6855004305020000000000106F381000310503005004020002202102001C07E904010001001C07E90402000100540300000300202102000000100200000020020000011066DBF33178D1502CDEBB2681299F5AC47D2516 [2025/4/4 1:36:53]


 01.【Afn = 10,安全请求】
 02.明文应用数据单元：0503005004020002202102001C07E904010001001C07E90402000100540300000300202102000000100200000020020000
 03.【Afn = 05,读取一个记录型对象属性】
 04.服务器优先级：00
 05.日冻结，属性2：50040200
 06.Selector02
 07.数据冻结时间，参数：20210200
 08.起始值：2025-04-01 00:01:00
 09.结束值：2025-04-02 00:01:00
 10.数据：0
 11.CSD：3
 12.数据冻结时间，参数：20210200
 13.正向有功电能，总及费率电能量数组：00100200
 14.反向有功电能，总及费率电能量数组：00200200
 15.时间标签：无
 16.随机数：66DBF33178D1502CDEBB2681299F5AC4
 长度：85
 传输方向位：0,主站向终端下发命令
 启动标志位：1,来自客户机
 分帧标志位：0,完整APDU
 逻辑地址：000000000002
 客户机地址：10
 帧头校验：6F38


11:35:15 114 发:687200c30502000000000010d4be900059850300500402000300202102000000100200000020020001011C07e904020000000105060000c35006000030d406000030d406000030d406000030d401050600009c400600002710060000271006000027100600002710000001000412345678d48d16[2025/4/4 1:36:53]


 01.【Afn = 90,安全响应】
 02.明文应用数据单元：850300500402000300202102000000100200000020020001011C07E904020000000105060000C35006000030D406000030D406000030D406000030D401050600009C4006000027100600002710060000271006000027100000
 03.【Afn = 85,读取一个记录型对象属性响应】
 04.服务器优先级：00
 05.日冻结，属性2：50040200
 06.CSD：3
 07.数据冻结时间，参数：20210200
 08.正向有功电能，总及费率电能量数组：00100200
 09.反向有功电能，总及费率电能量数组：00200200
 10.结果类型：数据1
 11.数据长度：1
 12.数据：2025-04-02 00:00:00
 13.数据：50000
 14.数据：12500
 15.数据：12500
 16.数据：12500
 17.数据：12500
 18.数据：40000
 19.数据：10000
 20.数据：10000
 21.数据：10000
 22.数据：10000
 23.跟随上报信息域：00
 24.时间标签：无
 25.MAC：12345678
 长度：114
 传输方向位：1,终端响应主站命令
 启动标志位：1,来自客户机
 分帧标志位：0,完整APDU
 逻辑地址：000000000002
 客户机地址：10
 帧头校验：D4BE


11:35:16 527 收:68550043050100000000001001901000310503005004020002202102001C07E904010001001C07E904020001005403000003002021020000001002000000200200000110205475619312EADE49037D67F37EF8ADC2E816 [2025/4/4 1:36:54]


 01.【Afn = 10,安全请求】
 02.明文应用数据单元：0503005004020002202102001C07E904010001001C07E90402000100540300000300202102000000100200000020020000
 03.【Afn = 05,读取一个记录型对象属性】
 04.服务器优先级：00
 05.日冻结，属性2：50040200
 06.Selector02
 07.数据冻结时间，参数：20210200
 08.起始值：2025-04-01 00:01:00
 09.结束值：2025-04-02 00:01:00
 10.数据：0
 11.CSD：3
 12.数据冻结时间，参数：20210200
 13.正向有功电能，总及费率电能量数组：00100200
 14.反向有功电能，总及费率电能量数组：00200200
 15.时间标签：无
 16.随机数：205475619312EADE49037D67F37EF8AD
 长度：85
 传输方向位：0,主站向终端下发命令
 启动标志位：1,来自客户机
 分帧标志位：0,完整APDU
 逻辑地址：000000000001
 客户机地址：10
 帧头校验：0190


11:35:16 528 发:687200c30501000000000010ba16900059850300500402000300202102000000100200000020020001011C07e904020000000105060000c35006000030d406000030d406000030d406000030d401050600009c400600002710060000271006000027100600002710000001000412345678d48d16[2025/4/4 1:36:54]


 01.【Afn = 90,安全响应】
 02.明文应用数据单元：850300500402000300202102000000100200000020020001011C07E904020000000105060000C35006000030D406000030D406000030D406000030D401050600009C4006000027100600002710060000271006000027100000
 03.【Afn = 85,读取一个记录型对象属性响应】
 04.服务器优先级：00
 05.日冻结，属性2：50040200
 06.CSD：3
 07.数据冻结时间，参数：20210200
 08.正向有功电能，总及费率电能量数组：00100200
 09.反向有功电能，总及费率电能量数组：00200200
 10.结果类型：数据1
 11.数据长度：1
 12.数据：2025-04-02 00:00:00
 13.数据：50000
 14.数据：12500
 15.数据：12500
 16.数据：12500
 17.数据：12500
 18.数据：40000
 19.数据：10000
 20.数据：10000
 21.数据：10000
 22.数据：10000
 23.跟随上报信息域：00
 24.时间标签：无
 25.MAC：12345678
 长度：114
 传输方向位：1,终端响应主站命令
 启动标志位：1,来自客户机
 分帧标志位：0,完整APDU
 逻辑地址：000000000001
 客户机地址：10
 帧头校验：BA16


11:35:17 644 收:68550043050100000000001001901000310503005004020002202102001C07E904010001001C07E904020001005403000003002021020000001002000000200200000110205475619312EADE49037D67F37EF8ADC2E816 [2025/4/4 1:36:55]


 01.【Afn = 10,安全请求】
 02.明文应用数据单元：0503005004020002202102001C07E904010001001C07E90402000100540300000300202102000000100200000020020000
 03.【Afn = 05,读取一个记录型对象属性】
 04.服务器优先级：00
 05.日冻结，属性2：50040200
 06.Selector02
 07.数据冻结时间，参数：20210200
 08.起始值：2025-04-01 00:01:00
 09.结束值：2025-04-02 00:01:00
 10.数据：0
 11.CSD：3
 12.数据冻结时间，参数：20210200
 13.正向有功电能，总及费率电能量数组：00100200
 14.反向有功电能，总及费率电能量数组：00200200
 15.时间标签：无
 16.随机数：205475619312EADE49037D67F37EF8AD
 长度：85
 传输方向位：0,主站向终端下发命令
 启动标志位：1,来自客户机
 分帧标志位：0,完整APDU
 逻辑地址：000000000001
 客户机地址：10
 帧头校验：0190


11:35:17 645 发:687200c30501000000000010ba16900059850300500402000300202102000000100200000020020001011C07e904020000000105060000c35006000030d406000030d406000030d406000030d401050600009c400600002710060000271006000027100600002710000001000412345678d48d16[2025/4/4 1:36:55]


 01.【Afn = 90,安全响应】
 02.明文应用数据单元：850300500402000300202102000000100200000020020001011C07E904020000000105060000C35006000030D406000030D406000030D406000030D401050600009C4006000027100600002710060000271006000027100000
 03.【Afn = 85,读取一个记录型对象属性响应】
 04.服务器优先级：00
 05.日冻结，属性2：50040200
 06.CSD：3
 07.数据冻结时间，参数：20210200
 08.正向有功电能，总及费率电能量数组：00100200
 09.反向有功电能，总及费率电能量数组：00200200
 10.结果类型：数据1
 11.数据长度：1
 12.数据：2025-04-02 00:00:00
 13.数据：50000
 14.数据：12500
 15.数据：12500
 16.数据：12500
 17.数据：12500
 18.数据：40000
 19.数据：10000
 20.数据：10000
 21.数据：10000
 22.数据：10000
 23.跟随上报信息域：00
 24.时间标签：无
 25.MAC：12345678
 长度：114
 传输方向位：1,终端响应主站命令
 启动标志位：1,来自客户机
 分帧标志位：0,完整APDU
 逻辑地址：000000000001
 客户机地址：10
 帧头校验：BA16


11:35:19 013 收:6855004305020000000000106F381000310503005004020002202102001C07E904010001001C07E904020001005403000003002021020000001002000000200200000110FB91DA8EA6E0B51144C5DA07D2852ADE86AA16 [2025/4/4 1:36:57]


 01.【Afn = 10,安全请求】
 02.明文应用数据单元：0503005004020002202102001C07E904010001001C07E90402000100540300000300202102000000100200000020020000
 03.【Afn = 05,读取一个记录型对象属性】
 04.服务器优先级：00
 05.日冻结，属性2：50040200
 06.Selector02
 07.数据冻结时间，参数：20210200
 08.起始值：2025-04-01 00:01:00
 09.结束值：2025-04-02 00:01:00
 10.数据：0
 11.CSD：3
 12.数据冻结时间，参数：20210200
 13.正向有功电能，总及费率电能量数组：00100200
 14.反向有功电能，总及费率电能量数组：00200200
 15.时间标签：无
 16.随机数：FB91DA8EA6E0B51144C5DA07D2852ADE
 长度：85
 传输方向位：0,主站向终端下发命令
 启动标志位：1,来自客户机
 分帧标志位：0,完整APDU
 逻辑地址：000000000002
 客户机地址：10
 帧头校验：6F38


11:35:19 014 发:687200c30502000000000010d4be900059850300500402000300202102000000100200000020020001011C07e904020000000105060000c35006000030d406000030d406000030d406000030d401050600009c400600002710060000271006000027100600002710000001000412345678d48d16[2025/4/4 1:36:57]


 01.【Afn = 90,安全响应】
 02.明文应用数据单元：850300500402000300202102000000100200000020020001011C07E904020000000105060000C35006000030D406000030D406000030D406000030D401050600009C4006000027100600002710060000271006000027100000
 03.【Afn = 85,读取一个记录型对象属性响应】
 04.服务器优先级：00
 05.日冻结，属性2：50040200
 06.CSD：3
 07.数据冻结时间，参数：20210200
 08.正向有功电能，总及费率电能量数组：00100200
 09.反向有功电能，总及费率电能量数组：00200200
 10.结果类型：数据1
 11.数据长度：1
 12.数据：2025-04-02 00:00:00
 13.数据：50000
 14.数据：12500
 15.数据：12500
 16.数据：12500
 17.数据：12500
 18.数据：40000
 19.数据：10000
 20.数据：10000
 21.数据：10000
 22.数据：10000
 23.跟随上报信息域：00
 24.时间标签：无
 25.MAC：12345678
 长度：114
 传输方向位：1,终端响应主站命令
 启动标志位：1,来自客户机
 分帧标志位：0,完整APDU
 逻辑地址：000000000002
 客户机地址：10
 帧头校验：D4BE


11:35:20 081 收:6855004305020000000000106F381000310503005004020002202102001C07E904010001001C07E904020001005403000003002021020000001002000000200200000110FB91DA8EA6E0B51144C5DA07D2852ADE86AA16 [2025/4/4 1:36:58]


 01.【Afn = 10,安全请求】
 02.明文应用数据单元：0503005004020002202102001C07E904010001001C07E90402000100540300000300202102000000100200000020020000
 03.【Afn = 05,读取一个记录型对象属性】
 04.服务器优先级：00
 05.日冻结，属性2：50040200
 06.Selector02
 07.数据冻结时间，参数：20210200
 08.起始值：2025-04-01 00:01:00
 09.结束值：2025-04-02 00:01:00
 10.数据：0
 11.CSD：3
 12.数据冻结时间，参数：20210200
 13.正向有功电能，总及费率电能量数组：00100200
 14.反向有功电能，总及费率电能量数组：00200200
 15.时间标签：无
 16.随机数：FB91DA8EA6E0B51144C5DA07D2852ADE
 长度：85
 传输方向位：0,主站向终端下发命令
 启动标志位：1,来自客户机
 分帧标志位：0,完整APDU
 逻辑地址：000000000002
 客户机地址：10
 帧头校验：6F38


11:35:20 082 发:687200c30502000000000010d4be900059850300500402000300202102000000100200000020020001011C07e904020000000105060000c35006000030d406000030d406000030d406000030d401050600009c400600002710060000271006000027100600002710000001000412345678d48d16[2025/4/4 1:36:58]


 01.【Afn = 90,安全响应】
 02.明文应用数据单元：850300500402000300202102000000100200000020020001011C07E904020000000105060000C35006000030D406000030D406000030D406000030D401050600009C4006000027100600002710060000271006000027100000
 03.【Afn = 85,读取一个记录型对象属性响应】
 04.服务器优先级：00
 05.日冻结，属性2：50040200
 06.CSD：3
 07.数据冻结时间，参数：20210200
 08.正向有功电能，总及费率电能量数组：00100200
 09.反向有功电能，总及费率电能量数组：00200200
 10.结果类型：数据1
 11.数据长度：1
 12.数据：2025-04-02 00:00:00
 13.数据：50000
 14.数据：12500
 15.数据：12500
 16.数据：12500
 17.数据：12500
 18.数据：40000
 19.数据：10000
 20.数据：10000
 21.数据：10000
 22.数据：10000
 23.跟随上报信息域：00
 24.时间标签：无
 25.MAC：12345678
 长度：114
 传输方向位：1,终端响应主站命令
 启动标志位：1,来自客户机
 分帧标志位：0,完整APDU
 逻辑地址：000000000002
 客户机地址：10
 帧头校验：D4BE


11:35:22 499 收:68550043050100000000001001901000310503005004020002202102001C07E904010001001C07E904020001005403000003002021020000001002000000200200000110412A207E956B52593216B10A33BEAF1BDE8716 [2025/4/4 1:37:00]


 01.【Afn = 10,安全请求】
 02.明文应用数据单元：0503005004020002202102001C07E904010001001C07E90402000100540300000300202102000000100200000020020000
 03.【Afn = 05,读取一个记录型对象属性】
 04.服务器优先级：00
 05.日冻结，属性2：50040200
 06.Selector02
 07.数据冻结时间，参数：20210200
 08.起始值：2025-04-01 00:01:00
 09.结束值：2025-04-02 00:01:00
 10.数据：0
 11.CSD：3
 12.数据冻结时间，参数：20210200
 13.正向有功电能，总及费率电能量数组：00100200
 14.反向有功电能，总及费率电能量数组：00200200
 15.时间标签：无
 16.随机数：412A207E956B52593216B10A33BEAF1B
 长度：85
 传输方向位：0,主站向终端下发命令
 启动标志位：1,来自客户机
 分帧标志位：0,完整APDU
 逻辑地址：000000000001
 客户机地址：10
 帧头校验：0190


11:35:22 500 发:687200c30501000000000010ba16900059850300500402000300202102000000100200000020020001011C07e904020000000105060000c35006000030d406000030d406000030d406000030d401050600009c400600002710060000271006000027100600002710000001000412345678d48d16[2025/4/4 1:37:00]


 01.【Afn = 90,安全响应】
 02.明文应用数据单元：850300500402000300202102000000100200000020020001011C07E904020000000105060000C35006000030D406000030D406000030D406000030D401050600009C4006000027100600002710060000271006000027100000
 03.【Afn = 85,读取一个记录型对象属性响应】
 04.服务器优先级：00
 05.日冻结，属性2：50040200
 06.CSD：3
 07.数据冻结时间，参数：20210200
 08.正向有功电能，总及费率电能量数组：00100200
 09.反向有功电能，总及费率电能量数组：00200200
 10.结果类型：数据1
 11.数据长度：1
 12.数据：2025-04-02 00:00:00
 13.数据：50000
 14.数据：12500
 15.数据：12500
 16.数据：12500
 17.数据：12500
 18.数据：40000
 19.数据：10000
 20.数据：10000
 21.数据：10000
 22.数据：10000
 23.跟随上报信息域：00
 24.时间标签：无
 25.MAC：12345678
 长度：114
 传输方向位：1,终端响应主站命令
 启动标志位：1,来自客户机
 分帧标志位：0,完整APDU
 逻辑地址：000000000001
 客户机地址：10
 帧头校验：BA16


11:35:23 565 收:68550043050100000000001001901000310503005004020002202102001C07E904010001001C07E904020001005403000003002021020000001002000000200200000110412A207E956B52593216B10A33BEAF1BDE8716 [2025/4/4 1:37:01]


 01.【Afn = 10,安全请求】
 02.明文应用数据单元：0503005004020002202102001C07E904010001001C07E90402000100540300000300202102000000100200000020020000
 03.【Afn = 05,读取一个记录型对象属性】
 04.服务器优先级：00
 05.日冻结，属性2：50040200
 06.Selector02
 07.数据冻结时间，参数：20210200
 08.起始值：2025-04-01 00:01:00
 09.结束值：2025-04-02 00:01:00
 10.数据：0
 11.CSD：3
 12.数据冻结时间，参数：20210200
 13.正向有功电能，总及费率电能量数组：00100200
 14.反向有功电能，总及费率电能量数组：00200200
 15.时间标签：无
 16.随机数：412A207E956B52593216B10A33BEAF1B
 长度：85
 传输方向位：0,主站向终端下发命令
 启动标志位：1,来自客户机
 分帧标志位：0,完整APDU
 逻辑地址：000000000001
 客户机地址：10
 帧头校验：0190


11:35:23 567 发:687200c30501000000000010ba16900059850300500402000300202102000000100200000020020001011C07e904020000000105060000c35006000030d406000030d406000030d406000030d401050600009c400600002710060000271006000027100600002710000001000412345678d48d16[2025/4/4 1:37:01]


 01.【Afn = 90,安全响应】
 02.明文应用数据单元：850300500402000300202102000000100200000020020001011C07E904020000000105060000C35006000030D406000030D406000030D406000030D401050600009C4006000027100600002710060000271006000027100000
 03.【Afn = 85,读取一个记录型对象属性响应】
 04.服务器优先级：00
 05.日冻结，属性2：50040200
 06.CSD：3
 07.数据冻结时间，参数：20210200
 08.正向有功电能，总及费率电能量数组：00100200
 09.反向有功电能，总及费率电能量数组：00200200
 10.结果类型：数据1
 11.数据长度：1
 12.数据：2025-04-02 00:00:00
 13.数据：50000
 14.数据：12500
 15.数据：12500
 16.数据：12500
 17.数据：12500
 18.数据：40000
 19.数据：10000
 20.数据：10000
 21.数据：10000
 22.数据：10000
 23.跟随上报信息域：00
 24.时间标签：无
 25.MAC：12345678
 长度：114
 传输方向位：1,终端响应主站命令
 启动标志位：1,来自客户机
 分帧标志位：0,完整APDU
 逻辑地址：000000000001
 客户机地址：10
 帧头校验：BA16


11:35:24 940 收:6855004305020000000000106F381000310503005004020002202102001C07E904010001001C07E904020001005403000003002021020000001002000000200200000110BADB73CC4D93D0515644323385D55FF8579216 [2025/4/4 1:37:03]


 01.【Afn = 10,安全请求】
 02.明文应用数据单元：0503005004020002202102001C07E904010001001C07E90402000100540300000300202102000000100200000020020000
 03.【Afn = 05,读取一个记录型对象属性】
 04.服务器优先级：00
 05.日冻结，属性2：50040200
 06.Selector02
 07.数据冻结时间，参数：20210200
 08.起始值：2025-04-01 00:01:00
 09.结束值：2025-04-02 00:01:00
 10.数据：0
 11.CSD：3
 12.数据冻结时间，参数：20210200
 13.正向有功电能，总及费率电能量数组：00100200
 14.反向有功电能，总及费率电能量数组：00200200
 15.时间标签：无
 16.随机数：BADB73CC4D93D0515644323385D55FF8
 长度：85
 传输方向位：0,主站向终端下发命令
 启动标志位：1,来自客户机
 分帧标志位：0,完整APDU
 逻辑地址：000000000002
 客户机地址：10
 帧头校验：6F38


11:35:24 940 发:687200c30502000000000010d4be900059850300500402000300202102000000100200000020020001011C07e904020000000105060000c35006000030d406000030d406000030d406000030d401050600009c400600002710060000271006000027100600002710000001000412345678d48d16[2025/4/4 1:37:03]


 01.【Afn = 90,安全响应】
 02.明文应用数据单元：850300500402000300202102000000100200000020020001011C07E904020000000105060000C35006000030D406000030D406000030D406000030D401050600009C4006000027100600002710060000271006000027100000
 03.【Afn = 85,读取一个记录型对象属性响应】
 04.服务器优先级：00
 05.日冻结，属性2：50040200
 06.CSD：3
 07.数据冻结时间，参数：20210200
 08.正向有功电能，总及费率电能量数组：00100200
 09.反向有功电能，总及费率电能量数组：00200200
 10.结果类型：数据1
 11.数据长度：1
 12.数据：2025-04-02 00:00:00
 13.数据：50000
 14.数据：12500
 15.数据：12500
 16.数据：12500
 17.数据：12500
 18.数据：40000
 19.数据：10000
 20.数据：10000
 21.数据：10000
 22.数据：10000
 23.跟随上报信息域：00
 24.时间标签：无
 25.MAC：12345678
 长度：114
 传输方向位：1,终端响应主站命令
 启动标志位：1,来自客户机
 分帧标志位：0,完整APDU
 逻辑地址：000000000002
 客户机地址：10
 帧头校验：D4BE


11:35:26 019 收:6855004305020000000000106F381000310503005004020002202102001C07E904010001001C07E904020001005403000003002021020000001002000000200200000110BADB73CC4D93D0515644323385D55FF8579216 [2025/4/4 1:37:04]


 01.【Afn = 10,安全请求】
 02.明文应用数据单元：0503005004020002202102001C07E904010001001C07E90402000100540300000300202102000000100200000020020000
 03.【Afn = 05,读取一个记录型对象属性】
 04.服务器优先级：00
 05.日冻结，属性2：50040200
 06.Selector02
 07.数据冻结时间，参数：20210200
 08.起始值：2025-04-01 00:01:00
 09.结束值：2025-04-02 00:01:00
 10.数据：0
 11.CSD：3
 12.数据冻结时间，参数：20210200
 13.正向有功电能，总及费率电能量数组：00100200
 14.反向有功电能，总及费率电能量数组：00200200
 15.时间标签：无
 16.随机数：BADB73CC4D93D0515644323385D55FF8
 长度：85
 传输方向位：0,主站向终端下发命令
 启动标志位：1,来自客户机
 分帧标志位：0,完整APDU
 逻辑地址：000000000002
 客户机地址：10
 帧头校验：6F38


11:35:26 020 发:687200c30502000000000010d4be900059850300500402000300202102000000100200000020020001011C07e904020000000105060000c35006000030d406000030d406000030d406000030d401050600009c400600002710060000271006000027100600002710000001000412345678d48d16[2025/4/4 1:37:04]


 01.【Afn = 90,安全响应】
 02.明文应用数据单元：850300500402000300202102000000100200000020020001011C07E904020000000105060000C35006000030D406000030D406000030D406000030D401050600009C4006000027100600002710060000271006000027100000
 03.【Afn = 85,读取一个记录型对象属性响应】
 04.服务器优先级：00
 05.日冻结，属性2：50040200
 06.CSD：3
 07.数据冻结时间，参数：20210200
 08.正向有功电能，总及费率电能量数组：00100200
 09.反向有功电能，总及费率电能量数组：00200200
 10.结果类型：数据1
 11.数据长度：1
 12.数据：2025-04-02 00:00:00
 13.数据：50000
 14.数据：12500
 15.数据：12500
 16.数据：12500
 17.数据：12500
 18.数据：40000
 19.数据：10000
 20.数据：10000
 21.数据：10000
 22.数据：10000
 23.跟随上报信息域：00
 24.时间标签：无
 25.MAC：12345678
 长度：114
 传输方向位：1,终端响应主站命令
 启动标志位：1,来自客户机
 分帧标志位：0,完整APDU
 逻辑地址：000000000002
 客户机地址：10
 帧头校验：D4BE


11:35:28 494 收:68550043050100000000001001901000310503005004020002202102001C07E904010001001C07E9040200010054030000030020210200000010020000002002000001109D8B916285A9CC7356EF48974E43844A93AD16 [2025/4/4 1:37:06]


 01.【Afn = 10,安全请求】
 02.明文应用数据单元：0503005004020002202102001C07E904010001001C07E90402000100540300000300202102000000100200000020020000
 03.【Afn = 05,读取一个记录型对象属性】
 04.服务器优先级：00
 05.日冻结，属性2：50040200
 06.Selector02
 07.数据冻结时间，参数：20210200
 08.起始值：2025-04-01 00:01:00
 09.结束值：2025-04-02 00:01:00
 10.数据：0
 11.CSD：3
 12.数据冻结时间，参数：20210200
 13.正向有功电能，总及费率电能量数组：00100200
 14.反向有功电能，总及费率电能量数组：00200200
 15.时间标签：无
 16.随机数：9D8B916285A9CC7356EF48974E43844A
 长度：85
 传输方向位：0,主站向终端下发命令
 启动标志位：1,来自客户机
 分帧标志位：0,完整APDU
 逻辑地址：000000000001
 客户机地址：10
 帧头校验：0190


11:35:28 495 发:687200c30501000000000010ba16900059850300500402000300202102000000100200000020020001011C07e904020000000105060000c35006000030d406000030d406000030d406000030d401050600009c400600002710060000271006000027100600002710000001000412345678d48d16[2025/4/4 1:37:06]


 01.【Afn = 90,安全响应】
 02.明文应用数据单元：850300500402000300202102000000100200000020020001011C07E904020000000105060000C35006000030D406000030D406000030D406000030D401050600009C4006000027100600002710060000271006000027100000
 03.【Afn = 85,读取一个记录型对象属性响应】
 04.服务器优先级：00
 05.日冻结，属性2：50040200
 06.CSD：3
 07.数据冻结时间，参数：20210200
 08.正向有功电能，总及费率电能量数组：00100200
 09.反向有功电能，总及费率电能量数组：00200200
 10.结果类型：数据1
 11.数据长度：1
 12.数据：2025-04-02 00:00:00
 13.数据：50000
 14.数据：12500
 15.数据：12500
 16.数据：12500
 17.数据：12500
 18.数据：40000
 19.数据：10000
 20.数据：10000
 21.数据：10000
 22.数据：10000
 23.跟随上报信息域：00
 24.时间标签：无
 25.MAC：12345678
 长度：114
 传输方向位：1,终端响应主站命令
 启动标志位：1,来自客户机
 分帧标志位：0,完整APDU
 逻辑地址：000000000001
 客户机地址：10
 帧头校验：BA16


11:35:29 612 收:68550043050100000000001001901000310503005004020002202102001C07E904010001001C07E9040200010054030000030020210200000010020000002002000001109D8B916285A9CC7356EF48974E43844A93AD16 [2025/4/4 1:37:07]


 01.【Afn = 10,安全请求】
 02.明文应用数据单元：0503005004020002202102001C07E904010001001C07E90402000100540300000300202102000000100200000020020000
 03.【Afn = 05,读取一个记录型对象属性】
 04.服务器优先级：00
 05.日冻结，属性2：50040200
 06.Selector02
 07.数据冻结时间，参数：20210200
 08.起始值：2025-04-01 00:01:00
 09.结束值：2025-04-02 00:01:00
 10.数据：0
 11.CSD：3
 12.数据冻结时间，参数：20210200
 13.正向有功电能，总及费率电能量数组：00100200
 14.反向有功电能，总及费率电能量数组：00200200
 15.时间标签：无
 16.随机数：9D8B916285A9CC7356EF48974E43844A
 长度：85
 传输方向位：0,主站向终端下发命令
 启动标志位：1,来自客户机
 分帧标志位：0,完整APDU
 逻辑地址：000000000001
 客户机地址：10
 帧头校验：0190


11:35:29 612 发:687200c30501000000000010ba16900059850300500402000300202102000000100200000020020001011C07e904020000000105060000c35006000030d406000030d406000030d406000030d401050600009c400600002710060000271006000027100600002710000001000412345678d48d16[2025/4/4 1:37:07]


 01.【Afn = 90,安全响应】
 02.明文应用数据单元：850300500402000300202102000000100200000020020001011C07E904020000000105060000C35006000030D406000030D406000030D406000030D401050600009C4006000027100600002710060000271006000027100000
 03.【Afn = 85,读取一个记录型对象属性响应】
 04.服务器优先级：00
 05.日冻结，属性2：50040200
 06.CSD：3
 07.数据冻结时间，参数：20210200
 08.正向有功电能，总及费率电能量数组：00100200
 09.反向有功电能，总及费率电能量数组：00200200
 10.结果类型：数据1
 11.数据长度：1
 12.数据：2025-04-02 00:00:00
 13.数据：50000
 14.数据：12500
 15.数据：12500
 16.数据：12500
 17.数据：12500
 18.数据：40000
 19.数据：10000
 20.数据：10000
 21.数据：10000
 22.数据：10000
 23.跟随上报信息域：00
 24.时间标签：无
 25.MAC：12345678
 长度：114
 传输方向位：1,终端响应主站命令
 启动标志位：1,来自客户机
 分帧标志位：0,完整APDU
 逻辑地址：000000000001
 客户机地址：10
 帧头校验：BA16


11:35:30 978 收:6855004305020000000000106F381000310503005004020002202102001C07E904010001001C07E904020001005403000003002021020000001002000000200200000110A92A194DDE63B59FE3598BDA9BC43188137C16 [2025/4/4 1:37:09]


 01.【Afn = 10,安全请求】
 02.明文应用数据单元：0503005004020002202102001C07E904010001001C07E90402000100540300000300202102000000100200000020020000
 03.【Afn = 05,读取一个记录型对象属性】
 04.服务器优先级：00
 05.日冻结，属性2：50040200
 06.Selector02
 07.数据冻结时间，参数：20210200
 08.起始值：2025-04-01 00:01:00
 09.结束值：2025-04-02 00:01:00
 10.数据：0
 11.CSD：3
 12.数据冻结时间，参数：20210200
 13.正向有功电能，总及费率电能量数组：00100200
 14.反向有功电能，总及费率电能量数组：00200200
 15.时间标签：无
 16.随机数：A92A194DDE63B59FE3598BDA9BC43188
 长度：85
 传输方向位：0,主站向终端下发命令
 启动标志位：1,来自客户机
 分帧标志位：0,完整APDU
 逻辑地址：000000000002
 客户机地址：10
 帧头校验：6F38


11:35:30 979 发:687200c30502000000000010d4be900059850300500402000300202102000000100200000020020001011C07e904020000000105060000c35006000030d406000030d406000030d406000030d401050600009c400600002710060000271006000027100600002710000001000412345678d48d16[2025/4/4 1:37:09]


 01.【Afn = 90,安全响应】
 02.明文应用数据单元：850300500402000300202102000000100200000020020001011C07E904020000000105060000C35006000030D406000030D406000030D406000030D401050600009C4006000027100600002710060000271006000027100000
 03.【Afn = 85,读取一个记录型对象属性响应】
 04.服务器优先级：00
 05.日冻结，属性2：50040200
 06.CSD：3
 07.数据冻结时间，参数：20210200
 08.正向有功电能，总及费率电能量数组：00100200
 09.反向有功电能，总及费率电能量数组：00200200
 10.结果类型：数据1
 11.数据长度：1
 12.数据：2025-04-02 00:00:00
 13.数据：50000
 14.数据：12500
 15.数据：12500
 16.数据：12500
 17.数据：12500
 18.数据：40000
 19.数据：10000
 20.数据：10000
 21.数据：10000
 22.数据：10000
 23.跟随上报信息域：00
 24.时间标签：无
 25.MAC：12345678
 长度：114
 传输方向位：1,终端响应主站命令
 启动标志位：1,来自客户机
 分帧标志位：0,完整APDU
 逻辑地址：000000000002
 客户机地址：10
 帧头校验：D4BE


11:35:32 044 收:6855004305020000000000106F381000310503005004020002202102001C07E904010001001C07E904020001005403000003002021020000001002000000200200000110A92A194DDE63B59FE3598BDA9BC43188137C16 [2025/4/4 1:37:10]


 01.【Afn = 10,安全请求】
 02.明文应用数据单元：0503005004020002202102001C07E904010001001C07E90402000100540300000300202102000000100200000020020000
 03.【Afn = 05,读取一个记录型对象属性】
 04.服务器优先级：00
 05.日冻结，属性2：50040200
 06.Selector02
 07.数据冻结时间，参数：20210200
 08.起始值：2025-04-01 00:01:00
 09.结束值：2025-04-02 00:01:00
 10.数据：0
 11.CSD：3
 12.数据冻结时间，参数：20210200
 13.正向有功电能，总及费率电能量数组：00100200
 14.反向有功电能，总及费率电能量数组：00200200
 15.时间标签：无
 16.随机数：A92A194DDE63B59FE3598BDA9BC43188
 长度：85
 传输方向位：0,主站向终端下发命令
 启动标志位：1,来自客户机
 分帧标志位：0,完整APDU
 逻辑地址：000000000002
 客户机地址：10
 帧头校验：6F38


11:35:32 051 发:687200c30502000000000010d4be900059850300500402000300202102000000100200000020020001011C07e904020000000105060000c35006000030d406000030d406000030d406000030d401050600009c400600002710060000271006000027100600002710000001000412345678d48d16[2025/4/4 1:37:10]


 01.【Afn = 90,安全响应】
 02.明文应用数据单元：850300500402000300202102000000100200000020020001011C07E904020000000105060000C35006000030D406000030D406000030D406000030D401050600009C4006000027100600002710060000271006000027100000
 03.【Afn = 85,读取一个记录型对象属性响应】
 04.服务器优先级：00
 05.日冻结，属性2：50040200
 06.CSD：3
 07.数据冻结时间，参数：20210200
 08.正向有功电能，总及费率电能量数组：00100200
 09.反向有功电能，总及费率电能量数组：00200200
 10.结果类型：数据1
 11.数据长度：1
 12.数据：2025-04-02 00:00:00
 13.数据：50000
 14.数据：12500
 15.数据：12500
 16.数据：12500
 17.数据：12500
 18.数据：40000
 19.数据：10000
 20.数据：10000
 21.数据：10000
 22.数据：10000
 23.跟随上报信息域：00
 24.时间标签：无
 25.MAC：12345678
 长度：114
 传输方向位：1,终端响应主站命令
 启动标志位：1,来自客户机
 分帧标志位：0,完整APDU
 逻辑地址：000000000002
 客户机地址：10
 帧头校验：D4BE


11:35:34 465 收:68550043050100000000001001901000310503005004020002202102001C07E904010001001C07E904020001005403000003002021020000001002000000200200000110CC827FF9C79EF44A7586F8EFB278049239B516 [2025/4/4 1:37:12]


 01.【Afn = 10,安全请求】
 02.明文应用数据单元：0503005004020002202102001C07E904010001001C07E90402000100540300000300202102000000100200000020020000
 03.【Afn = 05,读取一个记录型对象属性】
 04.服务器优先级：00
 05.日冻结，属性2：50040200
 06.Selector02
 07.数据冻结时间，参数：20210200
 08.起始值：2025-04-01 00:01:00
 09.结束值：2025-04-02 00:01:00
 10.数据：0
 11.CSD：3
 12.数据冻结时间，参数：20210200
 13.正向有功电能，总及费率电能量数组：00100200
 14.反向有功电能，总及费率电能量数组：00200200
 15.时间标签：无
 16.随机数：CC827FF9C79EF44A7586F8EFB2780492
 长度：85
 传输方向位：0,主站向终端下发命令
 启动标志位：1,来自客户机
 分帧标志位：0,完整APDU
 逻辑地址：000000000001
 客户机地址：10
 帧头校验：0190


11:35:34 467 发:687200c30501000000000010ba16900059850300500402000300202102000000100200000020020001011C07e904020000000105060000c35006000030d406000030d406000030d406000030d401050600009c400600002710060000271006000027100600002710000001000412345678d48d16[2025/4/4 1:37:12]


 01.【Afn = 90,安全响应】
 02.明文应用数据单元：850300500402000300202102000000100200000020020001011C07E904020000000105060000C35006000030D406000030D406000030D406000030D401050600009C4006000027100600002710060000271006000027100000
 03.【Afn = 85,读取一个记录型对象属性响应】
 04.服务器优先级：00
 05.日冻结，属性2：50040200
 06.CSD：3
 07.数据冻结时间，参数：20210200
 08.正向有功电能，总及费率电能量数组：00100200
 09.反向有功电能，总及费率电能量数组：00200200
 10.结果类型：数据1
 11.数据长度：1
 12.数据：2025-04-02 00:00:00
 13.数据：50000
 14.数据：12500
 15.数据：12500
 16.数据：12500
 17.数据：12500
 18.数据：40000
 19.数据：10000
 20.数据：10000
 21.数据：10000
 22.数据：10000
 23.跟随上报信息域：00
 24.时间标签：无
 25.MAC：12345678
 长度：114
 传输方向位：1,终端响应主站命令
 启动标志位：1,来自客户机
 分帧标志位：0,完整APDU
 逻辑地址：000000000001
 客户机地址：10
 帧头校验：BA16


11:35:35 594 收:68550043050100000000001001901000310503005004020002202102001C07E904010001001C07E904020001005403000003002021020000001002000000200200000110CC827FF9C79EF44A7586F8EFB278049239B516 [2025/4/4 1:37:13]


 01.【Afn = 10,安全请求】
 02.明文应用数据单元：0503005004020002202102001C07E904010001001C07E90402000100540300000300202102000000100200000020020000
 03.【Afn = 05,读取一个记录型对象属性】
 04.服务器优先级：00
 05.日冻结，属性2：50040200
 06.Selector02
 07.数据冻结时间，参数：20210200
 08.起始值：2025-04-01 00:01:00
 09.结束值：2025-04-02 00:01:00
 10.数据：0
 11.CSD：3
 12.数据冻结时间，参数：20210200
 13.正向有功电能，总及费率电能量数组：00100200
 14.反向有功电能，总及费率电能量数组：00200200
 15.时间标签：无
 16.随机数：CC827FF9C79EF44A7586F8EFB2780492
 长度：85
 传输方向位：0,主站向终端下发命令
 启动标志位：1,来自客户机
 分帧标志位：0,完整APDU
 逻辑地址：000000000001
 客户机地址：10
 帧头校验：0190


11:35:35 595 发:687200c30501000000000010ba16900059850300500402000300202102000000100200000020020001011C07e904020000000105060000c35006000030d406000030d406000030d406000030d401050600009c400600002710060000271006000027100600002710000001000412345678d48d16[2025/4/4 1:37:13]


 01.【Afn = 90,安全响应】
 02.明文应用数据单元：850300500402000300202102000000100200000020020001011C07E904020000000105060000C35006000030D406000030D406000030D406000030D401050600009C4006000027100600002710060000271006000027100000
 03.【Afn = 85,读取一个记录型对象属性响应】
 04.服务器优先级：00
 05.日冻结，属性2：50040200
 06.CSD：3
 07.数据冻结时间，参数：20210200
 08.正向有功电能，总及费率电能量数组：00100200
 09.反向有功电能，总及费率电能量数组：00200200
 10.结果类型：数据1
 11.数据长度：1
 12.数据：2025-04-02 00:00:00
 13.数据：50000
 14.数据：12500
 15.数据：12500
 16.数据：12500
 17.数据：12500
 18.数据：40000
 19.数据：10000
 20.数据：10000
 21.数据：10000
 22.数据：10000
 23.跟随上报信息域：00
 24.时间标签：无
 25.MAC：12345678
 长度：114
 传输方向位：1,终端响应主站命令
 启动标志位：1,来自客户机
 分帧标志位：0,完整APDU
 逻辑地址：000000000001
 客户机地址：10
 帧头校验：BA16


11:35:36 957 收:6855004305020000000000106F381000310503005004020002202102001C07E904010001001C07E9040200010054030000030020210200000010020000002002000001105591F5391E578F3EECB46A81C520F8F2AF3F16 [2025/4/4 1:37:15]


 01.【Afn = 10,安全请求】
 02.明文应用数据单元：0503005004020002202102001C07E904010001001C07E90402000100540300000300202102000000100200000020020000
 03.【Afn = 05,读取一个记录型对象属性】
 04.服务器优先级：00
 05.日冻结，属性2：50040200
 06.Selector02
 07.数据冻结时间，参数：20210200
 08.起始值：2025-04-01 00:01:00
 09.结束值：2025-04-02 00:01:00
 10.数据：0
 11.CSD：3
 12.数据冻结时间，参数：20210200
 13.正向有功电能，总及费率电能量数组：00100200
 14.反向有功电能，总及费率电能量数组：00200200
 15.时间标签：无
 16.随机数：5591F5391E578F3EECB46A81C520F8F2
 长度：85
 传输方向位：0,主站向终端下发命令
 启动标志位：1,来自客户机
 分帧标志位：0,完整APDU
 逻辑地址：000000000002
 客户机地址：10
 帧头校验：6F38


11:35:36 957 发:687200c30502000000000010d4be900059850300500402000300202102000000100200000020020001011C07e904020000000105060000c35006000030d406000030d406000030d406000030d401050600009c400600002710060000271006000027100600002710000001000412345678d48d16[2025/4/4 1:37:15]


 01.【Afn = 90,安全响应】
 02.明文应用数据单元：850300500402000300202102000000100200000020020001011C07E904020000000105060000C35006000030D406000030D406000030D406000030D401050600009C4006000027100600002710060000271006000027100000
 03.【Afn = 85,读取一个记录型对象属性响应】
 04.服务器优先级：00
 05.日冻结，属性2：50040200
 06.CSD：3
 07.数据冻结时间，参数：20210200
 08.正向有功电能，总及费率电能量数组：00100200
 09.反向有功电能，总及费率电能量数组：00200200
 10.结果类型：数据1
 11.数据长度：1
 12.数据：2025-04-02 00:00:00
 13.数据：50000
 14.数据：12500
 15.数据：12500
 16.数据：12500
 17.数据：12500
 18.数据：40000
 19.数据：10000
 20.数据：10000
 21.数据：10000
 22.数据：10000
 23.跟随上报信息域：00
 24.时间标签：无
 25.MAC：12345678
 长度：114
 传输方向位：1,终端响应主站命令
 启动标志位：1,来自客户机
 分帧标志位：0,完整APDU
 逻辑地址：000000000002
 客户机地址：10
 帧头校验：D4BE


11:35:38 024 收:6855004305020000000000106F381000310503005004020002202102001C07E904010001001C07E9040200010054030000030020210200000010020000002002000001105591F5391E578F3EECB46A81C520F8F2AF3F16 [2025/4/4 1:37:16]


 01.【Afn = 10,安全请求】
 02.明文应用数据单元：0503005004020002202102001C07E904010001001C07E90402000100540300000300202102000000100200000020020000
 03.【Afn = 05,读取一个记录型对象属性】
 04.服务器优先级：00
 05.日冻结，属性2：50040200
 06.Selector02
 07.数据冻结时间，参数：20210200
 08.起始值：2025-04-01 00:01:00
 09.结束值：2025-04-02 00:01:00
 10.数据：0
 11.CSD：3
 12.数据冻结时间，参数：20210200
 13.正向有功电能，总及费率电能量数组：00100200
 14.反向有功电能，总及费率电能量数组：00200200
 15.时间标签：无
 16.随机数：5591F5391E578F3EECB46A81C520F8F2
 长度：85
 传输方向位：0,主站向终端下发命令
 启动标志位：1,来自客户机
 分帧标志位：0,完整APDU
 逻辑地址：000000000002
 客户机地址：10
 帧头校验：6F38


11:35:38 026 发:687200c30502000000000010d4be900059850300500402000300202102000000100200000020020001011C07e904020000000105060000c35006000030d406000030d406000030d406000030d401050600009c400600002710060000271006000027100600002710000001000412345678d48d16[2025/4/4 1:37:16]


 01.【Afn = 90,安全响应】
 02.明文应用数据单元：850300500402000300202102000000100200000020020001011C07E904020000000105060000C35006000030D406000030D406000030D406000030D401050600009C4006000027100600002710060000271006000027100000
 03.【Afn = 85,读取一个记录型对象属性响应】
 04.服务器优先级：00
 05.日冻结，属性2：50040200
 06.CSD：3
 07.数据冻结时间，参数：20210200
 08.正向有功电能，总及费率电能量数组：00100200
 09.反向有功电能，总及费率电能量数组：00200200
 10.结果类型：数据1
 11.数据长度：1
 12.数据：2025-04-02 00:00:00
 13.数据：50000
 14.数据：12500
 15.数据：12500
 16.数据：12500
 17.数据：12500
 18.数据：40000
 19.数据：10000
 20.数据：10000
 21.数据：10000
 22.数据：10000
 23.跟随上报信息域：00
 24.时间标签：无
 25.MAC：12345678
 长度：114
 传输方向位：1,终端响应主站命令
 启动标志位：1,来自客户机
 分帧标志位：0,完整APDU
 逻辑地址：000000000002
 客户机地址：10
 帧头校验：D4BE


11:35:40 443 收:68550043050100000000001001901000310503005004020002202102001C07E904010001001C07E90402000100540300000300202102000000100200000020020000011056901205421D2D4DAF8BD6E7BB3AF1CCD59416 [2025/4/4 1:37:18]


 01.【Afn = 10,安全请求】
 02.明文应用数据单元：0503005004020002202102001C07E904010001001C07E90402000100540300000300202102000000100200000020020000
 03.【Afn = 05,读取一个记录型对象属性】
 04.服务器优先级：00
 05.日冻结，属性2：50040200
 06.Selector02
 07.数据冻结时间，参数：20210200
 08.起始值：2025-04-01 00:01:00
 09.结束值：2025-04-02 00:01:00
 10.数据：0
 11.CSD：3
 12.数据冻结时间，参数：20210200
 13.正向有功电能，总及费率电能量数组：00100200
 14.反向有功电能，总及费率电能量数组：00200200
 15.时间标签：无
 16.随机数：56901205421D2D4DAF8BD6E7BB3AF1CC
 长度：85
 传输方向位：0,主站向终端下发命令
 启动标志位：1,来自客户机
 分帧标志位：0,完整APDU
 逻辑地址：000000000001
 客户机地址：10
 帧头校验：0190


11:35:40 444 发:687200c30501000000000010ba16900059850300500402000300202102000000100200000020020001011C07e904020000000105060000c35006000030d406000030d406000030d406000030d401050600009c400600002710060000271006000027100600002710000001000412345678d48d16[2025/4/4 1:37:18]


 01.【Afn = 90,安全响应】
 02.明文应用数据单元：850300500402000300202102000000100200000020020001011C07E904020000000105060000C35006000030D406000030D406000030D406000030D401050600009C4006000027100600002710060000271006000027100000
 03.【Afn = 85,读取一个记录型对象属性响应】
 04.服务器优先级：00
 05.日冻结，属性2：50040200
 06.CSD：3
 07.数据冻结时间，参数：20210200
 08.正向有功电能，总及费率电能量数组：00100200
 09.反向有功电能，总及费率电能量数组：00200200
 10.结果类型：数据1
 11.数据长度：1
 12.数据：2025-04-02 00:00:00
 13.数据：50000
 14.数据：12500
 15.数据：12500
 16.数据：12500
 17.数据：12500
 18.数据：40000
 19.数据：10000
 20.数据：10000
 21.数据：10000
 22.数据：10000
 23.跟随上报信息域：00
 24.时间标签：无
 25.MAC：12345678
 长度：114
 传输方向位：1,终端响应主站命令
 启动标志位：1,来自客户机
 分帧标志位：0,完整APDU
 逻辑地址：000000000001
 客户机地址：10
 帧头校验：BA16


11:35:41 508 收:68550043050100000000001001901000310503005004020002202102001C07E904010001001C07E90402000100540300000300202102000000100200000020020000011056901205421D2D4DAF8BD6E7BB3AF1CCD59416 [2025/4/4 1:37:19]


 01.【Afn = 10,安全请求】
 02.明文应用数据单元：0503005004020002202102001C07E904010001001C07E90402000100540300000300202102000000100200000020020000
 03.【Afn = 05,读取一个记录型对象属性】
 04.服务器优先级：00
 05.日冻结，属性2：50040200
 06.Selector02
 07.数据冻结时间，参数：20210200
 08.起始值：2025-04-01 00:01:00
 09.结束值：2025-04-02 00:01:00
 10.数据：0
 11.CSD：3
 12.数据冻结时间，参数：20210200
 13.正向有功电能，总及费率电能量数组：00100200
 14.反向有功电能，总及费率电能量数组：00200200
 15.时间标签：无
 16.随机数：56901205421D2D4DAF8BD6E7BB3AF1CC
 长度：85
 传输方向位：0,主站向终端下发命令
 启动标志位：1,来自客户机
 分帧标志位：0,完整APDU
 逻辑地址：000000000001
 客户机地址：10
 帧头校验：0190


11:35:41 509 发:687200c30501000000000010ba16900059850300500402000300202102000000100200000020020001011C07e904020000000105060000c35006000030d406000030d406000030d406000030d401050600009c400600002710060000271006000027100600002710000001000412345678d48d16[2025/4/4 1:37:19]


 01.【Afn = 90,安全响应】
 02.明文应用数据单元：850300500402000300202102000000100200000020020001011C07E904020000000105060000C35006000030D406000030D406000030D406000030D401050600009C4006000027100600002710060000271006000027100000
 03.【Afn = 85,读取一个记录型对象属性响应】
 04.服务器优先级：00
 05.日冻结，属性2：50040200
 06.CSD：3
 07.数据冻结时间，参数：20210200
 08.正向有功电能，总及费率电能量数组：00100200
 09.反向有功电能，总及费率电能量数组：00200200
 10.结果类型：数据1
 11.数据长度：1
 12.数据：2025-04-02 00:00:00
 13.数据：50000
 14.数据：12500
 15.数据：12500
 16.数据：12500
 17.数据：12500
 18.数据：40000
 19.数据：10000
 20.数据：10000
 21.数据：10000
 22.数据：10000
 23.跟随上报信息域：00
 24.时间标签：无
 25.MAC：12345678
 长度：114
 传输方向位：1,终端响应主站命令
 启动标志位：1,来自客户机
 分帧标志位：0,完整APDU
 逻辑地址：000000000001
 客户机地址：10
 帧头校验：BA16


11:35:42 882 收:6855004305020000000000106F381000310503005004020002202102001C07E904010001001C07E9040200010054030000030020210200000010020000002002000001103BEA10F09F0F1703CF6558D959389D54C07216 [2025/4/4 1:37:21]


 01.【Afn = 10,安全请求】
 02.明文应用数据单元：0503005004020002202102001C07E904010001001C07E90402000100540300000300202102000000100200000020020000
 03.【Afn = 05,读取一个记录型对象属性】
 04.服务器优先级：00
 05.日冻结，属性2：50040200
 06.Selector02
 07.数据冻结时间，参数：20210200
 08.起始值：2025-04-01 00:01:00
 09.结束值：2025-04-02 00:01:00
 10.数据：0
 11.CSD：3
 12.数据冻结时间，参数：20210200
 13.正向有功电能，总及费率电能量数组：00100200
 14.反向有功电能，总及费率电能量数组：00200200
 15.时间标签：无
 16.随机数：3BEA10F09F0F1703CF6558D959389D54
 长度：85
 传输方向位：0,主站向终端下发命令
 启动标志位：1,来自客户机
 分帧标志位：0,完整APDU
 逻辑地址：000000000002
 客户机地址：10
 帧头校验：6F38


11:35:42 883 发:687200c30502000000000010d4be900059850300500402000300202102000000100200000020020001011C07e904020000000105060000c35006000030d406000030d406000030d406000030d401050600009c400600002710060000271006000027100600002710000001000412345678d48d16[2025/4/4 1:37:21]


 01.【Afn = 90,安全响应】
 02.明文应用数据单元：850300500402000300202102000000100200000020020001011C07E904020000000105060000C35006000030D406000030D406000030D406000030D401050600009C4006000027100600002710060000271006000027100000
 03.【Afn = 85,读取一个记录型对象属性响应】
 04.服务器优先级：00
 05.日冻结，属性2：50040200
 06.CSD：3
 07.数据冻结时间，参数：20210200
 08.正向有功电能，总及费率电能量数组：00100200
 09.反向有功电能，总及费率电能量数组：00200200
 10.结果类型：数据1
 11.数据长度：1
 12.数据：2025-04-02 00:00:00
 13.数据：50000
 14.数据：12500
 15.数据：12500
 16.数据：12500
 17.数据：12500
 18.数据：40000
 19.数据：10000
 20.数据：10000
 21.数据：10000
 22.数据：10000
 23.跟随上报信息域：00
 24.时间标签：无
 25.MAC：12345678
 长度：114
 传输方向位：1,终端响应主站命令
 启动标志位：1,来自客户机
 分帧标志位：0,完整APDU
 逻辑地址：000000000002
 客户机地址：10
 帧头校验：D4BE


11:35:43 942 收:6855004305020000000000106F381000310503005004020002202102001C07E904010001001C07E9040200010054030000030020210200000010020000002002000001103BEA10F09F0F1703CF6558D959389D54C07216 [2025/4/4 1:37:22]


 01.【Afn = 10,安全请求】
 02.明文应用数据单元：0503005004020002202102001C07E904010001001C07E90402000100540300000300202102000000100200000020020000
 03.【Afn = 05,读取一个记录型对象属性】
 04.服务器优先级：00
 05.日冻结，属性2：50040200
 06.Selector02
 07.数据冻结时间，参数：20210200
 08.起始值：2025-04-01 00:01:00
 09.结束值：2025-04-02 00:01:00
 10.数据：0
 11.CSD：3
 12.数据冻结时间，参数：20210200
 13.正向有功电能，总及费率电能量数组：00100200
 14.反向有功电能，总及费率电能量数组：00200200
 15.时间标签：无
 16.随机数：3BEA10F09F0F1703CF6558D959389D54
 长度：85
 传输方向位：0,主站向终端下发命令
 启动标志位：1,来自客户机
 分帧标志位：0,完整APDU
 逻辑地址：000000000002
 客户机地址：10
 帧头校验：6F38


11:35:43 944 发:687200c30502000000000010d4be900059850300500402000300202102000000100200000020020001011C07e904020000000105060000c35006000030d406000030d406000030d406000030d401050600009c400600002710060000271006000027100600002710000001000412345678d48d16[2025/4/4 1:37:22]


 01.【Afn = 90,安全响应】
 02.明文应用数据单元：850300500402000300202102000000100200000020020001011C07E904020000000105060000C35006000030D406000030D406000030D406000030D401050600009C4006000027100600002710060000271006000027100000
 03.【Afn = 85,读取一个记录型对象属性响应】
 04.服务器优先级：00
 05.日冻结，属性2：50040200
 06.CSD：3
 07.数据冻结时间，参数：20210200
 08.正向有功电能，总及费率电能量数组：00100200
 09.反向有功电能，总及费率电能量数组：00200200
 10.结果类型：数据1
 11.数据长度：1
 12.数据：2025-04-02 00:00:00
 13.数据：50000
 14.数据：12500
 15.数据：12500
 16.数据：12500
 17.数据：12500
 18.数据：40000
 19.数据：10000
 20.数据：10000
 21.数据：10000
 22.数据：10000
 23.跟随上报信息域：00
 24.时间标签：无
 25.MAC：12345678
 长度：114
 传输方向位：1,终端响应主站命令
 启动标志位：1,来自客户机
 分帧标志位：0,完整APDU
 逻辑地址：000000000002
 客户机地址：10
 帧头校验：D4BE


11:35:46 362 收:68550043050100000000001001901000310503005004020002202102001C07E904010001001C07E9040200010054030000030020210200000010020000002002000001101BFE8B71C08896A9940543FAA71BAD0BB7EB16 [2025/4/4 1:37:24]


 01.【Afn = 10,安全请求】
 02.明文应用数据单元：0503005004020002202102001C07E904010001001C07E90402000100540300000300202102000000100200000020020000
 03.【Afn = 05,读取一个记录型对象属性】
 04.服务器优先级：00
 05.日冻结，属性2：50040200
 06.Selector02
 07.数据冻结时间，参数：20210200
 08.起始值：2025-04-01 00:01:00
 09.结束值：2025-04-02 00:01:00
 10.数据：0
 11.CSD：3
 12.数据冻结时间，参数：20210200
 13.正向有功电能，总及费率电能量数组：00100200
 14.反向有功电能，总及费率电能量数组：00200200
 15.时间标签：无
 16.随机数：1BFE8B71C08896A9940543FAA71BAD0B
 长度：85
 传输方向位：0,主站向终端下发命令
 启动标志位：1,来自客户机
 分帧标志位：0,完整APDU
 逻辑地址：000000000001
 客户机地址：10
 帧头校验：0190


11:35:46 362 发:687200c30501000000000010ba16900059850300500402000300202102000000100200000020020001011C07e904020000000105060000c35006000030d406000030d406000030d406000030d401050600009c400600002710060000271006000027100600002710000001000412345678d48d16[2025/4/4 1:37:24]


 01.【Afn = 90,安全响应】
 02.明文应用数据单元：850300500402000300202102000000100200000020020001011C07E904020000000105060000C35006000030D406000030D406000030D406000030D401050600009C4006000027100600002710060000271006000027100000
 03.【Afn = 85,读取一个记录型对象属性响应】
 04.服务器优先级：00
 05.日冻结，属性2：50040200
 06.CSD：3
 07.数据冻结时间，参数：20210200
 08.正向有功电能，总及费率电能量数组：00100200
 09.反向有功电能，总及费率电能量数组：00200200
 10.结果类型：数据1
 11.数据长度：1
 12.数据：2025-04-02 00:00:00
 13.数据：50000
 14.数据：12500
 15.数据：12500
 16.数据：12500
 17.数据：12500
 18.数据：40000
 19.数据：10000
 20.数据：10000
 21.数据：10000
 22.数据：10000
 23.跟随上报信息域：00
 24.时间标签：无
 25.MAC：12345678
 长度：114
 传输方向位：1,终端响应主站命令
 启动标志位：1,来自客户机
 分帧标志位：0,完整APDU
 逻辑地址：000000000001
 客户机地址：10
 帧头校验：BA16


11:35:47 427 收:68550043050100000000001001901000310503005004020002202102001C07E904010001001C07E9040200010054030000030020210200000010020000002002000001101BFE8B71C08896A9940543FAA71BAD0BB7EB16 [2025/4/4 1:37:25]


 01.【Afn = 10,安全请求】
 02.明文应用数据单元：0503005004020002202102001C07E904010001001C07E90402000100540300000300202102000000100200000020020000
 03.【Afn = 05,读取一个记录型对象属性】
 04.服务器优先级：00
 05.日冻结，属性2：50040200
 06.Selector02
 07.数据冻结时间，参数：20210200
 08.起始值：2025-04-01 00:01:00
 09.结束值：2025-04-02 00:01:00
 10.数据：0
 11.CSD：3
 12.数据冻结时间，参数：20210200
 13.正向有功电能，总及费率电能量数组：00100200
 14.反向有功电能，总及费率电能量数组：00200200
 15.时间标签：无
 16.随机数：1BFE8B71C08896A9940543FAA71BAD0B
 长度：85
 传输方向位：0,主站向终端下发命令
 启动标志位：1,来自客户机
 分帧标志位：0,完整APDU
 逻辑地址：000000000001
 客户机地址：10
 帧头校验：0190


11:35:47 428 发:687200c30501000000000010ba16900059850300500402000300202102000000100200000020020001011C07e904020000000105060000c35006000030d406000030d406000030d406000030d401050600009c400600002710060000271006000027100600002710000001000412345678d48d16[2025/4/4 1:37:25]


 01.【Afn = 90,安全响应】
 02.明文应用数据单元：850300500402000300202102000000100200000020020001011C07E904020000000105060000C35006000030D406000030D406000030D406000030D401050600009C4006000027100600002710060000271006000027100000
 03.【Afn = 85,读取一个记录型对象属性响应】
 04.服务器优先级：00
 05.日冻结，属性2：50040200
 06.CSD：3
 07.数据冻结时间，参数：20210200
 08.正向有功电能，总及费率电能量数组：00100200
 09.反向有功电能，总及费率电能量数组：00200200
 10.结果类型：数据1
 11.数据长度：1
 12.数据：2025-04-02 00:00:00
 13.数据：50000
 14.数据：12500
 15.数据：12500
 16.数据：12500
 17.数据：12500
 18.数据：40000
 19.数据：10000
 20.数据：10000
 21.数据：10000
 22.数据：10000
 23.跟随上报信息域：00
 24.时间标签：无
 25.MAC：12345678
 长度：114
 传输方向位：1,终端响应主站命令
 启动标志位：1,来自客户机
 分帧标志位：0,完整APDU
 逻辑地址：000000000001
 客户机地址：10
 帧头校验：BA16


11:35:48 794 收:6855004305020000000000106F381000310503005004020002202102001C07E904010001001C07E90402000100540300000300202102000000100200000020020000011027D61DC2F18D25D2CAA2BB81C0DA6C6E4CA516 [2025/4/4 1:37:26]


 01.【Afn = 10,安全请求】
 02.明文应用数据单元：0503005004020002202102001C07E904010001001C07E90402000100540300000300202102000000100200000020020000
 03.【Afn = 05,读取一个记录型对象属性】
 04.服务器优先级：00
 05.日冻结，属性2：50040200
 06.Selector02
 07.数据冻结时间，参数：20210200
 08.起始值：2025-04-01 00:01:00
 09.结束值：2025-04-02 00:01:00
 10.数据：0
 11.CSD：3
 12.数据冻结时间，参数：20210200
 13.正向有功电能，总及费率电能量数组：00100200
 14.反向有功电能，总及费率电能量数组：00200200
 15.时间标签：无
 16.随机数：27D61DC2F18D25D2CAA2BB81C0DA6C6E
 长度：85
 传输方向位：0,主站向终端下发命令
 启动标志位：1,来自客户机
 分帧标志位：0,完整APDU
 逻辑地址：000000000002
 客户机地址：10
 帧头校验：6F38


11:35:48 796 发:687200c30502000000000010d4be900059850300500402000300202102000000100200000020020001011C07e904020000000105060000c35006000030d406000030d406000030d406000030d401050600009c400600002710060000271006000027100600002710000001000412345678d48d16[2025/4/4 1:37:26]


 01.【Afn = 90,安全响应】
 02.明文应用数据单元：850300500402000300202102000000100200000020020001011C07E904020000000105060000C35006000030D406000030D406000030D406000030D401050600009C4006000027100600002710060000271006000027100000
 03.【Afn = 85,读取一个记录型对象属性响应】
 04.服务器优先级：00
 05.日冻结，属性2：50040200
 06.CSD：3
 07.数据冻结时间，参数：20210200
 08.正向有功电能，总及费率电能量数组：00100200
 09.反向有功电能，总及费率电能量数组：00200200
 10.结果类型：数据1
 11.数据长度：1
 12.数据：2025-04-02 00:00:00
 13.数据：50000
 14.数据：12500
 15.数据：12500
 16.数据：12500
 17.数据：12500
 18.数据：40000
 19.数据：10000
 20.数据：10000
 21.数据：10000
 22.数据：10000
 23.跟随上报信息域：00
 24.时间标签：无
 25.MAC：12345678
 长度：114
 传输方向位：1,终端响应主站命令
 启动标志位：1,来自客户机
 分帧标志位：0,完整APDU
 逻辑地址：000000000002
 客户机地址：10
 帧头校验：D4BE


11:35:49 861 收:6855004305020000000000106F381000310503005004020002202102001C07E904010001001C07E90402000100540300000300202102000000100200000020020000011027D61DC2F18D25D2CAA2BB81C0DA6C6E4CA516 [2025/4/4 1:37:28]


 01.【Afn = 10,安全请求】
 02.明文应用数据单元：0503005004020002202102001C07E904010001001C07E90402000100540300000300202102000000100200000020020000
 03.【Afn = 05,读取一个记录型对象属性】
 04.服务器优先级：00
 05.日冻结，属性2：50040200
 06.Selector02
 07.数据冻结时间，参数：20210200
 08.起始值：2025-04-01 00:01:00
 09.结束值：2025-04-02 00:01:00
 10.数据：0
 11.CSD：3
 12.数据冻结时间，参数：20210200
 13.正向有功电能，总及费率电能量数组：00100200
 14.反向有功电能，总及费率电能量数组：00200200
 15.时间标签：无
 16.随机数：27D61DC2F18D25D2CAA2BB81C0DA6C6E
 长度：85
 传输方向位：0,主站向终端下发命令
 启动标志位：1,来自客户机
 分帧标志位：0,完整APDU
 逻辑地址：000000000002
 客户机地址：10
 帧头校验：6F38


11:35:49 863 发:687200c30502000000000010d4be900059850300500402000300202102000000100200000020020001011C07e904020000000105060000c35006000030d406000030d406000030d406000030d401050600009c400600002710060000271006000027100600002710000001000412345678d48d16[2025/4/4 1:37:28]


 01.【Afn = 90,安全响应】
 02.明文应用数据单元：850300500402000300202102000000100200000020020001011C07E904020000000105060000C35006000030D406000030D406000030D406000030D401050600009C4006000027100600002710060000271006000027100000
 03.【Afn = 85,读取一个记录型对象属性响应】
 04.服务器优先级：00
 05.日冻结，属性2：50040200
 06.CSD：3
 07.数据冻结时间，参数：20210200
 08.正向有功电能，总及费率电能量数组：00100200
 09.反向有功电能，总及费率电能量数组：00200200
 10.结果类型：数据1
 11.数据长度：1
 12.数据：2025-04-02 00:00:00
 13.数据：50000
 14.数据：12500
 15.数据：12500
 16.数据：12500
 17.数据：12500
 18.数据：40000
 19.数据：10000
 20.数据：10000
 21.数据：10000
 22.数据：10000
 23.跟随上报信息域：00
 24.时间标签：无
 25.MAC：12345678
 长度：114
 传输方向位：1,终端响应主站命令
 启动标志位：1,来自客户机
 分帧标志位：0,完整APDU
 逻辑地址：000000000002
 客户机地址：10
 帧头校验：D4BE


11:35:52 280 收:68550043050100000000001001901000310503005004020002202102001C07E904010001001C07E904020001005403000003002021020000001002000000200200000110F0A0B60E237532EFB6126F2738754803ADD816 [2025/4/4 1:37:30]


 01.【Afn = 10,安全请求】
 02.明文应用数据单元：0503005004020002202102001C07E904010001001C07E90402000100540300000300202102000000100200000020020000
 03.【Afn = 05,读取一个记录型对象属性】
 04.服务器优先级：00
 05.日冻结，属性2：50040200
 06.Selector02
 07.数据冻结时间，参数：20210200
 08.起始值：2025-04-01 00:01:00
 09.结束值：2025-04-02 00:01:00
 10.数据：0
 11.CSD：3
 12.数据冻结时间，参数：20210200
 13.正向有功电能，总及费率电能量数组：00100200
 14.反向有功电能，总及费率电能量数组：00200200
 15.时间标签：无
 16.随机数：F0A0B60E237532EFB6126F2738754803
 长度：85
 传输方向位：0,主站向终端下发命令
 启动标志位：1,来自客户机
 分帧标志位：0,完整APDU
 逻辑地址：000000000001
 客户机地址：10
 帧头校验：0190


11:35:52 281 发:687200c30501000000000010ba16900059850300500402000300202102000000100200000020020001011C07e904020000000105060000c35006000030d406000030d406000030d406000030d401050600009c400600002710060000271006000027100600002710000001000412345678d48d16[2025/4/4 1:37:30]


 01.【Afn = 90,安全响应】
 02.明文应用数据单元：850300500402000300202102000000100200000020020001011C07E904020000000105060000C35006000030D406000030D406000030D406000030D401050600009C4006000027100600002710060000271006000027100000
 03.【Afn = 85,读取一个记录型对象属性响应】
 04.服务器优先级：00
 05.日冻结，属性2：50040200
 06.CSD：3
 07.数据冻结时间，参数：20210200
 08.正向有功电能，总及费率电能量数组：00100200
 09.反向有功电能，总及费率电能量数组：00200200
 10.结果类型：数据1
 11.数据长度：1
 12.数据：2025-04-02 00:00:00
 13.数据：50000
 14.数据：12500
 15.数据：12500
 16.数据：12500
 17.数据：12500
 18.数据：40000
 19.数据：10000
 20.数据：10000
 21.数据：10000
 22.数据：10000
 23.跟随上报信息域：00
 24.时间标签：无
 25.MAC：12345678
 长度：114
 传输方向位：1,终端响应主站命令
 启动标志位：1,来自客户机
 分帧标志位：0,完整APDU
 逻辑地址：000000000001
 客户机地址：10
 帧头校验：BA16


11:35:53 347 收:68550043050100000000001001901000310503005004020002202102001C07E904010001001C07E904020001005403000003002021020000001002000000200200000110F0A0B60E237532EFB6126F2738754803ADD816 [2025/4/4 1:37:31]


 01.【Afn = 10,安全请求】
 02.明文应用数据单元：0503005004020002202102001C07E904010001001C07E90402000100540300000300202102000000100200000020020000
 03.【Afn = 05,读取一个记录型对象属性】
 04.服务器优先级：00
 05.日冻结，属性2：50040200
 06.Selector02
 07.数据冻结时间，参数：20210200
 08.起始值：2025-04-01 00:01:00
 09.结束值：2025-04-02 00:01:00
 10.数据：0
 11.CSD：3
 12.数据冻结时间，参数：20210200
 13.正向有功电能，总及费率电能量数组：00100200
 14.反向有功电能，总及费率电能量数组：00200200
 15.时间标签：无
 16.随机数：F0A0B60E237532EFB6126F2738754803
 长度：85
 传输方向位：0,主站向终端下发命令
 启动标志位：1,来自客户机
 分帧标志位：0,完整APDU
 逻辑地址：000000000001
 客户机地址：10
 帧头校验：0190


11:35:53 348 发:687200c30501000000000010ba16900059850300500402000300202102000000100200000020020001011C07e904020000000105060000c35006000030d406000030d406000030d406000030d401050600009c400600002710060000271006000027100600002710000001000412345678d48d16[2025/4/4 1:37:31]


 01.【Afn = 90,安全响应】
 02.明文应用数据单元：850300500402000300202102000000100200000020020001011C07E904020000000105060000C35006000030D406000030D406000030D406000030D401050600009C4006000027100600002710060000271006000027100000
 03.【Afn = 85,读取一个记录型对象属性响应】
 04.服务器优先级：00
 05.日冻结，属性2：50040200
 06.CSD：3
 07.数据冻结时间，参数：20210200
 08.正向有功电能，总及费率电能量数组：00100200
 09.反向有功电能，总及费率电能量数组：00200200
 10.结果类型：数据1
 11.数据长度：1
 12.数据：2025-04-02 00:00:00
 13.数据：50000
 14.数据：12500
 15.数据：12500
 16.数据：12500
 17.数据：12500
 18.数据：40000
 19.数据：10000
 20.数据：10000
 21.数据：10000
 22.数据：10000
 23.跟随上报信息域：00
 24.时间标签：无
 25.MAC：12345678
 长度：114
 传输方向位：1,终端响应主站命令
 启动标志位：1,来自客户机
 分帧标志位：0,完整APDU
 逻辑地址：000000000001
 客户机地址：10
 帧头校验：BA16


11:35:54 714 收:6855004305020000000000106F381000310503005004020002202102001C07E904010001001C07E904020001005403000003002021020000001002000000200200000110C411560036E500D5F9156CC0B673D51D0E6F16 [2025/4/4 1:37:32]


 01.【Afn = 10,安全请求】
 02.明文应用数据单元：0503005004020002202102001C07E904010001001C07E90402000100540300000300202102000000100200000020020000
 03.【Afn = 05,读取一个记录型对象属性】
 04.服务器优先级：00
 05.日冻结，属性2：50040200
 06.Selector02
 07.数据冻结时间，参数：20210200
 08.起始值：2025-04-01 00:01:00
 09.结束值：2025-04-02 00:01:00
 10.数据：0
 11.CSD：3
 12.数据冻结时间，参数：20210200
 13.正向有功电能，总及费率电能量数组：00100200
 14.反向有功电能，总及费率电能量数组：00200200
 15.时间标签：无
 16.随机数：C411560036E500D5F9156CC0B673D51D
 长度：85
 传输方向位：0,主站向终端下发命令
 启动标志位：1,来自客户机
 分帧标志位：0,完整APDU
 逻辑地址：000000000002
 客户机地址：10
 帧头校验：6F38


11:35:54 715 发:687200c30502000000000010d4be900059850300500402000300202102000000100200000020020001011C07e904020000000105060000c35006000030d406000030d406000030d406000030d401050600009c400600002710060000271006000027100600002710000001000412345678d48d16[2025/4/4 1:37:32]


 01.【Afn = 90,安全响应】
 02.明文应用数据单元：850300500402000300202102000000100200000020020001011C07E904020000000105060000C35006000030D406000030D406000030D406000030D401050600009C4006000027100600002710060000271006000027100000
 03.【Afn = 85,读取一个记录型对象属性响应】
 04.服务器优先级：00
 05.日冻结，属性2：50040200
 06.CSD：3
 07.数据冻结时间，参数：20210200
 08.正向有功电能，总及费率电能量数组：00100200
 09.反向有功电能，总及费率电能量数组：00200200
 10.结果类型：数据1
 11.数据长度：1
 12.数据：2025-04-02 00:00:00
 13.数据：50000
 14.数据：12500
 15.数据：12500
 16.数据：12500
 17.数据：12500
 18.数据：40000
 19.数据：10000
 20.数据：10000
 21.数据：10000
 22.数据：10000
 23.跟随上报信息域：00
 24.时间标签：无
 25.MAC：12345678
 长度：114
 传输方向位：1,终端响应主站命令
 启动标志位：1,来自客户机
 分帧标志位：0,完整APDU
 逻辑地址：000000000002
 客户机地址：10
 帧头校验：D4BE


11:35:55 789 收:6855004305020000000000106F381000310503005004020002202102001C07E904010001001C07E904020001005403000003002021020000001002000000200200000110C411560036E500D5F9156CC0B673D51D0E6F16 [2025/4/4 1:37:33]


 01.【Afn = 10,安全请求】
 02.明文应用数据单元：0503005004020002202102001C07E904010001001C07E90402000100540300000300202102000000100200000020020000
 03.【Afn = 05,读取一个记录型对象属性】
 04.服务器优先级：00
 05.日冻结，属性2：50040200
 06.Selector02
 07.数据冻结时间，参数：20210200
 08.起始值：2025-04-01 00:01:00
 09.结束值：2025-04-02 00:01:00
 10.数据：0
 11.CSD：3
 12.数据冻结时间，参数：20210200
 13.正向有功电能，总及费率电能量数组：00100200
 14.反向有功电能，总及费率电能量数组：00200200
 15.时间标签：无
 16.随机数：C411560036E500D5F9156CC0B673D51D
 长度：85
 传输方向位：0,主站向终端下发命令
 启动标志位：1,来自客户机
 分帧标志位：0,完整APDU
 逻辑地址：000000000002
 客户机地址：10
 帧头校验：6F38


11:35:55 790 发:687200c30502000000000010d4be900059850300500402000300202102000000100200000020020001011C07e904020000000105060000c35006000030d406000030d406000030d406000030d401050600009c400600002710060000271006000027100600002710000001000412345678d48d16[2025/4/4 1:37:33]


 01.【Afn = 90,安全响应】
 02.明文应用数据单元：850300500402000300202102000000100200000020020001011C07E904020000000105060000C35006000030D406000030D406000030D406000030D401050600009C4006000027100600002710060000271006000027100000
 03.【Afn = 85,读取一个记录型对象属性响应】
 04.服务器优先级：00
 05.日冻结，属性2：50040200
 06.CSD：3
 07.数据冻结时间，参数：20210200
 08.正向有功电能，总及费率电能量数组：00100200
 09.反向有功电能，总及费率电能量数组：00200200
 10.结果类型：数据1
 11.数据长度：1
 12.数据：2025-04-02 00:00:00
 13.数据：50000
 14.数据：12500
 15.数据：12500
 16.数据：12500
 17.数据：12500
 18.数据：40000
 19.数据：10000
 20.数据：10000
 21.数据：10000
 22.数据：10000
 23.跟随上报信息域：00
 24.时间标签：无
 25.MAC：12345678
 长度：114
 传输方向位：1,终端响应主站命令
 启动标志位：1,来自客户机
 分帧标志位：0,完整APDU
 逻辑地址：000000000002
 客户机地址：10
 帧头校验：D4BE


11:35:58 213 收:68550043050100000000001001901000310503005004020002202102001C07E904010001001C07E90402000100540300000300202102000000100200000020020000011091185325B0EEAC474129D7D0EB7FE0C4621F16 [2025/4/4 1:37:36]


 01.【Afn = 10,安全请求】
 02.明文应用数据单元：0503005004020002202102001C07E904010001001C07E90402000100540300000300202102000000100200000020020000
 03.【Afn = 05,读取一个记录型对象属性】
 04.服务器优先级：00
 05.日冻结，属性2：50040200
 06.Selector02
 07.数据冻结时间，参数：20210200
 08.起始值：2025-04-01 00:01:00
 09.结束值：2025-04-02 00:01:00
 10.数据：0
 11.CSD：3
 12.数据冻结时间，参数：20210200
 13.正向有功电能，总及费率电能量数组：00100200
 14.反向有功电能，总及费率电能量数组：00200200
 15.时间标签：无
 16.随机数：91185325B0EEAC474129D7D0EB7FE0C4
 长度：85
 传输方向位：0,主站向终端下发命令
 启动标志位：1,来自客户机
 分帧标志位：0,完整APDU
 逻辑地址：000000000001
 客户机地址：10
 帧头校验：0190


11:35:58 214 发:687200c30501000000000010ba16900059850300500402000300202102000000100200000020020001011C07e904020000000105060000c35006000030d406000030d406000030d406000030d401050600009c400600002710060000271006000027100600002710000001000412345678d48d16[2025/4/4 1:37:36]


 01.【Afn = 90,安全响应】
 02.明文应用数据单元：850300500402000300202102000000100200000020020001011C07E904020000000105060000C35006000030D406000030D406000030D406000030D401050600009C4006000027100600002710060000271006000027100000
 03.【Afn = 85,读取一个记录型对象属性响应】
 04.服务器优先级：00
 05.日冻结，属性2：50040200
 06.CSD：3
 07.数据冻结时间，参数：20210200
 08.正向有功电能，总及费率电能量数组：00100200
 09.反向有功电能，总及费率电能量数组：00200200
 10.结果类型：数据1
 11.数据长度：1
 12.数据：2025-04-02 00:00:00
 13.数据：50000
 14.数据：12500
 15.数据：12500
 16.数据：12500
 17.数据：12500
 18.数据：40000
 19.数据：10000
 20.数据：10000
 21.数据：10000
 22.数据：10000
 23.跟随上报信息域：00
 24.时间标签：无
 25.MAC：12345678
 长度：114
 传输方向位：1,终端响应主站命令
 启动标志位：1,来自客户机
 分帧标志位：0,完整APDU
 逻辑地址：000000000001
 客户机地址：10
 帧头校验：BA16


11:35:59 279 收:68550043050100000000001001901000310503005004020002202102001C07E904010001001C07E90402000100540300000300202102000000100200000020020000011091185325B0EEAC474129D7D0EB7FE0C4621F16 [2025/4/4 1:37:37]


 01.【Afn = 10,安全请求】
 02.明文应用数据单元：0503005004020002202102001C07E904010001001C07E90402000100540300000300202102000000100200000020020000
 03.【Afn = 05,读取一个记录型对象属性】
 04.服务器优先级：00
 05.日冻结，属性2：50040200
 06.Selector02
 07.数据冻结时间，参数：20210200
 08.起始值：2025-04-01 00:01:00
 09.结束值：2025-04-02 00:01:00
 10.数据：0
 11.CSD：3
 12.数据冻结时间，参数：20210200
 13.正向有功电能，总及费率电能量数组：00100200
 14.反向有功电能，总及费率电能量数组：00200200
 15.时间标签：无
 16.随机数：91185325B0EEAC474129D7D0EB7FE0C4
 长度：85
 传输方向位：0,主站向终端下发命令
 启动标志位：1,来自客户机
 分帧标志位：0,完整APDU
 逻辑地址：000000000001
 客户机地址：10
 帧头校验：0190


11:35:59 280 发:687200c30501000000000010ba16900059850300500402000300202102000000100200000020020001011C07e904020000000105060000c35006000030d406000030d406000030d406000030d401050600009c400600002710060000271006000027100600002710000001000412345678d48d16[2025/4/4 1:37:37]


 01.【Afn = 90,安全响应】
 02.明文应用数据单元：850300500402000300202102000000100200000020020001011C07E904020000000105060000C35006000030D406000030D406000030D406000030D401050600009C4006000027100600002710060000271006000027100000
 03.【Afn = 85,读取一个记录型对象属性响应】
 04.服务器优先级：00
 05.日冻结，属性2：50040200
 06.CSD：3
 07.数据冻结时间，参数：20210200
 08.正向有功电能，总及费率电能量数组：00100200
 09.反向有功电能，总及费率电能量数组：00200200
 10.结果类型：数据1
 11.数据长度：1
 12.数据：2025-04-02 00:00:00
 13.数据：50000
 14.数据：12500
 15.数据：12500
 16.数据：12500
 17.数据：12500
 18.数据：40000
 19.数据：10000
 20.数据：10000
 21.数据：10000
 22.数据：10000
 23.跟随上报信息域：00
 24.时间标签：无
 25.MAC：12345678
 长度：114
 传输方向位：1,终端响应主站命令
 启动标志位：1,来自客户机
 分帧标志位：0,完整APDU
 逻辑地址：000000000001
 客户机地址：10
 帧头校验：BA16


11:36:00 652 收:6855004305020000000000106F381000310503005004020002202102001C07E904010001001C07E90402000100540300000300202102000000100200000020020000011018666D39C9909FE6DFB3C3CA5554DA5BED1C16 [2025/4/4 1:37:38]


 01.【Afn = 10,安全请求】
 02.明文应用数据单元：0503005004020002202102001C07E904010001001C07E90402000100540300000300202102000000100200000020020000
 03.【Afn = 05,读取一个记录型对象属性】
 04.服务器优先级：00
 05.日冻结，属性2：50040200
 06.Selector02
 07.数据冻结时间，参数：20210200
 08.起始值：2025-04-01 00:01:00
 09.结束值：2025-04-02 00:01:00
 10.数据：0
 11.CSD：3
 12.数据冻结时间，参数：20210200
 13.正向有功电能，总及费率电能量数组：00100200
 14.反向有功电能，总及费率电能量数组：00200200
 15.时间标签：无
 16.随机数：18666D39C9909FE6DFB3C3CA5554DA5B
 长度：85
 传输方向位：0,主站向终端下发命令
 启动标志位：1,来自客户机
 分帧标志位：0,完整APDU
 逻辑地址：000000000002
 客户机地址：10
 帧头校验：6F38


11:36:00 653 发:687200c30502000000000010d4be900059850300500402000300202102000000100200000020020001011C07e904020000000105060000c35006000030d406000030d406000030d406000030d401050600009c400600002710060000271006000027100600002710000001000412345678d48d16[2025/4/4 1:37:38]


 01.【Afn = 90,安全响应】
 02.明文应用数据单元：850300500402000300202102000000100200000020020001011C07E904020000000105060000C35006000030D406000030D406000030D406000030D401050600009C4006000027100600002710060000271006000027100000
 03.【Afn = 85,读取一个记录型对象属性响应】
 04.服务器优先级：00
 05.日冻结，属性2：50040200
 06.CSD：3
 07.数据冻结时间，参数：20210200
 08.正向有功电能，总及费率电能量数组：00100200
 09.反向有功电能，总及费率电能量数组：00200200
 10.结果类型：数据1
 11.数据长度：1
 12.数据：2025-04-02 00:00:00
 13.数据：50000
 14.数据：12500
 15.数据：12500
 16.数据：12500
 17.数据：12500
 18.数据：40000
 19.数据：10000
 20.数据：10000
 21.数据：10000
 22.数据：10000
 23.跟随上报信息域：00
 24.时间标签：无
 25.MAC：12345678
 长度：114
 传输方向位：1,终端响应主站命令
 启动标志位：1,来自客户机
 分帧标志位：0,完整APDU
 逻辑地址：000000000002
 客户机地址：10
 帧头校验：D4BE


