10:04:24 762 收:682C004305010000000000007137100008050101001002000001101AE441AC4567631B9F0BD112EFDA5B0C230316 [2025/4/3 0:10:00]


 01.【Afn = 10,安全请求】
 02.明文应用数据单元：0501010010020000
 03.【Afn = 05,读取一个对象属性】
 04.服务器优先级：01
 05.正向有功电能，总及费率电能量数组：00100200
 06.时间标签：无
 07.随机数：1AE441AC4567631B9F0BD112EFDA5B0C
 长度：44
 传输方向位：0,主站向终端下发命令
 启动标志位：1,来自客户机
 分帧标志位：0,完整APDU
 逻辑地址：000000000001
 客户机地址：00
 帧头校验：7137


10:04:25 303 发:683e00c30501000000000000c12990002585010100100200010105060007a164060001e859060001e859060001e859060001e85900000100043C73305Ede3716[2025/4/3 0:10:01]


 01.【Afn = 90,安全响应】
 02.明文应用数据单元：85010100100200010105060007A164060001E859060001E859060001E859060001E8590000
 03.【Afn = 85,读取一个对象属性响应】
 04.服务器优先级：01
 05.正向有功电能，总及费率电能量数组：00100200
 06.结果类型，正确：01
 07.数据：500068
 08.数据：125017
 09.数据：125017
 10.数据：125017
 11.数据：125017
 12.跟随上报信息域：00
 13.时间标签：无
 14.MAC：3C73305E
 长度：62
 传输方向位：1,终端响应主站命令
 启动标志位：1,来自客户机
 分帧标志位：0,完整APDU
 逻辑地址：000000000001
 客户机地址：00
 帧头校验：C129


10:04:26 574 收:682C004305020000000000001F9F1000080501010010020000011055A6514E6DD55D8B9ECA9544C94CA021B30416 [2025/4/3 0:10:02]


 01.【Afn = 10,安全请求】
 02.明文应用数据单元：0501010010020000
 03.【Afn = 05,读取一个对象属性】
 04.服务器优先级：01
 05.正向有功电能，总及费率电能量数组：00100200
 06.时间标签：无
 07.随机数：55A6514E6DD55D8B9ECA9544C94CA021
 长度：44
 传输方向位：0,主站向终端下发命令
 启动标志位：1,来自客户机
 分帧标志位：0,完整APDU
 逻辑地址：000000000002
 客户机地址：00
 帧头校验：1F9F


10:04:27 099 发:683e00c30502000000000000af8190002585010100100200010105060007a164060001e859060001e859060001e859060001e8590000010004B37B75A5091f16[2025/4/3 0:10:03]


 01.【Afn = 90,安全响应】
 02.明文应用数据单元：85010100100200010105060007A164060001E859060001E859060001E859060001E8590000
 03.【Afn = 85,读取一个对象属性响应】
 04.服务器优先级：01
 05.正向有功电能，总及费率电能量数组：00100200
 06.结果类型，正确：01
 07.数据：500068
 08.数据：125017
 09.数据：125017
 10.数据：125017
 11.数据：125017
 12.跟随上报信息域：00
 13.时间标签：无
 14.MAC：B37B75A5
 长度：62
 传输方向位：1,终端响应主站命令
 启动标志位：1,来自客户机
 分帧标志位：0,完整APDU
 逻辑地址：000000000002
 客户机地址：00
 帧头校验：AF81


10:13:13 079 收:682C00430501000000000000713710000805010100100200000110477B4EA396A3FE2EA2AC72A23469DAD0FCB216 [2025/4/4 0:14:51]


 01.【Afn = 10,安全请求】
 02.明文应用数据单元：0501010010020000
 03.【Afn = 05,读取一个对象属性】
 04.服务器优先级：01
 05.正向有功电能，总及费率电能量数组：00100200
 06.时间标签：无
 07.随机数：477B4EA396A3FE2EA2AC72A23469DAD0
 长度：44
 传输方向位：0,主站向终端下发命令
 启动标志位：1,来自客户机
 分帧标志位：0,完整APDU
 逻辑地址：000000000001
 客户机地址：00
 帧头校验：7137


10:13:13 614 发:683e00c30501000000000000c12990002585010100100200010105060000c35006000030d406000030d406000030d406000030d4000001000454C263A2d27516[2025/4/4 0:14:51]


 01.【Afn = 90,安全响应】
 02.明文应用数据单元：85010100100200010105060000C35006000030D406000030D406000030D406000030D40000
 03.【Afn = 85,读取一个对象属性响应】
 04.服务器优先级：01
 05.正向有功电能，总及费率电能量数组：00100200
 06.结果类型，正确：01
 07.数据：50000
 08.数据：12500
 09.数据：12500
 10.数据：12500
 11.数据：12500
 12.跟随上报信息域：00
 13.时间标签：无
 14.MAC：54C263A2
 长度：62
 传输方向位：1,终端响应主站命令
 启动标志位：1,来自客户机
 分帧标志位：0,完整APDU
 逻辑地址：000000000001
 客户机地址：00
 帧头校验：C129


10:13:14 885 收:682C004305020000000000001F9F1000080501010010020000011000B639B3132B318EC5D8A2B5169EF91E711416 [2025/4/4 0:14:53]


 01.【Afn = 10,安全请求】
 02.明文应用数据单元：0501010010020000
 03.【Afn = 05,读取一个对象属性】
 04.服务器优先级：01
 05.正向有功电能，总及费率电能量数组：00100200
 06.时间标签：无
 07.随机数：00B639B3132B318EC5D8A2B5169EF91E
 长度：44
 传输方向位：0,主站向终端下发命令
 启动标志位：1,来自客户机
 分帧标志位：0,完整APDU
 逻辑地址：000000000002
 客户机地址：00
 帧头校验：1F9F


10:13:15 427 发:683e00c30502000000000000af8190002585010100100200010105060000c35006000030d406000030d406000030d406000030d400000100042E61950C267716[2025/4/4 0:14:53]


 01.【Afn = 90,安全响应】
 02.明文应用数据单元：85010100100200010105060000C35006000030D406000030D406000030D406000030D40000
 03.【Afn = 85,读取一个对象属性响应】
 04.服务器优先级：01
 05.正向有功电能，总及费率电能量数组：00100200
 06.结果类型，正确：01
 07.数据：50000
 08.数据：12500
 09.数据：12500
 10.数据：12500
 11.数据：12500
 12.跟随上报信息域：00
 13.时间标签：无
 14.MAC：2E61950C
 长度：62
 传输方向位：1,终端响应主站命令
 启动标志位：1,来自客户机
 分帧标志位：0,完整APDU
 逻辑地址：000000000002
 客户机地址：00
 帧头校验：AF81


