15:40:15 605 收:010607D0013489 [MOBUS|2025/3/25 15:40:15]

从机地址:01
功能码:06
功能单寄存器写|起始地址:D007
输出值:3401
数据加上CRC16校验89

15:40:15 607 发:010607D0013489 [MOBUS|2025/3/25 15:40:15]

15:40:18 606 收:010607D1013519 [MOBUS|2025/3/25 15:40:18]

从机地址:01
功能码:06
功能单寄存器写|起始地址:D107
输出值:3501
数据加上CRC16校验19

15:40:18 607 发:010607D1013519 [MOBUS|2025/3/25 15:40:18]

15:40:20 467 收:010607D307B47B [MOBUS|2025/3/25 15:40:20]

从机地址:01
功能码:06
功能单寄存器写|起始地址:D307
输出值:B407
数据加上CRC16校验7B

15:40:20 468 发:010607D307B47B [MOBUS|2025/3/25 15:40:20]

15:41:04 814 收:010607D507B7DB [MOBUS|2025/3/25 15:41:04]

从机地址:01
功能码:06
功能单寄存器写|起始地址:D507
输出值:B707
数据加上CRC16校验DB

15:41:04 828 发:010607D507B7DB [MOBUS|2025/3/25 15:41:04]

15:42:35 337 收:010607D0013489 [MOBUS|2025/3/25 15:42:35]

从机地址:01
功能码:06
功能单寄存器写|起始地址:D007
输出值:3401
数据加上CRC16校验89

15:42:35 337 发:010607D0013489 [MOBUS|2025/3/25 15:42:35]

15:42:35 352 收:010607D1013519 [MOBUS|2025/3/25 15:42:35]

从机地址:01
功能码:06
功能单寄存器写|起始地址:D107
输出值:3501
数据加上CRC16校验19

15:42:35 352 发:010607D1013519 [MOBUS|2025/3/25 15:42:35]

15:42:35 363 收:010607D307B47B [MOBUS|2025/3/25 15:42:35]

从机地址:01
功能码:06
功能单寄存器写|起始地址:D307
输出值:B407
数据加上CRC16校验7B

15:42:35 363 发:010607D307B47B [MOBUS|2025/3/25 15:42:35]

15:42:35 374 收:010607D507B7DB [MOBUS|2025/3/25 15:42:35]

从机地址:01
功能码:06
功能单寄存器写|起始地址:D507
输出值:B707
数据加上CRC16校验DB

15:42:35 374 发:010607D507B7DB [MOBUS|2025/3/25 15:42:35]

