14:07:36 496 收:0106200001D942 [MOBUS|2025/3/21 14:07:36]

从机地址:01
功能码:06
功能单寄存器写|起始地址:0020
输出值:D901
数据加上CRC16校验42

14:07:36 544 发:0106200001D942 [MOBUS|2025/3/21 14:07:36]

17:15:38 298 收:0106200001D942 [MOBUS|2025/3/21 17:15:38]

从机地址:01
功能码:06
功能单寄存器写|起始地址:0020
输出值:D901
数据加上CRC16校验42

17:15:38 302 发:0106200001D942 [MOBUS|2025/3/21 17:15:38]

17:15:38 315 收:0106200101D8D2 [MOBUS|2025/3/21 17:15:38]

从机地址:01
功能码:06
功能单寄存器写|起始地址:0120
输出值:D801
数据加上CRC16校验D2

17:15:38 318 发:0106200101D8D2 [MOBUS|2025/3/21 17:15:38]

17:15:38 330 收:010620030759B0 [MOBUS|2025/3/21 17:15:38]

从机地址:01
功能码:06
功能单寄存器写|起始地址:0320
输出值:5907
数据加上CRC16校验B0

17:15:38 331 发:010620030759B0 [MOBUS|2025/3/21 17:15:38]

17:15:38 343 收:01062005075A10 [MOBUS|2025/3/21 17:15:38]

从机地址:01
功能码:06
功能单寄存器写|起始地址:0520
输出值:5A07
数据加上CRC16校验10

17:15:38 344 发:01062005075A10 [MOBUS|2025/3/21 17:15:38]

17:16:43 623 收:0106200001D942 [MOBUS|2025/3/21 17:16:43]

从机地址:01
功能码:06
功能单寄存器写|起始地址:0020
输出值:D901
数据加上CRC16校验42

17:16:43 626 发:0106200001D942 [MOBUS|2025/3/21 17:16:43]

17:16:43 637 收:0106200101D8D2 [MOBUS|2025/3/21 17:16:43]

从机地址:01
功能码:06
功能单寄存器写|起始地址:0120
输出值:D801
数据加上CRC16校验D2

17:16:43 638 发:0106200101D8D2 [MOBUS|2025/3/21 17:16:43]

17:16:43 655 收:010620030759B0 [MOBUS|2025/3/21 17:16:43]

从机地址:01
功能码:06
功能单寄存器写|起始地址:0320
输出值:5907
数据加上CRC16校验B0

17:16:43 659 发:010620030759B0 [MOBUS|2025/3/21 17:16:43]

17:16:43 675 收:01062005075A10 [MOBUS|2025/3/21 17:16:43]

从机地址:01
功能码:06
功能单寄存器写|起始地址:0520
输出值:5A07
数据加上CRC16校验10

17:16:43 677 发:01062005075A10 [MOBUS|2025/3/21 17:16:43]

17:35:53 574 收:0106200001D942 [MOBUS|2025/3/21 17:35:53]

从机地址:01
功能码:06
功能单寄存器写|起始地址:0020
输出值:D901
数据加上CRC16校验42

17:35:53 718 发:0106200001D942 [MOBUS|2025/3/21 17:35:53]

17:35:55 298 收:0106200101D8D2 [MOBUS|2025/3/21 17:35:55]

从机地址:01
功能码:06
功能单寄存器写|起始地址:0120
输出值:D801
数据加上CRC16校验D2

17:35:55 301 发:0106200101D8D2 [MOBUS|2025/3/21 17:35:55]

17:35:57 533 收:010620030759B0 [MOBUS|2025/3/21 17:35:57]

从机地址:01
功能码:06
功能单寄存器写|起始地址:0320
输出值:5907
数据加上CRC16校验B0

17:35:57 554 发:010620030759B0 [MOBUS|2025/3/21 17:35:57]

17:35:59 470 收:01062005075A10 [MOBUS|2025/3/21 17:35:59]

从机地址:01
功能码:06
功能单寄存器写|起始地址:0520
输出值:5A07
数据加上CRC16校验10

17:35:59 479 发:01062005075A10 [MOBUS|2025/3/21 17:35:59]

