19:24:59 016 收:6849004305010000000000003A131000250503015004020001202102001C07E9040900000003002021020000001002000000200200000110E36E742AF1030C291B92B5EA017522BB439116 [2025/4/9 19:24:59]


 01.【Afn = 10,安全请求】
 02.明文应用数据单元：0503015004020001202102001C07E904090000000300202102000000100200000020020000
 03.【Afn = 05,读取一个记录型对象属性】
 04.服务器优先级：01
 05.日冻结，属性2：50040200
 06.Selector01
 07.数据冻结时间，参数：20210200
 08.数据：2025-04-09 00:00:00
 09.CSD：3
 10.数据冻结时间，参数：20210200
 11.正向有功电能，总及费率电能量数组：00100200
 12.反向有功电能，总及费率电能量数组：00200200
 13.时间标签：无
 14.随机数：E36E742AF1030C291B92B5EA017522BB
 长度：73
 传输方向位：0,主站向终端下发命令
 启动标志位：1,来自客户机
 分帧标志位：0,完整APDU
 逻辑地址：000000000001
 客户机地址：00
 帧头校验：3A13


19:24:59 050 发:687200c305010000000000003b06900059850301500402000300202102000000100200000020020001011C07e904090000000105060007a120060001e848060001e848060001e848060001e84801050600061a8006000186a006000186a006000186a006000186a0000001000412345678683216[2025/4/9 19:24:59]


 01.【Afn = 90,安全响应】
 02.明文应用数据单元：850301500402000300202102000000100200000020020001011C07E904090000000105060007A120060001E848060001E848060001E848060001E84801050600061A8006000186A006000186A006000186A006000186A00000
 03.【Afn = 85,读取一个记录型对象属性响应】
 04.服务器优先级：01
 05.日冻结，属性2：50040200
 06.CSD：3
 07.数据冻结时间，参数：20210200
 08.正向有功电能，总及费率电能量数组：00100200
 09.反向有功电能，总及费率电能量数组：00200200
 10.结果类型：数据1
 11.数据长度：1
 12.数据：2025-04-09 00:00:00
 13.数据：500000
 14.数据：125000
 15.数据：125000
 16.数据：125000
 17.数据：125000
 18.数据：400000
 19.数据：100000
 20.数据：100000
 21.数据：100000
 22.数据：100000
 23.跟随上报信息域：00
 24.时间标签：无
 25.MAC：12345678
 长度：114
 传输方向位：1,终端响应主站命令
 启动标志位：1,来自客户机
 分帧标志位：0,完整APDU
 逻辑地址：000000000001
 客户机地址：00
 帧头校验：3B06


19:27:13 192 收:6849004305010000000000003A131000250503015004020001202102001C07E904090000000300202102000000100200000020020000011066B4CD66FAA2C1FF24FF6D09204390744A4F16 [2025/4/9 2:02:12]


 01.【Afn = 10,安全请求】
 02.明文应用数据单元：0503015004020001202102001C07E904090000000300202102000000100200000020020000
 03.【Afn = 05,读取一个记录型对象属性】
 04.服务器优先级：01
 05.日冻结，属性2：50040200
 06.Selector01
 07.数据冻结时间，参数：20210200
 08.数据：2025-04-09 00:00:00
 09.CSD：3
 10.数据冻结时间，参数：20210200
 11.正向有功电能，总及费率电能量数组：00100200
 12.反向有功电能，总及费率电能量数组：00200200
 13.时间标签：无
 14.随机数：66B4CD66FAA2C1FF24FF6D0920439074
 长度：73
 传输方向位：0,主站向终端下发命令
 启动标志位：1,来自客户机
 分帧标志位：0,完整APDU
 逻辑地址：000000000001
 客户机地址：00
 帧头校验：3A13


19:27:13 193 发:687200c305010000000000003b06900059850301500402000300202102000000100200000020020001011C07e904090000000105060007a120060001e848060001e848060001e848060001e84801050600061a8006000186a006000186a006000186a006000186a0000001000412345678683216[2025/4/9 2:02:12]


 01.【Afn = 90,安全响应】
 02.明文应用数据单元：850301500402000300202102000000100200000020020001011C07E904090000000105060007A120060001E848060001E848060001E848060001E84801050600061A8006000186A006000186A006000186A006000186A00000
 03.【Afn = 85,读取一个记录型对象属性响应】
 04.服务器优先级：01
 05.日冻结，属性2：50040200
 06.CSD：3
 07.数据冻结时间，参数：20210200
 08.正向有功电能，总及费率电能量数组：00100200
 09.反向有功电能，总及费率电能量数组：00200200
 10.结果类型：数据1
 11.数据长度：1
 12.数据：2025-04-09 00:00:00
 13.数据：500000
 14.数据：125000
 15.数据：125000
 16.数据：125000
 17.数据：125000
 18.数据：400000
 19.数据：100000
 20.数据：100000
 21.数据：100000
 22.数据：100000
 23.跟随上报信息域：00
 24.时间标签：无
 25.MAC：12345678
 长度：114
 传输方向位：1,终端响应主站命令
 启动标志位：1,来自客户机
 分帧标志位：0,完整APDU
 逻辑地址：000000000001
 客户机地址：00
 帧头校验：3B06


19:27:24 497 收:6849004305010000000000003A131000250503015004020001202102001C07E904090000000300202102000000100200000020020000011066B4CD66FAA2C1FF24FF6D09204390744A4F16 [2025/4/9 2:02:24]


 01.【Afn = 10,安全请求】
 02.明文应用数据单元：0503015004020001202102001C07E904090000000300202102000000100200000020020000
 03.【Afn = 05,读取一个记录型对象属性】
 04.服务器优先级：01
 05.日冻结，属性2：50040200
 06.Selector01
 07.数据冻结时间，参数：20210200
 08.数据：2025-04-09 00:00:00
 09.CSD：3
 10.数据冻结时间，参数：20210200
 11.正向有功电能，总及费率电能量数组：00100200
 12.反向有功电能，总及费率电能量数组：00200200
 13.时间标签：无
 14.随机数：66B4CD66FAA2C1FF24FF6D0920439074
 长度：73
 传输方向位：0,主站向终端下发命令
 启动标志位：1,来自客户机
 分帧标志位：0,完整APDU
 逻辑地址：000000000001
 客户机地址：00
 帧头校验：3A13


19:27:24 499 发:687200c305010000000000003b06900059850301500402000300202102000000100200000020020001011C07e904090000000105060007a120060001e848060001e848060001e848060001e84801050600061a8006000186a006000186a006000186a006000186a0000001000412345678683216[2025/4/9 2:02:24]


 01.【Afn = 90,安全响应】
 02.明文应用数据单元：850301500402000300202102000000100200000020020001011C07E904090000000105060007A120060001E848060001E848060001E848060001E84801050600061A8006000186A006000186A006000186A006000186A00000
 03.【Afn = 85,读取一个记录型对象属性响应】
 04.服务器优先级：01
 05.日冻结，属性2：50040200
 06.CSD：3
 07.数据冻结时间，参数：20210200
 08.正向有功电能，总及费率电能量数组：00100200
 09.反向有功电能，总及费率电能量数组：00200200
 10.结果类型：数据1
 11.数据长度：1
 12.数据：2025-04-09 00:00:00
 13.数据：500000
 14.数据：125000
 15.数据：125000
 16.数据：125000
 17.数据：125000
 18.数据：400000
 19.数据：100000
 20.数据：100000
 21.数据：100000
 22.数据：100000
 23.跟随上报信息域：00
 24.时间标签：无
 25.MAC：12345678
 长度：114
 传输方向位：1,终端响应主站命令
 启动标志位：1,来自客户机
 分帧标志位：0,完整APDU
 逻辑地址：000000000001
 客户机地址：00
 帧头校验：3B06


19:27:35 805 收:6849004305010000000000003A131000250503015004020001202102001C07E904090000000300202102000000100200000020020000011066B4CD66FAA2C1FF24FF6D09204390744A4F16 [2025/4/9 2:02:35]


 01.【Afn = 10,安全请求】
 02.明文应用数据单元：0503015004020001202102001C07E904090000000300202102000000100200000020020000
 03.【Afn = 05,读取一个记录型对象属性】
 04.服务器优先级：01
 05.日冻结，属性2：50040200
 06.Selector01
 07.数据冻结时间，参数：20210200
 08.数据：2025-04-09 00:00:00
 09.CSD：3
 10.数据冻结时间，参数：20210200
 11.正向有功电能，总及费率电能量数组：00100200
 12.反向有功电能，总及费率电能量数组：00200200
 13.时间标签：无
 14.随机数：66B4CD66FAA2C1FF24FF6D0920439074
 长度：73
 传输方向位：0,主站向终端下发命令
 启动标志位：1,来自客户机
 分帧标志位：0,完整APDU
 逻辑地址：000000000001
 客户机地址：00
 帧头校验：3A13


19:27:35 806 发:687200c305010000000000003b06900059850301500402000300202102000000100200000020020001011C07e904090000000105060007a120060001e848060001e848060001e848060001e84801050600061a8006000186a006000186a006000186a006000186a0000001000412345678683216[2025/4/9 2:02:35]


 01.【Afn = 90,安全响应】
 02.明文应用数据单元：850301500402000300202102000000100200000020020001011C07E904090000000105060007A120060001E848060001E848060001E848060001E84801050600061A8006000186A006000186A006000186A006000186A00000
 03.【Afn = 85,读取一个记录型对象属性响应】
 04.服务器优先级：01
 05.日冻结，属性2：50040200
 06.CSD：3
 07.数据冻结时间，参数：20210200
 08.正向有功电能，总及费率电能量数组：00100200
 09.反向有功电能，总及费率电能量数组：00200200
 10.结果类型：数据1
 11.数据长度：1
 12.数据：2025-04-09 00:00:00
 13.数据：500000
 14.数据：125000
 15.数据：125000
 16.数据：125000
 17.数据：125000
 18.数据：400000
 19.数据：100000
 20.数据：100000
 21.数据：100000
 22.数据：100000
 23.跟随上报信息域：00
 24.时间标签：无
 25.MAC：12345678
 长度：114
 传输方向位：1,终端响应主站命令
 启动标志位：1,来自客户机
 分帧标志位：0,完整APDU
 逻辑地址：000000000001
 客户机地址：00
 帧头校验：3B06


19:27:47 125 收:68490043050200000000000054BB1000250503015004020001202102001C07E90409000000030020210200000010020000002002000001105A6B886A95FBE0B8EAD7F858D0721492D06D16 [2025/4/9 2:02:46]


 01.【Afn = 10,安全请求】
 02.明文应用数据单元：0503015004020001202102001C07E904090000000300202102000000100200000020020000
 03.【Afn = 05,读取一个记录型对象属性】
 04.服务器优先级：01
 05.日冻结，属性2：50040200
 06.Selector01
 07.数据冻结时间，参数：20210200
 08.数据：2025-04-09 00:00:00
 09.CSD：3
 10.数据冻结时间，参数：20210200
 11.正向有功电能，总及费率电能量数组：00100200
 12.反向有功电能，总及费率电能量数组：00200200
 13.时间标签：无
 14.随机数：5A6B886A95FBE0B8EAD7F858D0721492
 长度：73
 传输方向位：0,主站向终端下发命令
 启动标志位：1,来自客户机
 分帧标志位：0,完整APDU
 逻辑地址：000000000002
 客户机地址：00
 帧头校验：54BB


19:27:47 125 发:687200c3050200000000000055ae900059850301500402000300202102000000100200000020020001011C07e904090000000105060007a120060001e848060001e848060001e848060001e84801050600061a8006000186a006000186a006000186a006000186a0000001000412345678683216[2025/4/9 2:02:46]


 01.【Afn = 90,安全响应】
 02.明文应用数据单元：850301500402000300202102000000100200000020020001011C07E904090000000105060007A120060001E848060001E848060001E848060001E84801050600061A8006000186A006000186A006000186A006000186A00000
 03.【Afn = 85,读取一个记录型对象属性响应】
 04.服务器优先级：01
 05.日冻结，属性2：50040200
 06.CSD：3
 07.数据冻结时间，参数：20210200
 08.正向有功电能，总及费率电能量数组：00100200
 09.反向有功电能，总及费率电能量数组：00200200
 10.结果类型：数据1
 11.数据长度：1
 12.数据：2025-04-09 00:00:00
 13.数据：500000
 14.数据：125000
 15.数据：125000
 16.数据：125000
 17.数据：125000
 18.数据：400000
 19.数据：100000
 20.数据：100000
 21.数据：100000
 22.数据：100000
 23.跟随上报信息域：00
 24.时间标签：无
 25.MAC：12345678
 长度：114
 传输方向位：1,终端响应主站命令
 启动标志位：1,来自客户机
 分帧标志位：0,完整APDU
 逻辑地址：000000000002
 客户机地址：00
 帧头校验：55AE


19:27:58 441 收:68490043050200000000000054BB1000250503015004020001202102001C07E90409000000030020210200000010020000002002000001105A6B886A95FBE0B8EAD7F858D0721492D06D16 [2025/4/9 2:02:58]


 01.【Afn = 10,安全请求】
 02.明文应用数据单元：0503015004020001202102001C07E904090000000300202102000000100200000020020000
 03.【Afn = 05,读取一个记录型对象属性】
 04.服务器优先级：01
 05.日冻结，属性2：50040200
 06.Selector01
 07.数据冻结时间，参数：20210200
 08.数据：2025-04-09 00:00:00
 09.CSD：3
 10.数据冻结时间，参数：20210200
 11.正向有功电能，总及费率电能量数组：00100200
 12.反向有功电能，总及费率电能量数组：00200200
 13.时间标签：无
 14.随机数：5A6B886A95FBE0B8EAD7F858D0721492
 长度：73
 传输方向位：0,主站向终端下发命令
 启动标志位：1,来自客户机
 分帧标志位：0,完整APDU
 逻辑地址：000000000002
 客户机地址：00
 帧头校验：54BB


19:27:58 442 发:687200c3050200000000000055ae900059850301500402000300202102000000100200000020020001011C07e904090000000105060007a120060001e848060001e848060001e848060001e84801050600061a8006000186a006000186a006000186a006000186a0000001000412345678683216[2025/4/9 2:02:58]


 01.【Afn = 90,安全响应】
 02.明文应用数据单元：850301500402000300202102000000100200000020020001011C07E904090000000105060007A120060001E848060001E848060001E848060001E84801050600061A8006000186A006000186A006000186A006000186A00000
 03.【Afn = 85,读取一个记录型对象属性响应】
 04.服务器优先级：01
 05.日冻结，属性2：50040200
 06.CSD：3
 07.数据冻结时间，参数：20210200
 08.正向有功电能，总及费率电能量数组：00100200
 09.反向有功电能，总及费率电能量数组：00200200
 10.结果类型：数据1
 11.数据长度：1
 12.数据：2025-04-09 00:00:00
 13.数据：500000
 14.数据：125000
 15.数据：125000
 16.数据：125000
 17.数据：125000
 18.数据：400000
 19.数据：100000
 20.数据：100000
 21.数据：100000
 22.数据：100000
 23.跟随上报信息域：00
 24.时间标签：无
 25.MAC：12345678
 长度：114
 传输方向位：1,终端响应主站命令
 启动标志位：1,来自客户机
 分帧标志位：0,完整APDU
 逻辑地址：000000000002
 客户机地址：00
 帧头校验：55AE


19:28:09 748 收:68490043050200000000000054BB1000250503015004020001202102001C07E90409000000030020210200000010020000002002000001105A6B886A95FBE0B8EAD7F858D0721492D06D16 [2025/4/9 2:03:09]


 01.【Afn = 10,安全请求】
 02.明文应用数据单元：0503015004020001202102001C07E904090000000300202102000000100200000020020000
 03.【Afn = 05,读取一个记录型对象属性】
 04.服务器优先级：01
 05.日冻结，属性2：50040200
 06.Selector01
 07.数据冻结时间，参数：20210200
 08.数据：2025-04-09 00:00:00
 09.CSD：3
 10.数据冻结时间，参数：20210200
 11.正向有功电能，总及费率电能量数组：00100200
 12.反向有功电能，总及费率电能量数组：00200200
 13.时间标签：无
 14.随机数：5A6B886A95FBE0B8EAD7F858D0721492
 长度：73
 传输方向位：0,主站向终端下发命令
 启动标志位：1,来自客户机
 分帧标志位：0,完整APDU
 逻辑地址：000000000002
 客户机地址：00
 帧头校验：54BB


19:28:09 749 发:687200c3050200000000000055ae900059850301500402000300202102000000100200000020020001011C07e904090000000105060007a120060001e848060001e848060001e848060001e84801050600061a8006000186a006000186a006000186a006000186a0000001000412345678683216[2025/4/9 2:03:09]


 01.【Afn = 90,安全响应】
 02.明文应用数据单元：850301500402000300202102000000100200000020020001011C07E904090000000105060007A120060001E848060001E848060001E848060001E84801050600061A8006000186A006000186A006000186A006000186A00000
 03.【Afn = 85,读取一个记录型对象属性响应】
 04.服务器优先级：01
 05.日冻结，属性2：50040200
 06.CSD：3
 07.数据冻结时间，参数：20210200
 08.正向有功电能，总及费率电能量数组：00100200
 09.反向有功电能，总及费率电能量数组：00200200
 10.结果类型：数据1
 11.数据长度：1
 12.数据：2025-04-09 00:00:00
 13.数据：500000
 14.数据：125000
 15.数据：125000
 16.数据：125000
 17.数据：125000
 18.数据：400000
 19.数据：100000
 20.数据：100000
 21.数据：100000
 22.数据：100000
 23.跟随上报信息域：00
 24.时间标签：无
 25.MAC：12345678
 长度：114
 传输方向位：1,终端响应主站命令
 启动标志位：1,来自客户机
 分帧标志位：0,完整APDU
 逻辑地址：000000000002
 客户机地址：00
 帧头校验：55AE


