16:42:34 209 收:682C00430501000000000000713710000805010100100200000110A6C96B41AB6A9B14E1F98E685880C974146516 [2025/4/19 0:04:51]


 01.【Afn = 10,安全请求】
 02.明文应用数据单元：0501010010020000
 03.【Afn = 05,读取一个对象属性】
 04.服务器优先级：01
 05.正向有功电能，总及费率电能量数组：00100200
 06.时间标签：无
 07.随机数：A6C96B41AB6A9B14E1F98E685880C974
 长度：44
 传输方向位：0,主站向终端下发命令
 启动标志位：1,来自客户机
 分帧标志位：0,完整APDU
 逻辑地址：000000000001
 客户机地址：00
 帧头校验：7137


16:42:34 765 发:683e00c30501000000000000c12990002585010100100200010105060007a120060001e848060001e848060001e848060001e8480000010004B7C6629D959716[2025/4/19 0:04:52]


 01.【Afn = 90,安全响应】
 02.明文应用数据单元：85010100100200010105060007A120060001E848060001E848060001E848060001E8480000
 03.【Afn = 85,读取一个对象属性响应】
 04.服务器优先级：01
 05.正向有功电能，总及费率电能量数组：00100200
 06.结果类型，正确：01
 07.数据：500000
 08.数据：125000
 09.数据：125000
 10.数据：125000
 11.数据：125000
 12.跟随上报信息域：00
 13.时间标签：无
 14.MAC：B7C6629D
 长度：62
 传输方向位：1,终端响应主站命令
 启动标志位：1,来自客户机
 分帧标志位：0,完整APDU
 逻辑地址：000000000001
 客户机地址：00
 帧头校验：C129


16:42:36 043 收:682C004305020000000000001F9F10000805010100100200000110F54CC432C46831A33567540A19D7A951967716 [2025/4/19 0:04:53]


 01.【Afn = 10,安全请求】
 02.明文应用数据单元：0501010010020000
 03.【Afn = 05,读取一个对象属性】
 04.服务器优先级：01
 05.正向有功电能，总及费率电能量数组：00100200
 06.时间标签：无
 07.随机数：F54CC432C46831A33567540A19D7A951
 长度：44
 传输方向位：0,主站向终端下发命令
 启动标志位：1,来自客户机
 分帧标志位：0,完整APDU
 逻辑地址：000000000002
 客户机地址：00
 帧头校验：1F9F


16:42:36 569 发:683e00c30502000000000000af8190002585010100100200010105060007a120060001e848060001e848060001e848060001e84800000100049C9A670B947116[2025/4/19 0:04:54]


 01.【Afn = 90,安全响应】
 02.明文应用数据单元：85010100100200010105060007A120060001E848060001E848060001E848060001E8480000
 03.【Afn = 85,读取一个对象属性响应】
 04.服务器优先级：01
 05.正向有功电能，总及费率电能量数组：00100200
 06.结果类型，正确：01
 07.数据：500000
 08.数据：125000
 09.数据：125000
 10.数据：125000
 11.数据：125000
 12.跟随上报信息域：00
 13.时间标签：无
 14.MAC：9C9A670B
 长度：62
 传输方向位：1,终端响应主站命令
 启动标志位：1,来自客户机
 分帧标志位：0,完整APDU
 逻辑地址：000000000002
 客户机地址：00
 帧头校验：AF81


16:42:43 154 收:682C004305010000000000007137100008050101001002000001109C8EFB3F8E5FD845655680D795AE2881AAD116 [2025/4/19 0:05:00]


 01.【Afn = 10,安全请求】
 02.明文应用数据单元：0501010010020000
 03.【Afn = 05,读取一个对象属性】
 04.服务器优先级：01
 05.正向有功电能，总及费率电能量数组：00100200
 06.时间标签：无
 07.随机数：9C8EFB3F8E5FD845655680D795AE2881
 长度：44
 传输方向位：0,主站向终端下发命令
 启动标志位：1,来自客户机
 分帧标志位：0,完整APDU
 逻辑地址：000000000001
 客户机地址：00
 帧头校验：7137


16:42:43 685 发:683e00c30501000000000000c12990002585010100100200010105060007a120060001e848060001e848060001e848060001e8480000010004AD08D61555c716[2025/4/19 0:05:01]


 01.【Afn = 90,安全响应】
 02.明文应用数据单元：85010100100200010105060007A120060001E848060001E848060001E848060001E8480000
 03.【Afn = 85,读取一个对象属性响应】
 04.服务器优先级：01
 05.正向有功电能，总及费率电能量数组：00100200
 06.结果类型，正确：01
 07.数据：500000
 08.数据：125000
 09.数据：125000
 10.数据：125000
 11.数据：125000
 12.跟随上报信息域：00
 13.时间标签：无
 14.MAC：AD08D615
 长度：62
 传输方向位：1,终端响应主站命令
 启动标志位：1,来自客户机
 分帧标志位：0,完整APDU
 逻辑地址：000000000001
 客户机地址：00
 帧头校验：C129


16:42:44 927 收:682C004305020000000000001F9F1000080501010010020000011069687DDDA0AC684A9FD3393C4F92F838925B16 [2025/4/19 0:05:02]


 01.【Afn = 10,安全请求】
 02.明文应用数据单元：0501010010020000
 03.【Afn = 05,读取一个对象属性】
 04.服务器优先级：01
 05.正向有功电能，总及费率电能量数组：00100200
 06.时间标签：无
 07.随机数：69687DDDA0AC684A9FD3393C4F92F838
 长度：44
 传输方向位：0,主站向终端下发命令
 启动标志位：1,来自客户机
 分帧标志位：0,完整APDU
 逻辑地址：000000000002
 客户机地址：00
 帧头校验：1F9F


16:42:45 462 发:683e00c30502000000000000af8190002585010100100200010105060007a120060001e848060001e848060001e848060001e8480000010004293995F0089816[2025/4/19 0:05:03]


 01.【Afn = 90,安全响应】
 02.明文应用数据单元：85010100100200010105060007A120060001E848060001E848060001E848060001E8480000
 03.【Afn = 85,读取一个对象属性响应】
 04.服务器优先级：01
 05.正向有功电能，总及费率电能量数组：00100200
 06.结果类型，正确：01
 07.数据：500000
 08.数据：125000
 09.数据：125000
 10.数据：125000
 11.数据：125000
 12.跟随上报信息域：00
 13.时间标签：无
 14.MAC：293995F0
 长度：62
 传输方向位：1,终端响应主站命令
 启动标志位：1,来自客户机
 分帧标志位：0,完整APDU
 逻辑地址：000000000002
 客户机地址：00
 帧头校验：AF81


16:47:43 167 收:682C00430501000000000000713710000805010100100200000110CFB3CC6D940BAC42E446AB8BFF5AD41508E216 [2025/4/19 0:10:00]


 01.【Afn = 10,安全请求】
 02.明文应用数据单元：0501010010020000
 03.【Afn = 05,读取一个对象属性】
 04.服务器优先级：01
 05.正向有功电能，总及费率电能量数组：00100200
 06.时间标签：无
 07.随机数：CFB3CC6D940BAC42E446AB8BFF5AD415
 长度：44
 传输方向位：0,主站向终端下发命令
 启动标志位：1,来自客户机
 分帧标志位：0,完整APDU
 逻辑地址：000000000001
 客户机地址：00
 帧头校验：7137


16:47:43 702 发:683e00c30501000000000000c12990002585010100100200010105060007a164060001e859060001e859060001e859060001e85900000100045C05943571ed16[2025/4/19 0:10:01]


 01.【Afn = 90,安全响应】
 02.明文应用数据单元：85010100100200010105060007A164060001E859060001E859060001E859060001E8590000
 03.【Afn = 85,读取一个对象属性响应】
 04.服务器优先级：01
 05.正向有功电能，总及费率电能量数组：00100200
 06.结果类型，正确：01
 07.数据：500068
 08.数据：125017
 09.数据：125017
 10.数据：125017
 11.数据：125017
 12.跟随上报信息域：00
 13.时间标签：无
 14.MAC：5C059435
 长度：62
 传输方向位：1,终端响应主站命令
 启动标志位：1,来自客户机
 分帧标志位：0,完整APDU
 逻辑地址：000000000001
 客户机地址：00
 帧头校验：C129


16:47:44 953 收:682C004305020000000000001F9F100008050101001002000001105ADC35C4D470B9CCBFD9E57111D6EEADD84A16 [2025/4/19 0:10:02]


 01.【Afn = 10,安全请求】
 02.明文应用数据单元：0501010010020000
 03.【Afn = 05,读取一个对象属性】
 04.服务器优先级：01
 05.正向有功电能，总及费率电能量数组：00100200
 06.时间标签：无
 07.随机数：5ADC35C4D470B9CCBFD9E57111D6EEAD
 长度：44
 传输方向位：0,主站向终端下发命令
 启动标志位：1,来自客户机
 分帧标志位：0,完整APDU
 逻辑地址：000000000002
 客户机地址：00
 帧头校验：1F9F


16:47:45 488 发:683e00c30502000000000000af8190002585010100100200010105060007a164060001e859060001e859060001e859060001e8590000010004D47D9836e6f816[2025/4/19 0:10:03]


 01.【Afn = 90,安全响应】
 02.明文应用数据单元：85010100100200010105060007A164060001E859060001E859060001E859060001E8590000
 03.【Afn = 85,读取一个对象属性响应】
 04.服务器优先级：01
 05.正向有功电能，总及费率电能量数组：00100200
 06.结果类型，正确：01
 07.数据：500068
 08.数据：125017
 09.数据：125017
 10.数据：125017
 11.数据：125017
 12.跟随上报信息域：00
 13.时间标签：无
 14.MAC：D47D9836
 长度：62
 传输方向位：1,终端响应主站命令
 启动标志位：1,来自客户机
 分帧标志位：0,完整APDU
 逻辑地址：000000000002
 客户机地址：00
 帧头校验：AF81


16:53:03 531 收:6831004305010000000000005AF110000D0502010200100200200102000001100D0538134478D0C198A4E234F9DED3F683AA16 [2025/4/19 0:04:51]


 01.【Afn = 10,安全请求】
 02.明文应用数据单元：05020102001002002001020000
 03.【Afn = 05,读取多个对象属性】
 04.服务器优先级：01
 05.OAD个数：2
 06.正向有功电能，总及费率电能量数组：00100200
 07.电流，分相数值组：20010200
 08.时间标签：无
 09.随机数：0D0538134478D0C198A4E234F9DED3F6
 长度：49
 传输方向位：0,主站向终端下发命令
 启动标志位：1,来自客户机
 分帧标志位：0,完整APDU
 逻辑地址：000000000001
 客户机地址：00
 帧头校验：5AF1


16:53:04 062 发:685500c30501000000000000574490003c8502010200100200010105060007a120060001e848060001e848060001e848060001e848200102000101030500001388050000138805000013880000010004D4509B6991d516[2025/4/19 0:04:52]


 01.【Afn = 90,安全响应】
 02.明文应用数据单元：8502010200100200010105060007A120060001E848060001E848060001E848060001E848200102000101030500001388050000138805000013880000
 03.【Afn = 85,读取多个对象属性应】
 04.服务器优先级：01
 05.OAD个数：2
 06.正向有功电能，总及费率电能量数组：00100200
 07.结果类型，正确：01
 08.数据：500000
 09.数据：125000
 10.数据：125000
 11.数据：125000
 12.数据：125000
 13.电流，分相数值组：20010200
 14.结果类型，正确：01
 15.数据：5000
 16.数据：5000
 17.数据：5000
 18.跟随上报信息域：00
 19.时间标签：无
 20.MAC：D4509B69
 长度：85
 传输方向位：1,终端响应主站命令
 启动标志位：1,来自客户机
 分帧标志位：0,完整APDU
 逻辑地址：000000000001
 客户机地址：00
 帧头校验：5744


16:53:05 362 收:683100430502000000000000345910000D0502010200100200200102000001107B435F1A0CF9B82BB76C554AFCB05B91235416 [2025/4/19 0:04:53]


 01.【Afn = 10,安全请求】
 02.明文应用数据单元：05020102001002002001020000
 03.【Afn = 05,读取多个对象属性】
 04.服务器优先级：01
 05.OAD个数：2
 06.正向有功电能，总及费率电能量数组：00100200
 07.电流，分相数值组：20010200
 08.时间标签：无
 09.随机数：7B435F1A0CF9B82BB76C554AFCB05B91
 长度：49
 传输方向位：0,主站向终端下发命令
 启动标志位：1,来自客户机
 分帧标志位：0,完整APDU
 逻辑地址：000000000002
 客户机地址：00
 帧头校验：3459


16:53:05 896 发:685500c3050200000000000039ec90003c8502010200100200010105060007a120060001e848060001e848060001e848060001e848200102000101030500001388050000138805000013880000010004F6BBF7D9cd3a16[2025/4/19 0:04:54]


 01.【Afn = 90,安全响应】
 02.明文应用数据单元：8502010200100200010105060007A120060001E848060001E848060001E848060001E848200102000101030500001388050000138805000013880000
 03.【Afn = 85,读取多个对象属性应】
 04.服务器优先级：01
 05.OAD个数：2
 06.正向有功电能，总及费率电能量数组：00100200
 07.结果类型，正确：01
 08.数据：500000
 09.数据：125000
 10.数据：125000
 11.数据：125000
 12.数据：125000
 13.电流，分相数值组：20010200
 14.结果类型，正确：01
 15.数据：5000
 16.数据：5000
 17.数据：5000
 18.跟随上报信息域：00
 19.时间标签：无
 20.MAC：F6BBF7D9
 长度：85
 传输方向位：1,终端响应主站命令
 启动标志位：1,来自客户机
 分帧标志位：0,完整APDU
 逻辑地址：000000000002
 客户机地址：00
 帧头校验：39EC


16:53:12 449 收:6831004305010000000000005AF110000D0502010200100200200102000001104EA326E4250758756545D4D650738C76355316 [2025/4/19 0:05:00]


 01.【Afn = 10,安全请求】
 02.明文应用数据单元：05020102001002002001020000
 03.【Afn = 05,读取多个对象属性】
 04.服务器优先级：01
 05.OAD个数：2
 06.正向有功电能，总及费率电能量数组：00100200
 07.电流，分相数值组：20010200
 08.时间标签：无
 09.随机数：4EA326E4250758756545D4D650738C76
 长度：49
 传输方向位：0,主站向终端下发命令
 启动标志位：1,来自客户机
 分帧标志位：0,完整APDU
 逻辑地址：000000000001
 客户机地址：00
 帧头校验：5AF1


16:53:12 976 发:685500c30501000000000000574490003c8502010200100200010105060007a120060001e848060001e848060001e848060001e848200102000101030500001388050000138805000013880000010004B2F66885e3a516[2025/4/19 0:05:01]


 01.【Afn = 90,安全响应】
 02.明文应用数据单元：8502010200100200010105060007A120060001E848060001E848060001E848060001E848200102000101030500001388050000138805000013880000
 03.【Afn = 85,读取多个对象属性应】
 04.服务器优先级：01
 05.OAD个数：2
 06.正向有功电能，总及费率电能量数组：00100200
 07.结果类型，正确：01
 08.数据：500000
 09.数据：125000
 10.数据：125000
 11.数据：125000
 12.数据：125000
 13.电流，分相数值组：20010200
 14.结果类型，正确：01
 15.数据：5000
 16.数据：5000
 17.数据：5000
 18.跟随上报信息域：00
 19.时间标签：无
 20.MAC：B2F66885
 长度：85
 传输方向位：1,终端响应主站命令
 启动标志位：1,来自客户机
 分帧标志位：0,完整APDU
 逻辑地址：000000000001
 客户机地址：00
 帧头校验：5744


16:53:14 247 收:683100430502000000000000345910000D05020102001002002001020000011013A89EB3DA64CDCC74B5B1D311E7976AF41F16 [2025/4/19 0:05:02]


 01.【Afn = 10,安全请求】
 02.明文应用数据单元：05020102001002002001020000
 03.【Afn = 05,读取多个对象属性】
 04.服务器优先级：01
 05.OAD个数：2
 06.正向有功电能，总及费率电能量数组：00100200
 07.电流，分相数值组：20010200
 08.时间标签：无
 09.随机数：13A89EB3DA64CDCC74B5B1D311E7976A
 长度：49
 传输方向位：0,主站向终端下发命令
 启动标志位：1,来自客户机
 分帧标志位：0,完整APDU
 逻辑地址：000000000002
 客户机地址：00
 帧头校验：3459


16:53:14 775 发:685500c3050200000000000039ec90003c8502010200100200010105060007a120060001e848060001e848060001e848060001e848200102000101030500001388050000138805000013880000010004AF46C6ECa7ac16[2025/4/19 0:05:03]


 01.【Afn = 90,安全响应】
 02.明文应用数据单元：8502010200100200010105060007A120060001E848060001E848060001E848060001E848200102000101030500001388050000138805000013880000
 03.【Afn = 85,读取多个对象属性应】
 04.服务器优先级：01
 05.OAD个数：2
 06.正向有功电能，总及费率电能量数组：00100200
 07.结果类型，正确：01
 08.数据：500000
 09.数据：125000
 10.数据：125000
 11.数据：125000
 12.数据：125000
 13.电流，分相数值组：20010200
 14.结果类型，正确：01
 15.数据：5000
 16.数据：5000
 17.数据：5000
 18.跟随上报信息域：00
 19.时间标签：无
 20.MAC：AF46C6EC
 长度：85
 传输方向位：1,终端响应主站命令
 启动标志位：1,来自客户机
 分帧标志位：0,完整APDU
 逻辑地址：000000000002
 客户机地址：00
 帧头校验：39EC


16:58:12 420 收:6831004305010000000000005AF110000D050201020010020020010200000110BEF85ED26EAB662C8FCAB4F6CE870F97D9B316 [2025/4/19 0:10:00]


 01.【Afn = 10,安全请求】
 02.明文应用数据单元：05020102001002002001020000
 03.【Afn = 05,读取多个对象属性】
 04.服务器优先级：01
 05.OAD个数：2
 06.正向有功电能，总及费率电能量数组：00100200
 07.电流，分相数值组：20010200
 08.时间标签：无
 09.随机数：BEF85ED26EAB662C8FCAB4F6CE870F97
 长度：49
 传输方向位：0,主站向终端下发命令
 启动标志位：1,来自客户机
 分帧标志位：0,完整APDU
 逻辑地址：000000000001
 客户机地址：00
 帧头校验：5AF1


16:58:12 951 发:685500c30501000000000000574490003c8502010200100200010105060007a120060001e848060001e848060001e848060001e848200102000101030500001388050000138805000013880000010004185128FE90d316[2025/4/19 0:10:01]


 01.【Afn = 90,安全响应】
 02.明文应用数据单元：8502010200100200010105060007A120060001E848060001E848060001E848060001E848200102000101030500001388050000138805000013880000
 03.【Afn = 85,读取多个对象属性应】
 04.服务器优先级：01
 05.OAD个数：2
 06.正向有功电能，总及费率电能量数组：00100200
 07.结果类型，正确：01
 08.数据：500000
 09.数据：125000
 10.数据：125000
 11.数据：125000
 12.数据：125000
 13.电流，分相数值组：20010200
 14.结果类型，正确：01
 15.数据：5000
 16.数据：5000
 17.数据：5000
 18.跟随上报信息域：00
 19.时间标签：无
 20.MAC：185128FE
 长度：85
 传输方向位：1,终端响应主站命令
 启动标志位：1,来自客户机
 分帧标志位：0,完整APDU
 逻辑地址：000000000001
 客户机地址：00
 帧头校验：5744


16:58:14 282 收:683100430502000000000000345910000D0502010200100200200102000001106C09F1A36D728DD749451DA1857B2798F92516 [2025/4/19 0:10:02]


 01.【Afn = 10,安全请求】
 02.明文应用数据单元：05020102001002002001020000
 03.【Afn = 05,读取多个对象属性】
 04.服务器优先级：01
 05.OAD个数：2
 06.正向有功电能，总及费率电能量数组：00100200
 07.电流，分相数值组：20010200
 08.时间标签：无
 09.随机数：6C09F1A36D728DD749451DA1857B2798
 长度：49
 传输方向位：0,主站向终端下发命令
 启动标志位：1,来自客户机
 分帧标志位：0,完整APDU
 逻辑地址：000000000002
 客户机地址：00
 帧头校验：3459


16:58:14 812 发:685500c3050200000000000039ec90003c8502010200100200010105060007a120060001e848060001e848060001e848060001e84820010200010103050000138805000013880500001388000001000469AFFD1Ecccf16[2025/4/19 0:10:03]


 01.【Afn = 90,安全响应】
 02.明文应用数据单元：8502010200100200010105060007A120060001E848060001E848060001E848060001E848200102000101030500001388050000138805000013880000
 03.【Afn = 85,读取多个对象属性应】
 04.服务器优先级：01
 05.OAD个数：2
 06.正向有功电能，总及费率电能量数组：00100200
 07.结果类型，正确：01
 08.数据：500000
 09.数据：125000
 10.数据：125000
 11.数据：125000
 12.数据：125000
 13.电流，分相数值组：20010200
 14.结果类型，正确：01
 15.数据：5000
 16.数据：5000
 17.数据：5000
 18.跟随上报信息域：00
 19.时间标签：无
 20.MAC：69AFFD1E
 长度：85
 传输方向位：1,终端响应主站命令
 启动标志位：1,来自客户机
 分帧标志位：0,完整APDU
 逻辑地址：000000000002
 客户机地址：00
 帧头校验：39EC


17:13:39 715 收:683900430501000000000000F04D1000150503015004020009010200001002000000200200000110243C8D5418595D7DB8FB241558CBB67F2A0016 [2025/4/19 0:02:00]


 01.【Afn = 10,安全请求】
 02.明文应用数据单元：050301500402000901020000100200000020020000
 03.【Afn = 05,读取一个记录型对象属性】
 04.服务器优先级：01
 05.日冻结，属性2：50040200
 06.Selector09
 07.上第n次记录：1
 08.CSD：2
 09.正向有功电能，总及费率电能量数组：00100200
 10.反向有功电能，总及费率电能量数组：00200200
 11.时间标签：无
 12.随机数：243C8D5418595D7DB8FB241558CBB67F
 长度：57
 传输方向位：0,主站向终端下发命令
 启动标志位：1,来自客户机
 分帧标志位：0,完整APDU
 逻辑地址：000000000001
 客户机地址：00
 帧头校验：F04D


17:13:40 262 发:686500c3050100000000000098d790004c85030150040200020000100200000020020001010105060007a120060001e848060001e848060001e848060001e84801050600061a8006000186a006000186a006000186a006000186a000000100041A7C6333d97816[2025/4/19 0:02:01]


 01.【Afn = 90,安全响应】
 02.明文应用数据单元：85030150040200020000100200000020020001010105060007A120060001E848060001E848060001E848060001E84801050600061A8006000186A006000186A006000186A006000186A00000
 03.【Afn = 85,读取一个记录型对象属性响应】
 04.服务器优先级：01
 05.日冻结，属性2：50040200
 06.CSD：2
 07.正向有功电能，总及费率电能量数组：00100200
 08.反向有功电能，总及费率电能量数组：00200200
 09.结果类型：数据1
 10.数据长度：1
 11.数据：500000
 12.数据：125000
 13.数据：125000
 14.数据：125000
 15.数据：125000
 16.数据：400000
 17.数据：100000
 18.数据：100000
 19.数据：100000
 20.数据：100000
 21.跟随上报信息域：00
 22.时间标签：无
 23.MAC：1A7C6333
 长度：101
 传输方向位：1,终端响应主站命令
 启动标志位：1,来自客户机
 分帧标志位：0,完整APDU
 逻辑地址：000000000001
 客户机地址：00
 帧头校验：98D7


17:13:41 617 收:6839004305020000000000009EE51000150503015004020009010200001002000000200200000110A434C239FD2A630A3011D2080498006CC11416 [2025/4/19 0:02:02]


 01.【Afn = 10,安全请求】
 02.明文应用数据单元：050301500402000901020000100200000020020000
 03.【Afn = 05,读取一个记录型对象属性】
 04.服务器优先级：01
 05.日冻结，属性2：50040200
 06.Selector09
 07.上第n次记录：1
 08.CSD：2
 09.正向有功电能，总及费率电能量数组：00100200
 10.反向有功电能，总及费率电能量数组：00200200
 11.时间标签：无
 12.随机数：A434C239FD2A630A3011D2080498006C
 长度：57
 传输方向位：0,主站向终端下发命令
 启动标志位：1,来自客户机
 分帧标志位：0,完整APDU
 逻辑地址：000000000002
 客户机地址：00
 帧头校验：9EE5


17:13:42 148 发:686500c30502000000000000f67f90004c85030150040200020000100200000020020001010105060007a120060001e848060001e848060001e848060001e84801050600061a8006000186a006000186a006000186a006000186a00000010004DF6478258e6a16[2025/4/19 0:02:03]


 01.【Afn = 90,安全响应】
 02.明文应用数据单元：85030150040200020000100200000020020001010105060007A120060001E848060001E848060001E848060001E84801050600061A8006000186A006000186A006000186A006000186A00000
 03.【Afn = 85,读取一个记录型对象属性响应】
 04.服务器优先级：01
 05.日冻结，属性2：50040200
 06.CSD：2
 07.正向有功电能，总及费率电能量数组：00100200
 08.反向有功电能，总及费率电能量数组：00200200
 09.结果类型：数据1
 10.数据长度：1
 11.数据：500000
 12.数据：125000
 13.数据：125000
 14.数据：125000
 15.数据：125000
 16.数据：400000
 17.数据：100000
 18.数据：100000
 19.数据：100000
 20.数据：100000
 21.跟随上报信息域：00
 22.时间标签：无
 23.MAC：DF647825
 长度：101
 传输方向位：1,终端响应主站命令
 启动标志位：1,来自客户机
 分帧标志位：0,完整APDU
 逻辑地址：000000000002
 客户机地址：00
 帧头校验：F67F


17:32:32 846 收:683900430501000000000000F04D1000150503015004020009010200001002000000200200000110F7C06B6E03EC52B2ED30CBEC5444CED56C9D16 [2025/4/18 17:32:32]


 01.【Afn = 10,安全请求】
 02.明文应用数据单元：050301500402000901020000100200000020020000
 03.【Afn = 05,读取一个记录型对象属性】
 04.服务器优先级：01
 05.日冻结，属性2：50040200
 06.Selector09
 07.上第n次记录：1
 08.CSD：2
 09.正向有功电能，总及费率电能量数组：00100200
 10.反向有功电能，总及费率电能量数组：00200200
 11.时间标签：无
 12.随机数：F7C06B6E03EC52B2ED30CBEC5444CED5
 长度：57
 传输方向位：0,主站向终端下发命令
 启动标志位：1,来自客户机
 分帧标志位：0,完整APDU
 逻辑地址：000000000001
 客户机地址：00
 帧头校验：F04D


17:32:32 847 发:686500c3050100000000000098d790004c85030150040200020000100200000020020001010105060007a120060001e848060001e848060001e848060001e84801050600061a8006000186a006000186a006000186a006000186a0000001000412345678786916[2025/4/18 17:32:32]


 01.【Afn = 90,安全响应】
 02.明文应用数据单元：85030150040200020000100200000020020001010105060007A120060001E848060001E848060001E848060001E84801050600061A8006000186A006000186A006000186A006000186A00000
 03.【Afn = 85,读取一个记录型对象属性响应】
 04.服务器优先级：01
 05.日冻结，属性2：50040200
 06.CSD：2
 07.正向有功电能，总及费率电能量数组：00100200
 08.反向有功电能，总及费率电能量数组：00200200
 09.结果类型：数据1
 10.数据长度：1
 11.数据：500000
 12.数据：125000
 13.数据：125000
 14.数据：125000
 15.数据：125000
 16.数据：400000
 17.数据：100000
 18.数据：100000
 19.数据：100000
 20.数据：100000
 21.跟随上报信息域：00
 22.时间标签：无
 23.MAC：12345678
 长度：101
 传输方向位：1,终端响应主站命令
 启动标志位：1,来自客户机
 分帧标志位：0,完整APDU
 逻辑地址：000000000001
 客户机地址：00
 帧头校验：98D7


17:37:39 043 收:683900430501000000000000F04D1000150503015004020009010200001002000000200200000110399743E8F9BD03C6095AC71117C84F3D28B616 [2025/4/19 0:02:00]


 01.【Afn = 10,安全请求】
 02.明文应用数据单元：050301500402000901020000100200000020020000
 03.【Afn = 05,读取一个记录型对象属性】
 04.服务器优先级：01
 05.日冻结，属性2：50040200
 06.Selector09
 07.上第n次记录：1
 08.CSD：2
 09.正向有功电能，总及费率电能量数组：00100200
 10.反向有功电能，总及费率电能量数组：00200200
 11.时间标签：无
 12.随机数：399743E8F9BD03C6095AC71117C84F3D
 长度：57
 传输方向位：0,主站向终端下发命令
 启动标志位：1,来自客户机
 分帧标志位：0,完整APDU
 逻辑地址：000000000001
 客户机地址：00
 帧头校验：F04D


17:37:39 573 发:686500c3050100000000000098d790004c85030150040200020000100200000020020001010105060007a120060001e848060001e848060001e848060001e84801050600061a8006000186a006000186a006000186a006000186a000000100042F1FE2C247c316[2025/4/19 0:02:01]


 01.【Afn = 90,安全响应】
 02.明文应用数据单元：85030150040200020000100200000020020001010105060007A120060001E848060001E848060001E848060001E84801050600061A8006000186A006000186A006000186A006000186A00000
 03.【Afn = 85,读取一个记录型对象属性响应】
 04.服务器优先级：01
 05.日冻结，属性2：50040200
 06.CSD：2
 07.正向有功电能，总及费率电能量数组：00100200
 08.反向有功电能，总及费率电能量数组：00200200
 09.结果类型：数据1
 10.数据长度：1
 11.数据：500000
 12.数据：125000
 13.数据：125000
 14.数据：125000
 15.数据：125000
 16.数据：400000
 17.数据：100000
 18.数据：100000
 19.数据：100000
 20.数据：100000
 21.跟随上报信息域：00
 22.时间标签：无
 23.MAC：2F1FE2C2
 长度：101
 传输方向位：1,终端响应主站命令
 启动标志位：1,来自客户机
 分帧标志位：0,完整APDU
 逻辑地址：000000000001
 客户机地址：00
 帧头校验：98D7


17:37:40 915 收:6839004305020000000000009EE510001505030150040200090102000010020000002002000001109B366C2FF6BE32E1E14D43285FF9BB8CFE0D16 [2025/4/19 0:02:02]


 01.【Afn = 10,安全请求】
 02.明文应用数据单元：050301500402000901020000100200000020020000
 03.【Afn = 05,读取一个记录型对象属性】
 04.服务器优先级：01
 05.日冻结，属性2：50040200
 06.Selector09
 07.上第n次记录：1
 08.CSD：2
 09.正向有功电能，总及费率电能量数组：00100200
 10.反向有功电能，总及费率电能量数组：00200200
 11.时间标签：无
 12.随机数：9B366C2FF6BE32E1E14D43285FF9BB8C
 长度：57
 传输方向位：0,主站向终端下发命令
 启动标志位：1,来自客户机
 分帧标志位：0,完整APDU
 逻辑地址：000000000002
 客户机地址：00
 帧头校验：9EE5


17:37:41 442 发:686500c30502000000000000f67f90004c85030150040200020000100200000020020001010105060007a120060001e848060001e848060001e848060001e84801050600061a8006000186a006000186a006000186a006000186a00000010004FAE330CC0af916[2025/4/19 0:02:03]


 01.【Afn = 90,安全响应】
 02.明文应用数据单元：85030150040200020000100200000020020001010105060007A120060001E848060001E848060001E848060001E84801050600061A8006000186A006000186A006000186A006000186A00000
 03.【Afn = 85,读取一个记录型对象属性响应】
 04.服务器优先级：01
 05.日冻结，属性2：50040200
 06.CSD：2
 07.正向有功电能，总及费率电能量数组：00100200
 08.反向有功电能，总及费率电能量数组：00200200
 09.结果类型：数据1
 10.数据长度：1
 11.数据：500000
 12.数据：125000
 13.数据：125000
 14.数据：125000
 15.数据：125000
 16.数据：400000
 17.数据：100000
 18.数据：100000
 19.数据：100000
 20.数据：100000
 21.跟随上报信息域：00
 22.时间标签：无
 23.MAC：FAE330CC
 长度：101
 传输方向位：1,终端响应主站命令
 启动标志位：1,来自客户机
 分帧标志位：0,完整APDU
 逻辑地址：000000000002
 客户机地址：00
 帧头校验：F67F


17:44:01 993 收:683900430501000000000000F04D1000150503015004020009010200001002000000200200000110D1435674BD270E1400B7B20DD9AE1782A47C16 [2025/4/18 17:44:01]


 01.【Afn = 10,安全请求】
 02.明文应用数据单元：050301500402000901020000100200000020020000
 03.【Afn = 05,读取一个记录型对象属性】
 04.服务器优先级：01
 05.日冻结，属性2：50040200
 06.Selector09
 07.上第n次记录：1
 08.CSD：2
 09.正向有功电能，总及费率电能量数组：00100200
 10.反向有功电能，总及费率电能量数组：00200200
 11.时间标签：无
 12.随机数：D1435674BD270E1400B7B20DD9AE1782
 长度：57
 传输方向位：0,主站向终端下发命令
 启动标志位：1,来自客户机
 分帧标志位：0,完整APDU
 逻辑地址：000000000001
 客户机地址：00
 帧头校验：F04D


17:44:01 994 发:686500c3050100000000000098d790004c85030150040200020000100200000020020001010105060007a120060001e848060001e848060001e848060001e84801050600061a8006000186a006000186a006000186a006000186a0000001000412345678786916[2025/4/18 17:44:01]


 01.【Afn = 90,安全响应】
 02.明文应用数据单元：85030150040200020000100200000020020001010105060007A120060001E848060001E848060001E848060001E84801050600061A8006000186A006000186A006000186A006000186A00000
 03.【Afn = 85,读取一个记录型对象属性响应】
 04.服务器优先级：01
 05.日冻结，属性2：50040200
 06.CSD：2
 07.正向有功电能，总及费率电能量数组：00100200
 08.反向有功电能，总及费率电能量数组：00200200
 09.结果类型：数据1
 10.数据长度：1
 11.数据：500000
 12.数据：125000
 13.数据：125000
 14.数据：125000
 15.数据：125000
 16.数据：400000
 17.数据：100000
 18.数据：100000
 19.数据：100000
 20.数据：100000
 21.跟随上报信息域：00
 22.时间标签：无
 23.MAC：12345678
 长度：101
 传输方向位：1,终端响应主站命令
 启动标志位：1,来自客户机
 分帧标志位：0,完整APDU
 逻辑地址：000000000001
 客户机地址：00
 帧头校验：98D7


17:49:08 108 收:683900430501000000000000F04D1000150503015004020009010200001002000000200200000110B188F710E4F9E6085C6A38FA5FC50F15579F16 [2025/4/19 0:02:00]


 01.【Afn = 10,安全请求】
 02.明文应用数据单元：050301500402000901020000100200000020020000
 03.【Afn = 05,读取一个记录型对象属性】
 04.服务器优先级：01
 05.日冻结，属性2：50040200
 06.Selector09
 07.上第n次记录：1
 08.CSD：2
 09.正向有功电能，总及费率电能量数组：00100200
 10.反向有功电能，总及费率电能量数组：00200200
 11.时间标签：无
 12.随机数：B188F710E4F9E6085C6A38FA5FC50F15
 长度：57
 传输方向位：0,主站向终端下发命令
 启动标志位：1,来自客户机
 分帧标志位：0,完整APDU
 逻辑地址：000000000001
 客户机地址：00
 帧头校验：F04D


17:49:08 641 发:686500c3050100000000000098d790004c85030150040200020000100200000020020001010105060007a120060001e848060001e848060001e848060001e84801050600061a8006000186a006000186a006000186a006000186a000000100043E3651AC061916[2025/4/19 0:02:01]


 01.【Afn = 90,安全响应】
 02.明文应用数据单元：85030150040200020000100200000020020001010105060007A120060001E848060001E848060001E848060001E84801050600061A8006000186A006000186A006000186A006000186A00000
 03.【Afn = 85,读取一个记录型对象属性响应】
 04.服务器优先级：01
 05.日冻结，属性2：50040200
 06.CSD：2
 07.正向有功电能，总及费率电能量数组：00100200
 08.反向有功电能，总及费率电能量数组：00200200
 09.结果类型：数据1
 10.数据长度：1
 11.数据：500000
 12.数据：125000
 13.数据：125000
 14.数据：125000
 15.数据：125000
 16.数据：400000
 17.数据：100000
 18.数据：100000
 19.数据：100000
 20.数据：100000
 21.跟随上报信息域：00
 22.时间标签：无
 23.MAC：3E3651AC
 长度：101
 传输方向位：1,终端响应主站命令
 启动标志位：1,来自客户机
 分帧标志位：0,完整APDU
 逻辑地址：000000000001
 客户机地址：00
 帧头校验：98D7


17:49:09 978 收:6839004305020000000000009EE51000150503015004020009010200001002000000200200000110F0389D5004ACDFD17C4AB14C39F82E68C9D816 [2025/4/19 0:02:02]


 01.【Afn = 10,安全请求】
 02.明文应用数据单元：050301500402000901020000100200000020020000
 03.【Afn = 05,读取一个记录型对象属性】
 04.服务器优先级：01
 05.日冻结，属性2：50040200
 06.Selector09
 07.上第n次记录：1
 08.CSD：2
 09.正向有功电能，总及费率电能量数组：00100200
 10.反向有功电能，总及费率电能量数组：00200200
 11.时间标签：无
 12.随机数：F0389D5004ACDFD17C4AB14C39F82E68
 长度：57
 传输方向位：0,主站向终端下发命令
 启动标志位：1,来自客户机
 分帧标志位：0,完整APDU
 逻辑地址：000000000002
 客户机地址：00
 帧头校验：9EE5


17:49:10 510 发:686500c30502000000000000f67f90004c85030150040200020000100200000020020001010105060007a120060001e848060001e848060001e848060001e84801050600061a8006000186a006000186a006000186a006000186a000000100043D7A839D9fd316[2025/4/19 0:02:03]


 01.【Afn = 90,安全响应】
 02.明文应用数据单元：85030150040200020000100200000020020001010105060007A120060001E848060001E848060001E848060001E84801050600061A8006000186A006000186A006000186A006000186A00000
 03.【Afn = 85,读取一个记录型对象属性响应】
 04.服务器优先级：01
 05.日冻结，属性2：50040200
 06.CSD：2
 07.正向有功电能，总及费率电能量数组：00100200
 08.反向有功电能，总及费率电能量数组：00200200
 09.结果类型：数据1
 10.数据长度：1
 11.数据：500000
 12.数据：125000
 13.数据：125000
 14.数据：125000
 15.数据：125000
 16.数据：400000
 17.数据：100000
 18.数据：100000
 19.数据：100000
 20.数据：100000
 21.跟随上报信息域：00
 22.时间标签：无
 23.MAC：3D7A839D
 长度：101
 传输方向位：1,终端响应主站命令
 启动标志位：1,来自客户机
 分帧标志位：0,完整APDU
 逻辑地址：000000000002
 客户机地址：00
 帧头校验：F67F


