21310201
20010400
12345678

12345678

12345678

12345678

12345678

12345678

12345678

12345678

12345678

12345678

12345678

12345678

526D54A5

526D54A5

526D54A5

526D54A5

526D54A5

69CF2E0D

A3278AF3

A3278AF3

A3278AF3

A3278AF3

3C3A40AB

D6941A27

9CD15B0D

9CD15B0D

9CD15B0D

9CD15B0D

9CD15B0D

B5B92037

CADB4F92

CADB4F92

CADB4F92

AAA9EB03

AAA9EB03

AAA9EB03

C11FD656

C11FD656

C11FD656

488E1D17

488E1D17

488E1D17

B826A719

A3361B53

5B47595D

5B47595D

8CC121EF

8CC121EF

8CC121EF

8CC121EF

DC3479B9

DC3479B9

DD8FB7B1

DD8FB7B1

DD8FB7B1

DD8FB7B1

6D093C4F

5812AD97

365A97F6

365A97F6

B086AFB6

53FA59C6

15FF8DA0

984DA59A

43905908

43905908

43905908

43905908

61E81047

11B4D4FA

043FA56A

043FA56A

043FA56A

043FA56A

043FA56A

8B54ADAA

18D8DED6

18D8DED6

18BE4D6D

FC8E4F81

344972E9

344972E9

6F5AF3E3

A8043EB3

A8043EB3

A8043EB3

A8043EB3

A8043EB3

4B31CD13

0DB2125F

12345678

12345678

12345678

12345678

12345678

12345678

12345678

12345678

12345678

12345678

12345678

12345678

12345678

12345678

12345678

12345678

12345678

12345678

12345678

12345678

12345678

12345678

12345678

12345678

12345678

12345678

12345678

12345678

12345678

12345678

12345678

12345678

12345678

12345678

12345678

12345678

12345678

12345678

12345678

12345678

12345678

12345678

12345678

12345678

12345678

12345678

12345678

12345678

12345678

12345678

12345678

12345678

12345678

12345678

12345678

12345678

12345678

12345678

12345678

12345678

12345678

12345678

12345678

12345678

12345678

12345678

12345678

12345678

12345678

12345678

12345678

12345678

12345678

12345678

12345678

12345678

12345678

12345678

12345678

12345678

12345678

12345678

12345678

12345678

12345678

12345678

12345678

12345678

12345678

12345678

12345678

12345678

12345678

12345678

12345678

12345678

12345678

12345678

12345678

12345678

12345678

12345678

12345678

12345678

12345678

12345678

12345678

12345678

12345678

12345678

12345678

12345678

12345678

12345678

12345678

12345678

12345678

12345678

12345678

12345678

12345678

12345678

12345678

12345678

12345678

12345678

12345678

12345678

12345678

12345678

12345678

12345678

12345678

12345678

12345678

12345678

12345678

12345678

12345678

12345678

12345678

12345678

12345678

12345678

12345678

12345678

12345678

12345678

12345678

12345678

12345678

12345678

12345678

12345678

12345678

12345678

12345678

12345678

12345678

12345678

12345678

12345678

12345678

12345678

12345678

12345678

12345678

12345678

12345678

12345678

12345678

12345678

12345678

12345678

12345678

12345678

12345678

12345678

12345678

12345678

12345678

12345678

12345678

12345678

12345678

12345678

12345678

12345678

12345678

12345678

12345678

12345678

12345678

12345678

12345678

12345678

12345678

12345678

12345678

12345678

12345678

12345678

12345678

12345678

12345678

12345678

12345678

12345678

12345678

12345678

12345678

12345678

12345678

12345678

12345678

12345678

12345678

12345678

12345678

12345678

12345678

12345678

12345678

12345678

12345678

12345678

12345678

12345678

12345678

12345678

12345678

12345678

12345678

12345678

12345678

12345678

12345678

12345678

12345678

12345678

12345678

12345678

12345678

12345678

12345678

12345678

12345678

12345678

12345678

12345678

12345678

12345678

12345678

12345678

12345678

12345678

12345678

12345678

12345678

12345678

12345678

12345678

12345678

12345678

12345678

12345678

12345678

12345678

12345678

12345678

12345678

12345678

12345678

12345678

12345678

12345678

12345678

12345678

12345678

12345678

12345678

12345678

12345678

12345678

12345678

12345678

12345678

12345678

12345678

12345678

12345678

12345678

12345678

12345678

12345678

12345678

12345678

12345678

12345678

12345678

12345678

12345678

12345678

12345678

12345678

12345678

12345678

12345678

12345678

12345678

12345678

12345678

12345678

12345678

12345678

12345678

12345678

12345678

12345678

12345678

12345678

12345678

12345678

12345678

12345678

12345678

12345678

12345678

12345678

12345678

12345678

12345678

12345678

12345678

12345678

12345678

12345678

12345678

12345678

12345678

12345678

12345678

12345678

12345678

12345678

12345678

12345678

12345678

12345678

12345678

12345678

12345678

12345678

12345678

12345678

12345678

12345678

12345678

12345678

12345678

12345678

12345678

12345678

12345678

12345678

12345678

12345678

12345678

12345678

12345678

12345678

12345678

12345678

12345678

12345678

12345678

12345678

12345678

12345678

12345678

12345678

12345678

12345678

12345678

12345678

12345678

12345678

12345678

12345678

12345678

12345678

12345678

12345678

12345678

12345678

12345678

12345678

12345678

12345678

12345678

12345678

12345678

12345678

12345678

12345678

12345678

12345678

12345678

12345678

12345678

12345678

12345678

12345678

12345678

12345678

12345678

12345678

12345678

12345678

12345678

12345678

12345678

12345678

12345678

12345678

12345678

12345678

12345678

12345678

12345678

12345678

12345678

12345678

12345678

12345678

12345678

12345678

12345678

12345678

12345678

12345678

12345678

12345678

12345678

12345678

12345678

12345678

12345678

12345678

12345678

12345678

12345678

12345678

12345678

12345678

12345678

12345678

12345678

12345678

12345678

12345678

12345678

12345678

12345678

12345678

12345678

12345678

12345678

12345678

12345678

12345678

12345678

12345678

12345678

12345678

12345678

12345678

12345678

12345678

12345678

12345678

12345678

12345678

12345678

12345678

12345678

12345678

12345678

12345678

12345678

12345678

12345678

12345678

12345678

12345678

12345678

12345678

12345678

12345678

12345678

12345678

12345678

12345678

12345678

12345678

12345678

12345678

12345678

12345678

12345678

12345678

12345678

12345678

12345678

12345678

12345678

12345678

12345678

12345678

12345678

12345678

12345678

12345678

12345678

12345678

12345678

12345678

12345678

12345678

12345678

12345678

12345678

12345678

12345678

12345678

12345678

12345678

12345678

12345678

12345678

12345678

12345678

12345678

12345678

12345678

12345678

12345678

12345678

12345678

12345678

12345678

12345678

12345678

12345678

12345678

12345678

12345678

12345678

12345678

12345678

12345678

12345678

12345678

12345678

12345678

12345678

12345678

12345678

12345678

12345678

12345678

12345678

12345678

12345678

12345678

12345678

12345678

12345678

12345678

12345678

12345678

12345678

12345678

12345678

12345678

12345678

12345678

12345678

12345678

12345678

12345678

12345678

12345678

12345678

12345678

12345678

12345678

12345678

12345678

12345678

12345678

12345678

D5D5E06F

89734E3E

89734E3E

89734E3E

89734E3E

89734E3E

89734E3E

89734E3E

89734E3E

89734E3E

89734E3E

89734E3E

89734E3E

89734E3E

89734E3E

89734E3E

89734E3E

89734E3E

12345678

12345678

12345678

12345678

12345678

12345678

12345678

12345678

12345678

12345678

12345678

12345678

12345678

12345678

12345678

12345678

12345678

12345678

12345678

12345678

12345678

12345678

12345678

12345678

12345678

12345678

12345678

12345678

AEDD62A8

572A3EE0

572A3EE0

572A3EE0

572A3EE0

16B38BA7

16B38BA7

16B38BA7

11C6F6C0

11C6F6C0

A9AE8AE0

06D95684

B99AD4EB

B99AD4EB

502CB803

292B591D

292B591D

B8CF7A0E

5BAED2D7

B3471593

B3471593

B7DB77AD

638DB582

8E94CC8A

6CD80245

E9AE361B

BB61D0B9

BB61D0B9

38488848

925FB184

925FB184

27DCE7DD

27DCE7DD

27DCE7DD

D83D2CBF

F3AA140C

99877FA1

99877FA1

64F312F0

C66FE178

C66FE178

C66FE178

4AEE0BB2

818A73D4

818A73D4

8801617D

15BB4042

2978880D

4FDCEEB0

4FDCEEB0

AF93A980

C8396267

C8396267

AC766DC8

AC766DC8

E8F27018

E8F27018

F5A56AD4

F5A56AD4

7D3D3501

CD0998B2

CD0998B2

CD0998B2

CD0998B2

3B389F30

3B389F30

3B389F30

F0A377B3

F0A377B3

F0A377B3

D95DDF23

2CBD8F7A

2E6147C5

BAD64507

BAD64507

12345678

12345678

12345678

12345678

12345678

12345678

12345678

12345678

12345678

15B6CF36

12345678

1541402E

EDFEBCB9

5A4367C9

FC4B5D5C

20B4F1A2

0D263A11

0D263A11

0D263A11

12487297

99B88802

99B88802

99B88802

61348E95

61348E95

25B83989

68F6AF8F

35E42613

35E42613

3E24EBC8

D4DF97F9

D4DF97F9

541852B2

90290FC5

6D271137

A0BAEE91

6A4ECCD7

6A4ECCD7

6A4ECCD7

C3212B7F

C3212B7F

96BDC308

AA51C0DF

144E1D3E

144E1D3E

4C2FB1AF

4C2FB1AF

BCF2F9A2

BCF2F9A2

B3C65FEC

C3F0BA6B

C3F0BA6B

3EBB2353

837CCC97

837CCC97

54D38B90

9B163544

A51FDCA5

A51FDCA5

A51FDCA5

5D3C2E17

5D3C2E17

915D228D

FB713ADD

FB713ADD

D66A85F0

D66A85F0

D66A85F0

3244BE99

3244BE99

EEE85A4F

67D1043E

67D1043E

67D1043E

FD8A27EE

73F820C1

E0C6249E

CA9E0C8A

C8634F9E

A74FABB8

A74FABB8

FCF00CB7

FCF00CB7

F003651C

60583062

1C3A5D4B

1C3A5D4B

1C3A5D4B

F1FFC536

B955F5B9

DAB7D108

DAB7D108

6AA5E198

0ACD3F6B

0ACD3F6B

758CAF90

758CAF90

D713B997

D713B997

0B90CB18

0B90CB18

CF0ED1BC

CF0ED1BC

4A304225

02063AB2

60FDB9DE

41515798

E68FAEB6

F4355B8E

F4355B8E

D99DCA58

817AE16B

817AE16B

57E37D6B

7C9512E7

7C9512E7

67C74823

2C92D155

2C92D155

382DE2DD

1871FA40

1871FA40

04DDEE54

04DDEE54

E822096A

E822096A

669098D3

669098D3

C772601A

C772601A

3A2963B5

27BB9474

F5E82B15

F5E82B15

751B908B

751B908B

19543126

19543126

19543126

12345678

12345678

12345678

12345678

12345678

12345678

12345678

12345678

12345678

12345678

12345678

12345678

12345678

12345678

12345678

12345678

12345678

12345678

12345678

12345678

12345678

2B8EFABB

A81423ED

41ED4927

12345678

12345678

12345678

E9D2E6EA

8EB4AA5B

8EB4AA5B

12345678

DD57ED48

7E75D541

12345678

12345678

93FF717A

557F0764

557F0764

557F0764

557F0764

557F0764

7D120066

7D120066

23CED8A6

8548ADA1

7407F0BE

E584F3EB

E1139D9C

E1139D9C

589E88A1

589E88A1

589E88A1

589E88A1

24C4C455

24C4C455

4FACC354

969EA0C0

969EA0C0

969EA0C0

969EA0C0

F94BF3E3

F94BF3E3

F94BF3E3

F94BF3E3

12345678

12345678

12345678

12345678

12345678

12345678

12345678

12345678

603FA64D

08E6F112

7E8D39D0

32772F11

32772F11

5297D992

1E8794BA

5FE43431

05103D87

05103D87

2C55DDE9

19BFED2A

19BFED2A

819A4D38

DA0B5B04

0D731F8D

0D731F8D

76AADDD4

76AADDD4

07938D42

07938D42

07938D42

735222C2

735222C2

4849A831

08D1ECE7

08D1ECE7

08D1ECE7

CEFFAD8D

CEFFAD8D

A6A65E1C

AFA6C702

413BBC70

413BBC70

553E79E9

553E79E9

DCABCF36

9267FD62

9267FD62

9267FD62

9267FD62

C71A96E1

C71A96E1

416E245D

416E245D

70F29DC3

0A297FC1

1FACFE67

AF2BE30C

760A16E0

7648BFEC

48A18871

A37FC538

A37FC538

F84E3517

EA3B8D2B

286A8CDE

286A8CDE

F8E36F9D

9738014B

DD4DFFCB

9B5A06AC

378A2162

BD18D66C

DADD10FA

E15B2FE3

35EB2978

99B8E0F5

C58DC065

9345E0BC

69428392

69428392

497A4591

8DF6C3BA

8DF6C3BA

43FC50D3

12345678

12345678

12345678

12345678

12345678

12345678

12345678

12345678

12345678

12345678

12345678

56A9BD7E

5505BF7B

E7CD3E7C

F220648C

4C44E3B1

4C44E3B1

6D802259

6D802259

6D802259

8F078857

A83046A7

A83046A7

A83046A7

F444E415

0269B78D

0269B78D

34AB6A03

34AB6A03

EE26F9E1

EE26F9E1

B710AB39

16B8206B

16B8206B

1AB89C82

A093753F

C25F9EE5

C25F9EE5

4B9A58DA

4B9A58DA

5DCDCCE3

5DCDCCE3

4B37BB67

91391163

91391163

0678B11A

0678B11A

20FAC7FC

20FAC7FC

667B8724

667B8724

667B8724

21C9A49E

BC2BA9E6

BC2BA9E6

A3ACAA45

7C6A4260

5043A0B3

5043A0B3

EDC35E56

9AAE9F51

9AAE9F51

2F5CD5D3

058A1467

058A1467

12345678

12345678

12345678

12345678

12345678

12345678

12345678

12345678

12345678

12345678

12345678

620CBCDC

FC3D0B35

03A7A5DD

E4DEEFF0

3CB24940

3CB24940

E0F22646

E0F22646

E0F22646

3948C6ED

3948C6ED

EEEEA995

95BCAB37

95BCAB37

95BCAB37

993199B0

AE2CB819

0866E1A3

3DA97E07

8D3A85DD

8D3A85DD

8D3A85DD

8476AFCB

6E0F943A

6E0F943A

880DCB0C

E120F2A6

D6D01921

D6D01921

6E574F7A

6E574F7A

8C02463E

27E15A62

23E35D57

8FA3602D

8FA3602D

F8E3F05F

D07ACCC3

E1B28F56

5D05FB55

0BA79EE3

0BA79EE3

5B1E8835

66EC3B15

66EC3B15

A5BD7C5D

A5BD7C5D

17FE4099

17FE4099

12345678

12345678

12345678

12345678

12345678

12345678

12345678

12345678

12345678

12345678

12345678

12345678

12345678

12345678

12345678

12345678

12345678

12345678

12345678

12345678

12345678

12345678

1E75D077

1E75D077

3F7CDF27

12345678

12345678

12345678

12345678

12345678

12345678

12345678

12345678

12345678

12345678

12345678

12345678

12345678

12345678

12345678

12345678

12345678

12345678

12345678

12345678

12345678

12345678

12345678

9744F06A

9744F06A

9744F06A

816141B6

3F5315BE

3F5315BE

02B467A7

4794F051

4794F051

682ABC21

24E441D8

4DF73780

3679225C

282D226C

282D226C

0C98CDFD

3A4A6B8A

37F97C49

37F97C49

9744AE7A

B025FA80

CC1E976B

D7389A4B

A27B383F

60390119

609E1F46

6C098FB8

1D5D129A

A22FED1B

999A0F0B

999A0F0B

DF3C5D3D

DF3C5D3D

1B243A90

1B243A90

390C3EA0

174039F8

276BC5D7

320489D8

DCC39591

E8CFD926

52A93C15

F521EF2F

D49BEA73

673A07A4

7268996C

8FFCED8D

41E1F752

63721DBE

2A8D843E

99A15AA1

3DE3E859

D9A25B0A

5F62C06E

2FD5BA49

7439EEC3

965A9F57

8FFD59BE

323F72DA

AB98E2C7

16BF5CDC

1E977840

8F26B2D6

B799B77E

660E0455

A8F1F13C

82032809

77083CCC

4FE5AFC5

5C323501

7295B35A

A50EF4CB

1FE169E7

434419BD

6706FB9E

C245A138

70EABDE6

BA090298

BC48A51D

6BC46422

3A746B82

41D45304

0C9E6F98

F2A354AC

1DD8A25A

A3831AAB

6B48772F

8BE6D530

FF1694E9

DC8A339A

95310FAF

154B1D4E

9CAF6ABB

B96B0D3F

1BC22951

F39DD165

54003667

06C6C4DC

EA766150

1526BE90

E4D99204

2B096007

F9F7AE5F

AB51E890

F602650B

94279580

61698A67

2F24B262

4014C19A

A3607D8D

1EC71FE0

3146A6E3

FB6A97A6

1947C279

42303CA4

6392F90A

6339045D

195DF0DD

F6FC6F22

3290C9C0

A10705CE

C1880A51

FCB0847D

00212AE6

B71FF96F

919165F2

2C7E12A7

CED29B63

0B0D4CBA

CEAC9739

1EB608FC

60028B57

2F2E50CA

75E8FB18

E22E858D

D34DC5A1

B52B1E3D

34EA4730

77512297

0AD73E95

5EC943F6

04A08F74

A1F776D2

A1F776D2

A1F776D2

A1F776D2

49CE06BE

18377F7F

18377F7F

18377F7F

18377F7F

5F07E187

D1A32965

D1A32965

6526E381

6526E381

6526E381

E2F79919

B018FB20

B018FB20

DAD24A55

DAD24A55

DAD24A55

85094299

804C2ECB

3B8E40A9

3B8E40A9

B384788A

F2C26C18

38F9F886

43B08783

43B08783

9F1574AB

9F1574AB

EFA952B7

70E97F13

516F4BD2

516F4BD2

629FD7AD

E704012E

E704012E

9240CD2F

491F4143

491F4143

7F5B224D

7F5B224D

7A4F8E6B

4A38E021

62D37307

5B566AC9

FFCD437E

FFCD437E

1C048251

0EF2B309

51DE5760

4DFA83F8

4DFA83F8

9C4BF905

3832722F

511CEFDD

511CEFDD

1DC89D33

DB79D48A

D40E733B

D40E733B

5B60D6FB

5B60D6FB

21311740

11912F68

37BBC6FB

37BBC6FB

6B58A91E

2236A446

2FB0CD74

2FB0CD74

2EC1F975

ADB960FA

994ACE4F

994ACE4F

BC3525B0

4E1032E1

2D40C0AA

5BCE77C6

1E266D8E

0C166A2F

DDAAB7CB

DA44234C

CA0F52BD

12C4ED29

A0AB0C91

1F2D1D63

F7258C3A

689C07CA

062D1AE8

062D1AE8

760ED8A6

9C1818E0

9C1818E0

FEC54204

349F8C62

349F8C62

4BA3F5CD

F603B9C6

F603B9C6

922430E1

8EBCE582

6CFF9824

2DC13230

1F5194A5

36674E81

BD573A5D

5EAE4D91

08E6DFBF

DAA7BCEA

73580ED4

E7789B99

9D9C1950

5325B1BA

AC8A7E09

043C312F

2E36C92D

98D0A6AB

81E1234B

FDB3FBE9

8D32F307

1E3A714A

C10FC609

563D5D4D

315DD590

A759C397

BAFE3851

85465082

C969E40D

B1035071

F7DFD513

5850E6B8

D9F0E006

885858CE

4DAF6654

1C47945F

8A593888

B238D6A5

0933A9E2

040A881B

A72702B6

FEA16FBF

F4501328

D3A701D8

37B754DE

1805F42A

7B0FA6D1

2613AF0C

235A4165

D641F6BC

07585F15

FBD188A5

315FDCC8

AF585C3A

49C21DCF

FB5970BB

D6EE7A27

53F9E481

E090D67E

033FFB51

94348698

94348698

18C2E218

18C2E218

D5736AA5

D5736AA5

C5A7E711

C5A7E711

91CF22DA

91CF22DA

CF91C3EE

CF91C3EE

B8D9543E

B8D9543E

66ED5624

66ED5624

F7C1D8B1

03CD8B81

28CA5F94

BA0963DD

813F2DFE

DF352934

3D9155E6

47C73189

31C53969

10DCEF93

13264FCB

A4308EEC

E2E1D181

EADA2FB1

F7675C0D

03070E72

AE4D185B

92BBC435

2C432BF6

1262A880

02365F5B

CBF25338

651F4321

6CDAA7EC

DE222CF2

8385D6F4

613F6530

B6406E3D

10581283

12345678

2DF8F25C

12345678

12345678

12345678

12345678

12345678

12345678

12345678

EA2D9560

EA2D9560

B553C02B

B553C02B

B553C02B

B553C02B

E1ED911E

E1ED911E

93964DAB

AFE07708

AFE07708

AFE07708

47D0B782

47D0B782

23EF7D54

F1170B66

F1170B66

F1170B66

9617F5A9

5C03D64F

313AB308

313AB308

006C3478

006C3478

08275B95

63EF29F3

F635D51C

047666DC

047666DC

D9A48582

D9A48582

8ECB2FF0

20261704

C5B5DA30

C5B5DA30

C5B5DA30

0E75B80E

97744153

97744153

4BA5A24C

4BA5A24C

4DAD2E3B

73E7842B

73E7842B

7A208349

7A208349

7A208349

1A64EADC

1A64EADC

392EBA76

57662722

2C73AC1F

2C73AC1F

FECDB81A

12345678

12345678

12345678

12345678

12345678

12345678

7D8E594F

7D8E594F

7D8E594F

7D8E594F

7D8E594F

7D8E594F

08B86F86

08B86F86

889136B4

1A5F18B2

F4CC4E48

46E4152B

46E4152B

BADCA73E

BADCA73E

649FD1D3

649FD1D3

2D38C6E7

2D38C6E7

070C7D74

D0A13CCC

D0A13CCC

F44C3437

F44C3437

A4EC284F

A4EC284F

A4EC284F

A4EC284F

A1E27C94

58DE44E0

58DE44E0

F79A0B21

F79A0B21

F79A0B21

87C3A4E0

C69C1A4F

C69C1A4F

72637057

D3414EEF

D3414EEF

828C9776

7BFA13B5

7BFA13B5

71ABB871

7C511FFB

DC7D7D6A

8A2E02BB

4B8E1625

4B8E1625

BA044AE3

AB538F79

0B47D6FE

1B94CAE0

1C673D85

1C673D85

9864D7F5

55194397

55194397

E0067BD9

AF2118A4

6B2CCF7C

CF6D792C

CF6D792C

CF6D792C

CF6D792C

A754EFE4

A754EFE4

A754EFE4

A754EFE4

A754EFE4

8FA5B840

38E3F28E

A924F895

3AB00195

4375A8C9

64DFB0A2

0538410A

96A33CD3

09614876

09614876

4DE9B5A5

5931170B

5931170B

0F8CC3C3

B2CD21CA

B2CD21CA

0D0BB0AE

0D0BB0AE

35626AB6

F2F94349

32618EE5

DD684F32

9F1F594D

FEBB6ED0

B3EDA965

42D91623

4284C65A

D5190361

56502336

A744CFE9

B5462767

6C6F3066

DD88CCBD

12345678

12345678

12345678

A7DCA4CA

90C35A28

E2020F1D

09C37F49

2DA0640C

E26AEF02

9C5AE144

B3776555

9F6EEC21

6A9BEFD6

0F0EBE56

1F437461

2F760450

36E9FDAC

3EC74BD0

ED710ADF

12345678

55B54CC9

AEE9BFAF

B4C9E38B

A58B5F52

5F6E2A79

438B7EE5

EA517DBD

450F029B

369C635B

8C526641

EA6BF7ED

8F3BD167

CC8C8FD6

F47CFE0E

F4A3A227

2BAF56D5

9448E9E8

DF7DD119

06BE1EE5

AD97E3A0

4E6C7972

C1002B2E

0A62E1C8

25E0CE36

7F03FDC1

F45D8230

7A049EB7

1896D16F

17F9C319

52904C5A

1F709CEA

BA9668E3

446F7D45

B9CD80F2

028D59CC

A5984B07

75D8219C

58F99ED5

119D90B8

09CBA0AD

9538D5FD

B1F8AAD6

F33A7E07

E0FAEED6

E0FAEED6

E0FAEED6

BAAFC7DF

3DED0651

2A108912

1B6A4990

2743EF2F

2743EF2F

37EB0B40

BD8E46F2

BD8E46F2

F632BC8D

0CD49D04

E03E6E87

A29129ED

68790D1A

68790D1A

68790D1A

75FB1757

6538FAA1

4202A2E3

EAB8420D

EAB8420D

EAB8420D

EAB8420D

FBD12C9F

025D9A6D

025D9A6D

B332AE8F

B332AE8F

69D19D85

74D92C6B

72C587CE

72C587CE

8F49CE93

492B0408

FC9C7948

A4A5A43D

A4A5A43D

87D78299

2727F2CC

2727F2CC

2727F2CC

5712C8D5

5712C8D5

C9DC60B8

056495FB

056495FB

9BA4C8CC

0CCEF6D4

0CCEF6D4

46974764

6B92EB15

8ED69367

8ED69367

E8AA60B1

93F42509

88D12BAC

455227C3

455227C3

CA911D31

BB46C2E3

BB46C2E3

1576EB9A

1576EB9A

8DB8D243

01909EFF

01909EFF

2DEB0D5B

09A597A0

9ACCA517

A140EB81

A140EB81

6135E1C1

A7EA4701

A7EA4701

A7EA4701

42D9B104

96B87C09

96B87C09

96B87C09

14E71109

2355C229

2355C229

2A1228C4

AEC5F5E1

145BC8DB

0D47E7B5

E42B4660

2636DAA1

5F892EFC

DAA2D5BB

075759A8

1496A809

317B70BE

D5F79A15

9B65447E

93F7A79B

99EC33FD

B82A7C87

1F070502

E41D3203

8AB6DADD

1ECC789E

A9ECB16E

EFF3690B

70EA3C22

549A3109

35E363C7

D5789C7D

B836DC59

3E273992

236B339C

4D06BD8A

37E06E56

88D04801

3D0EDE57

BF11FB86

BF11FB86

8413F22C

8413F22C

E48296BD

E48296BD

439937E2

439937E2

3F9343BB

3F9343BB

38F0C681

38F0C681





C82E192E

1DD28DA1

5814ED78

71DAC734

71DAC734

B296C116

8CFCB700

41DA1524

570E6A7B

21D47CDA

3DAC338F

3DAC338F

5BD9C17A

0B08A2F3

FCCABE21

655224D6

7D0EBCD3

7D0EBCD3

8E0E1FED

8E0E1FED

8BBACA68

237B1C1A

237B1C1A

83019A37

83019A37

36FCEC64

190301E6

1CF7676D

1CF7676D

1CF7676D

12345678

12345678

12345678

12345678

12345678

12345678

12345678

12345678

12345678

12345678

12345678

12345678

12345678

12345678

12345678

5F9EEA8F

5DF66D11

45E71204

45E71204

D508E053

D508E053

D508E053

6D34E0E2

6D34E0E2

E210EFAB

4BED4562

4BED4562

4BED4562

4BED4562

F20A869D

F20A869D

F20A869D

B87FFA4E

B87FFA4E

FB33CC67

FB33CC67

8D5581D5

8D5581D5

8D5581D5

330B5628

330B5628

8A7FEE21

238278B9

238278B9

9A2B5227

3FEFA345

3FEFA345

A1D873CC

E80DFE9C

E80DFE9C

E80DFE9C

EE3A45E8

EE3A45E8

CED150A8

CED150A8

8810EE61

3207D0E0

3207D0E0

EB850128

EB850128

EB850128

ED0020D9

FCE72881

FCE72881

01ED7522

01ED7522

07237661

07237661

07237661

17DCF0F8

912C8B8C

5EF026B7

A0308E3E

A0308E3E

F40462F0

A90602B2

1BCBEB27

B46E61D3

B46E61D3

941BA8FB

941BA8FB

941BA8FB

941BA8FB

941BA8FB

31E702D0

89BE5AFC

89BE5AFC

89BE5AFC

89BE5AFC

89BE5AFC

89BE5AFC

44888787

305EF109

F5D12484

EB78437B

5A7B60F3

44EE2207

44EE2207

96D94534

2BD1BD68

2BD1BD68

2BD1BD68

026518F2

4895EEF5

4895EEF5

4895EEF5

4895EEF5

1157A5DC

1157A5DC

DA9B9BBE

8E7F5FD4

8E7F5FD4

1D248A00

1D248A00

51487211

04DD15C8

04DD15C8

AD12784C

AD12784C

A4B3D30F

A4B3D30F

A4B3D30F

8FDEBB3F





























































































A5B87216

EBBFA1FC

1570AAD0

63857E41

0C916417

0C916417

0C916417

C51D028F

72B881D4

42841199

6CC0CEB1

C9FA1ADA

C9FA1ADA

C9FA1ADA

C9FA1ADA

57527BC6

6589C72A

6589C72A

33B3A408

768E8A6B

768E8A6B

768E8A6B

3EA8709D

C7EA3070

742C0251

34A55436

34A55436

34A55436

F994CF09

BCCCD930

225C590B

225C590B

9AAE36CA

9AAE36CA

3ED47DC4

3ED47DC4

3ED47DC4

E4C579BA

6607F006

6607F006

1F358ABF

1F358ABF

9A902E56

9A902E56

9A902E56

69C6CE02

D3F4E98E

D3F4E98E

F24F78C9

F24F78C9

C0957DEE

C0957DEE

C0957DEE

F30E5C27

4C7566A7

A91CFB50

A91CFB50

0788A1E5

784E7626

237BC332

237BC332

C25CA2A1

C25CA2A1

C25CA2A1

19B698F5

67DEEC36

67DEEC36

AFED2E71

AFED2E71

4B39101E

9CF34853

9CF34853

9BC49A24

9BC49A24

BD50C38C

466A4D8E

466A4D8E

466A4D8E

3EBF8324

05E43CEF

27E60320

68B5D8D2

861D1B80

9D52730E

DB80646F

DB80646F

12345678

12345678

12345678

12345678

12345678

12345678

12345678

12345678

12345678

12345678

12345678

12345678

12345678

12345678

12345678

12345678

12345678

12345678

12345678

12345678

12345678

12345678

12345678

12345678

12345678

12345678

12345678

12345678

12345678

12345678

12345678

12345678

12345678

12345678

12345678

12345678

12345678

12345678

12345678

12345678

12345678

12345678

12345678

12345678

12345678

12345678

12345678

12345678

12345678

12345678

12345678

12345678

12345678

12345678

12345678

12345678

12345678

12345678

12345678

12345678

12345678

12345678

12345678

12345678

12345678

12345678

12345678

12345678

12345678

12345678

12345678

12345678

12345678

12345678

12345678

12345678

12345678

12345678

12345678

12345678

12345678

12345678

12345678

12345678

12345678

12345678

12345678

12345678

12345678

12345678

12345678

12345678

12345678

12345678

12345678

12345678

12345678

12345678

12345678

12345678

12345678

12345678

12345678

12345678

12345678

12345678

12345678

12345678

12345678

12345678

12345678

12345678

12345678

12345678

12345678

12345678

12345678

12345678

12345678

12345678

12345678

12345678

12345678

12345678

12345678

12345678

12345678

12345678

12345678

12345678

12345678

12345678

12345678

12345678

12345678

12345678

12345678

12345678

12345678

12345678

12345678

12345678

12345678

12345678

12345678

12345678

12345678

12345678

12345678

12345678

12345678

12345678

12345678

12345678

12345678

12345678

12345678

12345678

12345678

12345678

12345678

12345678

12345678

12345678

12345678

12345678

12345678

12345678

12345678

12345678

12345678

12345678

12345678

12345678

12345678

12345678

12345678

12345678

12345678

12345678

12345678

12345678

12345678

12345678

12345678

12345678

12345678

12345678

12345678

518E9E17

2FF88398

1A46DE6F

CDD45E8F

A2869CC7

71E2DBB0

71E2DBB0

71E2DBB0

2A0309EA

2A0309EA

2AD6DB0F

2AD6DB0F

819B5BBD

0CA23F0F

66F7FF2B

E0E7AC9B

5D7AC038

9C7118A0

C39F06DF

C39F06DF

3282298F

3282298F

C14D6915

C14D6915

8C7001EB

8C7001EB

84B6EAB0

BDB416B9

BDB416B9

7B3FD6A0

7B3FD6A0

7B3FD6A0

5CB00B4A

FB364506

D7CC83B8

D7CC83B8

37F18997

A88AC596

A88AC596

1BE88BD3

7AD1AC03

7AD1AC03

1134DBAB

1134DBAB

4DAA4297

E8DA2167

E8DA2167

BA57A761

BA57A761

9D8A8361

5933216A

B9DF0870

B9DF0870

B9DF0870

8BF5026D

8BF5026D

3955B960

EBD4FB90

2807B0BA

2807B0BA

2807B0BA

1F6B61C5

1F6B61C5

7E2DF458

459D5270

459D5270

B52FB7D1

B8D7E5D3

B51C483D

8EAD2237

8EAD2237

8EAD2237

8F6FE4AC

928BFD03

C000AF1F

4762F6C7

C39A20A9

C39A20A9

783B4B50

9619D4CB

9619D4CB

B3D324D2

6F478084

C282B9C3

C282B9C3

FD85DBCF

31756DD8

CC9CD95D

CC9CD95D

CC9CD95D

3D22DB7D

FD871483

B20D3842

7F5B5DDD

B025E26B

B025E26B

08074790

08074790

08074790

42DFCB2A

F2CAAB60

FA75B114

EF49442D

49B12DAB

49B12DAB

3AC85ABA

13B69D21

3F17D453

EFCA25E0

556AD7EB

556AD7EB

3EB5AC15

3EB5AC15

98D1290F

CDB06634

DE98CF9E

723DE157

723DE157

44949ED7

44949ED7

E472D10C

25920DF2

96E210D7

F5149670

F5149670

0EC43541

71E34BC1

71E34BC1

32134170

37B1CD3B

0395EE2D

06A09A71

71EBE338

784813FB

784813FB

784813FB

02AEFFA2

35D776EC

9C1437FF

9C1437FF

99B7AEA3

99B7AEA3

F14C451C

F14C451C

295BFEA3

38CD0D00

FB6C6DDB

DB894AAA

4BF148C4

1C6DE378

BE0F9A35

E2C9482E

E2C9482E

B4CBB9A5

E05DBC9A

4FD0C4FB

4FD0C4FB

E57B6F89

9F572C29

6C54F700

0CE7815E

EC100805

E8878FD5

903303B4

903303B4

E86B26F5

977FE804

9BEA0D31

9BEA0D31

C84A51EB

22CCDFD8

BC90C682

341E5AFE

2BB83DE1

4B3FA06B

24F308D3

007D4BEA

66465D4A

3C7C2A08

4A31F307

21E1310E

21E1310E

B40159C5

27A5C8F0

27A5C8F0

D677724A

F5D3EEE9

69BF647D

6521455A

5BF7EE2E

E8257BAD

84B7E0AC

E4A1DAB0

9C53D078

0C9B18A0

9FB5227D

E9E5ED61

8F5F4A55

7E064C1A

3F450061

04A992DD

F6F8298A

DD479D37

43E87171

7E4113FC

69A908A8

22112A0F

01CBFB75

A6253CFC

B3E0C0BA

B601FDEF

C008E831

B3F889FD

0E01F129

74685F3A

9A085CF7

4B6649EC

BC3FF534

88C5F256

70BF658D

70BF658D

7A908A8F

7A908A8F

B685042B

ABDFFA1B

E8474D83

E8474D83

A4770F4A

5ED0E519

5ED0E519

9F92908E

AAAE429E

528B0C2A

6F448693

FB19880B

75FE467B

9CA9191F

861265A6

BA71C083

85AAC443

2B28DA44

96C43E6D

13FA5AD2

2D3AD579

12345678

12345678

92F03CB3

DAA32C7A

BC26C5E0

7305BA72

DB28AC25

BBC135E9

BBC135E9

1DEA5D1B

C3269107

C3269107

C3269107

C3269107

0BA8B981

D286CC1D

67F8101D

6440606F

892EBA2D

2BD3F07C

2BD3F07C

344347F7

344347F7

C4DDAEAB

C4DDAEAB

883AA924

883AA924

15D74874

15D74874

15B4842F

15B4842F

15B4842F

15B4842F

180EF603

973B2C3E

973B2C3E

F4065FE2

3BB99F68























12345678

12345678

12345678

12345678

12345678

12345678

12345678

12345678

12345678

12345678

12345678

12345678

12345678

12345678

12345678

12345678

12345678

12345678

12345678

12345678

12345678

12345678

12345678

12345678

12345678

12345678

12345678

12345678

12345678

12345678

12345678

12345678

12345678

12345678

12345678

12345678

12345678

12345678

12345678

12345678

12345678

12345678

12345678

12345678

12345678

12345678

12345678

12345678

12345678

12345678

12345678

12345678

12345678

12345678

12345678

12345678

12345678

12345678

12345678

12345678

12345678

12345678

12345678

12345678

12345678

12345678

12345678

12345678

12345678

12345678

12345678

12345678

12345678

12345678

FD4DD2DF

FD4DD2DF

BF1C8259

BF1C8259

BF1C8259

6D44AE21

6D44AE21

6D44AE21

0069532D

0069532D

0069532D

98ADD623

D3C576B8

D3C576B8

D8B0F562

D8B0F562

D8B0F562

C178730E

C178730E

C178730E

8D5252D7

8D5252D7

8D5252D7

4434BD1C

4434BD1C

4434BD1C

12F71BF3

12F71BF3

12F71BF3

791DF730

791DF730

791DF730

3047D1A9

3047D1A9

3047D1A9

2E4A3CD5

2E4A3CD5

FC469958

FC469958

F50019CC

F50019CC

47DA6394

47DA6394

C0618448

C0618448

B8B3CE88

B8B3CE88

B12E9EA9

B12E9EA9

545F0E7B

AF0180E2

C8174DF2

07B2D100

76A80E4E

AAD65C76

D1A86D63

4BCFB647

6369D39A

6369D39A

2C81B8B0

FD82185A

0A5999DF

0A5999DF

E01E3AE2

7396DEDC

C1F4D5C2

DB32A567

8F175413

522C9DFC

B7B950D9

B7B950D9

AB223E75

AB223E75

ADCB464E

ADCB464E

913E0286

913E0286

9D1F91BE

B8202F05

0ED3208C

A8FF17A9

8643409E

59D76F6C

C4E38839

6FC9A814

E5648A27

57007295

95B9772C

DFC00964

FA697256

3D0C3145

60AE0BE7

0D322FE8

4F529B40

4F529B40

4F529B40

E22CFAFD

2D80EF66

7C05C9DE

142B7758

2508E252

B6C18139

73E3F894

552FD8F2

552FD8F2

552FD8F2

12345678

12345678

12345678

12345678

12345678

12345678

12345678

12345678

12345678

12345678

12345678

12345678

12345678

12345678

12345678

212C4D6C

212C4D6C

212C4D6C

74E60D47

55A2E650

5C2FDEDE

5C2FDEDE

5C2FDEDE

5C2FDEDE

244991B8

EF71D7F9

EF71D7F9

EF71D7F9

64D50A5D

44C4DAC8

9F9BBEC1

9F9BBEC1

9F9BBEC1

9F9BBEC1

2C17A0F0

6B9AF750

6B9AF750

6B9AF750

309A9DDB

AC517EDC

613D9856

613D9856

4E28159B

4E28159B

44A35A7B

44A35A7B

5FC355A0

5FC355A0

65187FF3

5596DBAA

5596DBAA

0D8EA45C

DF6D0B3C

2E628F25





























































































































































































































12345678

12345678

12345678

12345678

12345678

12345678

F2550D90

7A9C5141

2B97AD48

60646C84

60646C84

8D33177C

A70F5577

D214D0B5

7D9F996E

E968E69D

B7DE895A

241CD8DD

0BF6E2AE

2475A5BA

87C6DAC0

99FC8EFB

E24A626D

6D97E006

FE53B405

33DA1C56

B0D0EDBB

8D1B57ED

DBE59A0B

DBE59A0B

C40F0329

C40F0329

58F450D4

AD44F1E4

9A9624C1

3AFEFE27

033A6509

C7FE082B

8F264938

D522D6C6

3D102500

E5F6F972

DE0D497F

616CFC2F

B0FD30F9

546E4D91

0726B548

CF56EB06

161EA755

89718DA7

19E520EC

A425E0E4

1E099478

65101BD7

EC713A75

C0890C19

D0A4C755

A5629C8A

5BC8C91B

9FF450F8

784A13A2

99BA43C9

01B068DD

2EF3AAC0

52573EC8

95A7C93E

B7725559















































































4F56DA13

E05EAB06

AFE4FB5D

4D21AA21

E0BD2067

85519386

C9A02F77

4113028E

749BC4D9

BDE31573

502C24A3

510454A9

26EBC3A8

26EBC3A8

1F6CEE77

6822F1D0

06E94C1C

60A592C6

E5B0D9FE

FE1864E8

FE1864E8

4AF9F3B0

92A1073D

5B1F7B0B

80435790

0862F02C

31A897B2

961A47D8

69D84645

BB2705D8

A7D422F1

27CC10CC

2D48FE8F

4FC46973

3731D251

39B9E917

4BA0EBD9

B1FE2B86

F521D8B3

9FCD8140

E8F8ABAA

EF3132F6

7D0CEEE5

B842DDC2

8896EE59

2C03C116

A9850099

6D83F326

B082A330

58FDC809

19BDCB72

6332DB03

E985CF11

AD4B795C

C03CB4AE

50C1B690

DD97E15A

D6C8AE64

E47E9F4B

FC9FA8A4

17A5641F

4B925733

4B925733

4B925733

12345678

12345678

12345678

12345678

12345678

12345678

12345678

12345678

12345678

12345678

12345678

12345678

12345678

296982E9

DE808A5E

DE808A5E

8DC9DE39

8DC9DE39

0ED8AD10

04B237A2

04B237A2

04B237A2

04B237A2

7275CE89

7275CE89

C91ADAE7

CA23F6F3

87CF0DF6

59706197

D81F6897

1480D603

9B1C8879

704EDD1B

5E4E0058

3BA790EA

BCCBD5F3

9D957E91

AFC014D9

45FE1DBA

45FE1DBA

697317A0

F4876A44

08706569

B980D459

A95300E7

6CEB6858

13511882

C917BADB

3D0EF3C2

79D07302

22A8B7AA

78A705F0

CFEEA553

C37C720A

8855AAA3

8855AAA3

8855AAA3

8855AAA3

9C364BB6

BF890D77

BF890D77

AFB1554E

1461D970

25033758

E9AE9871

3B7C8FDB

66E6ABA0

920284BD

321C6A24

5CBF1D88

3053A98B

E68813F6

71999689

BA990466

622328EF

A0BC8196

AAD71408

336A023D

73348B14

06059126

8653AACD

0D9ECDCA

AEAC5C3A

0F68E1A9

3464DB4F

3464DB4F

3464DB4F

3464DB4F

BD54D5C9

1407CCFB

52DC40A4

A9904804

D4A58E8D

FBB6F808

C52763C6

4DE3FEFA

604B1401

205B0E9C

90159787

7100B39D

1ACAC911

D5F0162A

DBF7230B

3B14C7A2

6BE3F822

01D4FF76

2080149F

403BAF33

54F2D3A7

4D4B7204

4D4B7204

CBB53533

2600B048

2600B048

2600B048

2600B048

5CAFCBF9

3702E445

80BAF21A

0004A911

0004A911

0004A911

0004A911

0004A911

0004A911

0004A911

0004A911

0004A911

0004A911

0004A911

0004A911

0004A911

0004A911

0004A911

0004A911

0004A911

0004A911

0004A911

0004A911

0004A911

0004A911

0004A911

6698F37E

BC5046EB

2A0B016F

AC85D25D

4A61B62F

3BA7E1A7

FF9A1E5D

C5A74A91

FA16DE16

8674DF4A

4C5165F5

71B9EFBF

15273082

15273082

9DF6D16A

5673F586

6DBCBC15

188E8F0E

3C5F2D61

71997EFB

4003B9AA

2C0F08B7

269939DE

849EFC9C

41997A32

596B2665

65E07302

10252F80

B876D737

B876D737

B876D737

50F685DF

50F685DF

50F685DF

42C776F6

BBFF910B

0A570B36

F6F131E9

B87979B6

394F95F1

1CB0C68D

83E3D13E

D6256091

3DB11097

30AE3E48

27A68418

56791B36

79A930D3

5A3C108D

FBECCF95

30794BCA

197BCB44

498EEE01

5DC1F76A

FD470906

3946A35A

F4F7DABE

F4F7DABE

E64CF6BE

E64CF6BE

E64CF6BE

77AA1334

77AA1334

12345678

12345678

12345678

12345678

23F598FF

D6672E27

D6650D9B

6A1D9501

40E3C9E6

40E3C9E6

B305D11E

38CC6F22

5B4546E0

5B4546E0

7DB7ABFD

7DB7ABFD

EC8D4488

D5C73FB7

2B91B8D0

BC89FC40

BC89FC40

BC89FC40

C6D1C812

C6D1C812

C6D1C812

48EF9D9C

5F4086F2

5F4086F2

3DBCD171

3DBCD171

3DBCD171

3855687B

3855687B

3855687B

ABE088C8

ABE088C8

CC94D7E1

CC94D7E1

CC94D7E1

2F8CE8AD

2F8CE8AD

2F8CE8AD

CA09FFF3

CA09FFF3

CA09FFF3

C26972BA

9E2F6501

9E2F6501

9E2F6501

80252F1E

4FD8AFCF

6E292468

9961745B

9961745B

5A3EB857

27577C79

3348A009

7D18D8F1

D8D5C103

41B1895F

55CE205C

E46D0A6B

73EF6359

72E971E5

B186C75D

58CCF941

C981789B

D0725F31

D0725F31

B5268E03

3B827661

7D64FF22

7D64FF22

1CEA00F4

3CCE6998

11E95ADB

00A92246

8FC35088

85AB3B4A

CA668DE4

8BDC6A2F

3BDD67B9

3BDD67B9

3BDD67B9

3BDD67B9

3BDD67B9

251C76FF

251C76FF

251C76FF

251C76FF

E7E2C338

5063E63A

8FB5C40D

C6759643

992843E5

53ADCC13

91B22F33

71CD8F01

71CD8F01

6EA9FA01

49113BEF

5A598B3B

BA4C5E89

D31FD21B

96D837DA

96D837DA

96D837DA

EC953CDC

C79BF4F4

29B12E6E

ABF89B0A

ABF89B0A

ABF89B0A

ABF89B0A

ABF89B0A

9D01F920

33D7BD69

65C7E89B

078B15C8

A90D9C40

C94FEA55

734AEEAD

0FB7D91C

8F3EAAEF

6468D958

1A168728

1A168728

A08CABC8

FA1AA816

9E9490DB

9E9490DB

394E2926

455E148F

455E148F

455E148F

455E148F

F9C9236C

F9C9236C

31306B62

D6FD026F

D6FD026F

50CEBE1B

50CEBE1B

50CEBE1B

EC8082FA

8E4657A8

8E4657A8

8E4657A8

8553476D

B4BB3EF6

B4BB3EF6

1AF0B715

1AF0B715

1AF0B715

12345678

12345678

12345678

12345678

12345678

12345678

12345678

12345678

12345678

12345678

12345678

12345678

12345678

12345678

12345678

12345678

12345678

12345678

12345678

12345678

12345678

12345678

12345678

12345678

12345678

12345678

12345678

12345678

12345678

12345678

12345678

12345678

12345678

12345678

12345678

929E2759

929E2759

7BAC83D1

099BA21F

099BA21F

F89E48A6

F89E48A6

F89E48A6

F89E48A6

F89E48A6

F89E48A6

3B86BD23

3B86BD23

C54AE040

2A2E8533

017BBD48

BA288133

39E69F9C

7EBF1A87

1DB9FDA5

D7D2D050

84851614

FB6CFDE2

C21B5BAB

98D13376

75891672

49D22682

89D740A3

89D740A3

A5B0D8A8

DF991316

68413DAD

485EDDC4

485EDDC4

75D5E438

635C808E

70A30394

CA82B27D

CA82B27D

CA82B27D

CA82B27D

AEAF7F65

7E2ABE6F

5CFBA4C8

77DBDDDF

67C60645

442135BE

442135BE

442135BE

3E15E97F

BFFB3D52

BFFB3D52

A183A165

1E0B3F04

1E0B3F04

1E0B3F04

C2E2DEA5

18C75CA6

18C75CA6

624D1D9B

624D1D9B

AB545DE4

AB545DE4

AB545DE4

A7B9388B

60445924

60445924

60445924

A959275D

A959275D

D25EFCF4

2698DB98

D83575A2

D83575A2

D83575A2

D83575A2

DE65DB8F

19320E3E

19320E3E

34A9947F

34A9947F

34A9947F

C2A30F55

1A763723

1A763723

1A763723

04B5C398

04B5C398

04B5C398

12345678

12345678

12345678

12345678

12345678

12345678

12345678

12345678

12345678

12345678

12345678

12345678

12345678

12345678

12345678

12345678

12345678

12345678

12345678

12345678

12345678

12345678

12345678

12345678

12345678

12345678

12345678

12345678

12345678

12345678

12345678

12345678

12345678

12345678

12345678

12345678

12345678

12345678

12345678

12345678

12345678

12345678

12345678

12345678

12345678

12345678

12345678

12345678

12345678

12345678

12345678

12345678

12345678

12345678

12345678

12345678

12345678

12345678

12345678

12345678

12345678

12345678

12345678

12345678

12345678

12345678

12345678

12345678

12345678

12345678

12345678

12345678

12345678

12345678

12345678

12345678

12345678

12345678

12345678

12345678

12345678

12345678

12345678

12345678

12345678

12345678

12345678

12345678

12345678

12345678

12345678

12345678

12345678

12345678

12345678

12345678

12345678

12345678

12345678

12345678

12345678

12345678

12345678

12345678

12345678

12345678

12345678

12345678

12345678

12345678

12345678

12345678

12345678

12345678

12345678

12345678

12345678

12345678

12345678

12345678

12345678

12345678

12345678

12345678

12345678

12345678

12345678

12345678

12345678

12345678

12345678

12345678

12345678

12345678

12345678

12345678

12345678

12345678

12345678

12345678

12345678

12345678

12345678

41E8BF7C

A0C15AD3

9803036D

2449A372

B3430090

F12EBB1C

F12EBB1C

F12EBB1C

5EDB9343

5EDB9343

5EDB9343

5F8C8C76

0010000A

0010000A

12345678

12345678

12345678

12345678

12345678

12345678

12345678

12345678

12345678

12345678

12345678

12345678

12345678

12345678

12345678

12345678

12345678

12345678

12345678

12345678

80C76D27

4C709F16

D83F3CF3

A0C8D227

525B7F3E

8911C77B

8911C77B

AFCC7470

AFCC7470

3D6A2396

3D6A2396

3D6A2396

3D6A2396

170EF171

0D2D0794

28905B53

28905B53

28905B53

009CF7EE

D6C0564F

489B81A4

5DD2FB59

23ADED49

23ADED49

23ADED49

23ADED49

FC679A1C

DEE3A977

69BB999D

69BB999D

69BB999D

933509A8

933509A8

FEC25699

13591FC6

13591FC6

8511BD6F

8511BD6F

DF6A479B

DF6A479B

88A9F64B

EDC28D2A

998773F8

8C0159E4

0C03FDC3

0C03FDC3

51A5CCF9

EEDD332B

E70EF4F1

F72BA6BC

D4B0F4EC

D4B0F4EC

D4B0F4EC

9888AE51

245236A2

273ABD04

522BFA08

522BFA08

897D2AAA

897D2AAA

897D2AAA

6302299C

336274E1

336274E1

0F1AD9E5

0F1AD9E5

0F1AD9E5

D7B1FBE2

D7B1FBE2

6A02488B

44435070

2B9C2875

2B9C2875

2B9C2875

E768E407

1AED57AC

30682022

30682022

30682022

42566074

42566074

42566074

42566074

23A131C1

23A131C1

12345678

12345678

12345678

12345678

12345678

12345678

12345678

12345678

AAB42DC2

AAB42DC2

504FA448

47623C87

18E6C1FB

C0CAFF97

CC07ADC2

FFA44F30

FFA44F30

0349F2B7

0349F2B7

C0D22527

052E15E8

11C82EC4

0F098B58

0F098B58

A12A96A6

A12A96A6

EC61BD76

0BCAA6B3

6F1267A2

6F1267A2

6F1267A2

7760A920

11C96C9B

11C96C9B

22D4389E

22D4389E

18D1EE22

DA636EA3

DA636EA3

DA636EA3

DA636EA3

A3883712

A3883712

B67FA880

B18B2310

73749F8B

E9980BF8

E9980BF8

2DA1E255

2DA1E255

12345678

12345678

12345678

12345678

2241F7C8

4812AEB0

6A9D8665

D4C037BC

57EF636C

8C8F96B1

8C8F96B1

8C8F96B1

A0BE2F79

9FE9B424

5796440B

5796440B

47D0FC99

47D0FC99

47D0FC99

F85C6BC2

8120E752

B3AFCE3C

EC147D16

48F59604

2DEE0B31

2DEE0B31

2DEE0B31

69C61914

D5040FA5

D5040FA5

802C0589

ABAF7889

ABAF7889

2B4E6119

1991229F

AA80EC1D

A9A29669

A9A29669

A9A29669

EED1F718

324B9829

324B9829

31CBE130

31CBE130

2522C2EA

2522C2EA

4781DA34

4781DA34

4781DA34

1CCE0AD1

E4C85B7E

E4C85B7E

11F92CFF

19150F48

19150F48

19150F48

F8ECA204

FD200A89

FD200A89

FD200A89

A90C8332

A90C8332

A90C8332





B942568A

42186F45

58648094

EC80DA9B

AA12EBB1

17A4DA60

17A4DA60

17A4DA60

100457B4

7B25D53F

7B25D53F

52764125

77235506

77235506

77235506

54A72B00

2A8E08D4

68DBA9BF

49DA389B

49DA389B

BACF1282

BACF1282

BACF1282

644D65B2

EED94BF0

8A7FAF33

8A7FAF33

8A7FAF33

8A7FAF33

6374BFE2

6374BFE2

CF74279D

CF74279D

CC3B324C

CC3B324C

CC3B324C

CC3B324C

64E452E7

0DC111D3

0DC111D3

0DC111D3

0DC111D3

CB29DEA4

CB29DEA4

CB29DEA4

2EE3B11A

2EE3B11A

47EBDDC5

47EBDDC5

47EBDDC5

C025424A

C025424A

C025424A

12345678

12345678

12345678

12345678

12345678

12345678

12345678

12345678

12345678

12345678

12345678

12345678

12345678

12345678

12345678

12345678

12345678

12345678

12345678

12345678

12345678

12345678

12345678

12345678

12345678

12345678

12345678

12345678

12345678

12345678

12345678

12345678

12345678

12345678

12345678

12345678

12345678

12345678

12345678

12345678

12345678

12345678

12345678

12345678

12345678

12345678

12345678

12345678

12345678

12345678

12345678

12345678

12345678

12345678

12345678

12345678

12345678

12345678

12345678

12345678

12345678

12345678

12345678

12345678

12345678

12345678

12345678

12345678

12345678

12345678

12345678

12345678

12345678

12345678

12345678

12345678

12345678

12345678

12345678

12345678

12345678

12345678

12345678

12345678

12345678

12345678

12345678

12345678

12345678

12345678

12345678

12345678

12345678

12345678

12345678

12345678

12345678

12345678

12345678

12345678

12345678

12345678

12345678

12345678

12345678

12345678

12345678

12345678

12345678

12345678

12345678

12345678

12345678

12345678

12345678

12345678

12345678

12345678

12345678

12345678

12345678

12345678

12345678

12345678

12345678

12345678

12345678

12345678

12345678

12345678

12345678

12345678

12345678

12345678

12345678

12345678

12345678

12345678

12345678

12345678

12345678

12345678

12345678

12345678

12345678

12345678

12345678

12345678

12345678

12345678

12345678

12345678

12345678

12345678

12345678

12345678

12345678

12345678

12345678

12345678

12345678

12345678

12345678

12345678

12345678

12345678

12345678

12345678

12345678

12345678

12345678

12345678

12345678

12345678

12345678

12345678

12345678

12345678

12345678

12345678

12345678

12345678

12345678

12345678

12345678

12345678

12345678

12345678

12345678

12345678

12345678

12345678

12345678

12345678

12345678

12345678

12345678

12345678

12345678

12345678

12345678

12345678

12345678

12345678

12345678

12345678

12345678

12345678

12345678

12345678

12345678

12345678

12345678

12345678

12345678

12345678

12345678

12345678

12345678

12345678

12345678

12345678

12345678

12345678

12345678

12345678

12345678

12345678

12345678

12345678

12345678

253EBF69

253EBF69

18152C94

E5CB676C

E5CB676C

56CA51FB

56CA51FB

46B30081

46B30081

46B30081

23F4584E

23F4584E

D9FB902C

268EBCCB

2D23441B

CA186C6D

D9F423F3

D9F423F3

0190A083

0190A083

C462506B

C462506B

DAD6DA50

401B549D

14209859

23DC2FF5

F69ABDDE

6FF15A9F

88B59075

A44266F2

12345678

12345678

12345678

12345678

12345678

12345678

12345678

12345678

12345678

12345678

12345678

12345678

12345678

12345678

12345678

12345678

12345678

12345678

12345678

12345678

12345678

12345678

12345678

12345678

12345678

12345678

12345678

12345678

12345678

12345678

12345678

12345678

12345678

12345678

12345678

12345678

12345678

12345678

12345678

12345678

12345678

12345678

12345678

12345678

12345678

12345678

12345678

12345678

12345678

12345678

12345678

12345678

12345678

12345678

12345678

12345678

12345678

12345678

12345678

12345678

12345678

12345678

12345678

12345678

12345678

12345678

12345678

12345678

428D6C0C

7824E553

7824E553

8C374DED

D1D674A6

152F4C11

152F4C11

152F4C11

8191B0B2

1B381286

E1EC7ADA

7AB49BFA

1581ABB3

1581ABB3

1581ABB3

ECF1B1F9

EF77D2A2

B42C79A1

B42C79A1

B42C79A1

9525AC25

9525AC25

E605BE6D

E605BE6D

E605BE6D

4CBEA2F9

2BC55FAE

2BC55FAE

DF57B691

DF57B691

B03FE718

DA40D7A0

DA40D7A0

DF6099D5

B641C831

B641C831

F6B02F36

7DBD39D9

84DC8DA7

84DC8DA7

41B5904C

41B5904C

B1E94711

EEBCDF64

12A34622

26999351

A85020E7

9ADA1E99

9ADA1E99

9ADA1E99

60DC9F78

47C0C103

EDBA4A68

EDD68875

57E9D0BF

57E9D0BF

57E9D0BF

9CC69191

9CC69191

4AAD380A

4AAD380A

FC946D48

EEFE2014

EEFE2014

8FC36B32

2893FDF7

891CD843

891CD843

891CD843

0CFB6C9F

0CFB6C9F

0CFB6C9F

12345678

12345678

12345678

12345678

A012523F

66EDC65C

66EDC65C

66EDC65C

389BF9CA

389BF9CA

AA414E04

3FB63D75

3FB63D75

3FB63D75

FC2EF28A

60E0C32F

60E0C32F

0DD468E6

57A92D30

26ACC8E3

19920CC4

19920CC4

0CCBF4ED

0CCBF4ED

D7C39902

7CF54EAF

5D3E5E16

BC479394

4FE5581B

0EED69B4

5E2F1507

3AC08233

044D98C5

E99BD20A

5FF4F6B0

EB4C453E

EB4C453E

70418986

70418986

B53471AA

C67EF49F

C5B3BD93

13F0952C

13F0952C

2EA4B551

23C5191A

62A624E5

4785C942

8304FEEA

8304FEEA

8304FEEA

E2A65E3B

C36C6DCF

C36C6DCF

6E72C284

6E72C284

6E72C284

6651A007

E7ED6C73

E7ED6C73

196E6620

DC8582A2

DC8582A2

E0BF0D36

A3789D4D

4AE5E5CB

9CE13528

8F7E092A

B912DB53

B912DB53

D4411D85

14287311

14287311

B7158887

1091DE26

C0EA9B28

C0EA9B28

44CEC99B

44CEC99B

A7BABC9F

A7BABC9F

3FE75A50

47A1A730

4D96634D

A0264C80

A0264C80

A0264C80

81E60570

57DF7248

BEFADEC0

95CFBA15

95CFBA15

95CFBA15

D286B5A5

D286B5A5

D286B5A5

A6C6E8DC

A6C6E8DC

A6C6E8DC

57142550

57142550

37733EAC

37733EAC

8397F2EC

8397F2EC

6DC3D2BF

6DC3D2BF

274674DF

12345678

12345678

12345678

12345678

12345678

12345678

12345678

12345678

705D55FF

245E9B8E

506B61F2

85261F65

82DE3BDD

82DE3BDD

944D8C22

944D8C22

1FDB5DC1

F3B6715C

B3E9289B

32F5EC0D

7F8D5704

7F8D5704

7F8D5704

36733298

73CF198E

73CF198E

9604F698

C5CAED8D

608FA7B3

608FA7B3

608FA7B3

93C484FC

6AB140FD

6AB140FD

6AB140FD

622F5B1A

5471563E

7AABCE31

CC5C488B

EC25CBE1

EC25CBE1

048B3046

22A01728

12345678

12345678

12345678

12345678

12345678

12345678

12345678

12345678

12345678

12345678

12345678

12345678

12345678

12345678

12345678

12345678

12345678

12345678

12345678

12345678

12345678

12345678

12345678

12345678

12345678

12345678

12345678

12345678

12345678

12345678

12345678

12345678

12345678

12345678

12345678

12345678

12345678

12345678

12345678

12345678

12345678

12345678

12345678

12345678

12345678

12345678

12345678

12345678

12345678

12345678

12345678

12345678

12345678

12345678

12345678

12345678

12345678

12345678

12345678

12345678

12345678

12345678

12345678

12345678

12345678

12345678

12345678

12345678

12345678

12345678

12345678

12345678

12345678

12345678

12345678

12345678

12345678

12345678

12345678

12345678

12345678

12345678

12345678

12345678

12345678

12345678

12345678

12345678

12345678

12345678

12345678

12345678

12345678

12345678

12345678

12345678

12345678

12345678

12345678

12345678

12345678

12345678

12345678

12345678

12345678

12345678

12345678

12345678

12345678

12345678

12345678

12345678

12345678

12345678

12345678

12345678

12345678

12345678

12345678

12345678

12345678

12345678

12345678

12345678

12345678

12345678

12345678

12345678

12345678

12345678

12345678

12345678

12345678

12345678

12345678

12345678

12345678

12345678

12345678

12345678

12345678

12345678

12345678

12345678

12345678

12345678

12345678

12345678

12345678

12345678

12345678

12345678

12345678

12345678

12345678

12345678

12345678

12345678

12345678

12345678

12345678

12345678

12345678

12345678

12345678

12345678

12345678

12345678

12345678

12345678

12345678

12345678

12345678

12345678

12345678

12345678

12345678

12345678

12345678

12345678

12345678

12345678

12345678

12345678

12345678

12345678

12345678

12345678

12345678

12345678

12345678

12345678

12345678

12345678

12345678

12345678

12345678

12345678

12345678

12345678

12345678

12345678

12345678

12345678

12345678

12345678

12345678

12345678

12345678

12345678

12345678

12345678

12345678

12345678

12345678

12345678

12345678

12345678

12345678

12345678

12345678

12345678

12345678

12345678

12345678

12345678

12345678

12345678

12345678

12345678

12345678

12345678

12345678

12345678

12345678

12345678

12345678

12345678

12345678

12345678

12345678

12345678

12345678

12345678

12345678

12345678

12345678

12345678

12345678

12345678

12345678

12345678

12345678

12345678

12345678

12345678

12345678

12345678

12345678

12345678

12345678

12345678

12345678

12345678

12345678

12345678

12345678

12345678

12345678

12345678

12345678

12345678

12345678

12345678

12345678

12345678

12345678

12345678

12345678

12345678

12345678

12345678

12345678

12345678

12345678

12345678

12345678

12345678

12345678

12345678

12345678

12345678

12345678

12345678

12345678

12345678

12345678

12345678

12345678

12345678

12345678

12345678

12345678

12345678

12345678

12345678

12345678

12345678

12345678

12345678

12345678

12345678

12345678

12345678

12345678

12345678

12345678

12345678

12345678

12345678

12345678

12345678

12345678

12345678

12345678

12345678

12345678

12345678

12345678

12345678

12345678

12345678

12345678

12345678

12345678

12345678

12345678

12345678

12345678

12345678

12345678

12345678

12345678

12345678

12345678

12345678

12345678

12345678

12345678

12345678

12345678

12345678

12345678

12345678

12345678

12345678

12345678

12345678

12345678

12345678

12345678

12345678

12345678

12345678

12345678

12345678

12345678

12345678

12345678

12345678

12345678

12345678

12345678

12345678

12345678

12345678

12345678

12345678

12345678

12345678

12345678

12345678

12345678

12345678

12345678

12345678

12345678

12345678

12345678

12345678

12345678

12345678

12345678

12345678

12345678

12345678

12345678

12345678

12345678

12345678

12345678

12345678

12345678

12345678

12345678

12345678

12345678

12345678

12345678

12345678

12345678

12345678

12345678

12345678

12345678

12345678

12345678

12345678

12345678

12345678

12345678

12345678

12345678

12345678

12345678

12345678

12345678

12345678

12345678

12345678

12345678

12345678

12345678

12345678

12345678

12345678

12345678

12345678

12345678

12345678

12345678

12345678

12345678

12345678

12345678

12345678

12345678

12345678

12345678

12345678

12345678

12345678

12345678

12345678

12345678

12345678

12345678

12345678

12345678

12345678

12345678

12345678

12345678

12345678

12345678

12345678

12345678

12345678

12345678

12345678

12345678

12345678

12345678

12345678

12345678

12345678

12345678

12345678

12345678

12345678

12345678

12345678

12345678

12345678

12345678

12345678

12345678

12345678

12345678

12345678

12345678

12345678

12345678

12345678

12345678

12345678

12345678

12345678

12345678

12345678

12345678

12345678

12345678

12345678

12345678

12345678

12345678

12345678

12345678

12345678

12345678

12345678

12345678

12345678

12345678

12345678

5CAC45E0

852E6034

B687935B

F35531A2

0BE6E521

BE4FC63D

F1996994

19BDA2D4

D40AF909

71CC1064

2B21C9BB

518DA8DB

6A6FD574

6A6FD574

9D4AFE13

161FF329

DA02FD4E

0325AF3E

618CF308

7146CA24

822A3A9F

C7B2CF1A

35628C93

FA23D7A6

1E37EC6A

1E37EC6A

89A9CD1D

CBE4A5D7

CBE4A5D7

43B784D3

17B22486

7B7568AA

FFBAA9E2

6EE50466

07EC4495

42F0522E

8699CC56

A59DC446

E3B61E09

E43EA619

4E2AFACE

D7002359

671FD330

53B7F818

CF9FA688

506D07D4

9F48ACB7

E5AF9585

B9DB8AFA

946F3FE9

F95F092F

12345678

12345678

12345678

12345678

12345678

12345678

12345678

12345678

12345678

12345678

12345678

12345678

12345678

12345678

12345678

12345678

12345678

12345678

12345678

12345678

12345678

12345678

12345678

12345678

12345678

12345678

12345678

12345678

12345678

12345678

12345678

12345678

12345678

12345678

12345678

12345678

12345678

12345678

12345678

12345678

12345678

12345678

12345678

12345678

12345678

12345678

12345678

12345678

12345678

12345678

12345678

12345678

12345678

12345678

12345678

12345678

12345678

12345678

12345678

12345678

A61F8942

168AB1C6

F1F18553

A99AE243

574D0DBB

F3225613

6D8EC87D

7B19B433

5DFBC7F7

DE7BE6DB

4900AD1D

470BC38C

12345678

12345678

12345678

12345678

12345678

12345678

12345678

12345678

12345678

12345678

12345678

12345678

12345678

12345678

12345678

12345678

12345678

12345678

12345678

12345678

12345678

12345678

12345678

12345678

12345678

12345678

12345678

12345678

12345678

12345678

12345678

12345678

12345678

12345678

12345678

12345678

12345678

12345678

12345678

12345678

12345678

12345678

12345678

12345678

12345678

70E77299

BA162371

BA162371

FF463673

18A86932

B58AB646

C2EA0103

12345678

12345678

12345678

12345678

12345678

12345678

12345678

12345678

12345678

12345678

12345678

12345678

12345678

12345678

12345678

12345678

12345678

12345678

12345678

12345678

12345678

12345678

12345678

12345678

12345678

12345678

12345678

12345678

12345678

12345678

12345678

12345678

12345678

12345678

12345678

12345678

12345678

12345678

12345678

12345678

12345678

12345678

12345678

12345678

12345678

12345678

12345678

12345678

12345678

12345678

12345678

12345678

12345678

12345678

12345678

12345678

12345678

12345678

12345678

12345678

12345678

12345678

12345678

12345678

12345678

12345678

12345678

12345678

12345678

12345678

6A03ABB2

3C1F1E8C

3C1F1E8C

E5072B39

1971CDB2

577CD50A

12345678

12345678

12345678

12345678

12345678

12345678

12345678

12345678

12345678

12345678

12345678

12345678

12345678

12345678

12345678

12345678

12345678

12345678

12345678

12345678

12345678

12345678

12345678

12345678

12345678

12345678

12345678

12345678

12345678

12345678

12345678

12345678

12345678

12345678

12345678

12345678

12345678

12345678

12345678

12345678

12345678

12345678

12345678

12345678

12345678

12345678

12345678

12345678

12345678

12345678

12345678

12345678

12345678

12345678

12345678

12345678

12345678

12345678

12345678

12345678

12345678

12345678

12345678

12345678

12345678

12345678

12345678

12345678

12345678

12345678

12345678

12345678

12345678

12345678

12345678

12345678

12345678

12345678

12345678

12345678

12345678

12345678

12345678

12345678

12345678

12345678

12345678

12345678

12345678

12345678

12345678

12345678

12345678

12345678

7C5CF448

7C5CF448

F804F9BF

F804F9BF

9C2FF2F8

EE0F2FEF

07CA90C3

A47009C2

F9343FD0

6D0A5C96

AEC68C3D

97A3680C

B394668A

74CDC631

3A59CC81

D3D91364

D6AC448D

D76E2A2E

20376B31

5F725BBF

20669FD2

8C6B7B62

42ECEC12

AEF673D9

AE280DBC

5C84A9EC

5C347E69

097844CB

A3727FF0

AEE2D4A3

B4B3A99F

39E66894

641D6434

641D6434

58145986

0605B17B

0605B17B

75B13A3A

750942FF

B8FD7024

120710C7

ABE5C2D1

B8B9608B

862EB031

0290E4CE

1A2EED3B

C52D1021

BC62986B

BC62986B

955B07F4

2206BFAE

CFA82758

9173BF90

29260F58

7DEC063F

9649D3E0

C3EBF830

2DD0F073

BDE8FE93

EF09481A

33152BE8

980B3D62

D22137DA

72CA0CF9

B84EA137

5AD7EA44

2FAC45D3

A6456C1E

3FBC1011

ED4F9893

C95AFBA7

81EE4319

67A15C00

F0A1D809

F0A1D809

5DF60B3A

143406BF

9E858D60

FB4A69E2

26810DFB

345C851B

3F99DE02

EFC79AF7

8E7F3C4A

F26564F9

F26564F9

76868B8D

AD6E3DB3

6A586FFD

5B904C0E

74510DE7

74510DE7

C3EA6497

C3EA6497

C3EA6497

D938CF51

2440BE19

83229DB0

A864368D

60C163B7

CB3C5940

15EB01D8

792B8841

B43FC629

D78BC014

EA51FD4F

76B1B10F

0C8AEDEB

52C7C63B

1E6F28ED

21D17267

217BAAAD

E13CBF0F

02D6B9C3

CE543B0E

5899BA84

C82103F9

15BFAFC4

05E7D586

B0BB1B9B

41EA924F

7024314C

BB38B416

BB38B416

97015916

244C9C4A

2410DE67

2410DE67

296AD5C3

CB95FB03

35066E66

BE8E2620

4196D3FE

269E31A9

269E31A9

34DB979E

79C2CB0C

4C516F07

AED2E6B5

5E34D68A

364AA7AE

A09B7DF6

DC8DAC1A

EA7ED03E

2B289791

DFF472EA

AADE6BB9

BEDDD7C1

E7C1E4C4

9875006D

66D7290E

837A687A

83F3D433

74C8943A

C937DBEC

4E80F3A0

62E87458

A61A85DF

71CC0019

0FA45350

8D73AB04

20AF66A2

3E6BB137

94A08440

EE6CA184

383E7D24

F3B0EA8B

E73C3CF2

E73C3CF2

C20D8A6F

C2032081

C2032081

43104AFC

AD08F552

D2C07832

0C8B595F

E1715B8B

5790ED5F

786B64A5

EA372EB2

B7CFD50F

AB67D8FD

DD4050B5

31DF9B95

A249F365

37C94517

BC091018

A4A97D82

B4875110

5D2C2B6C

20750DB4

112459F7

2A73C76A

2A73C76A

854A360C

52F7E52C

52F7E52C

193505F9

0978A2D9

9272ECDA

CCAC01DB

0BD93538

0200C9B9

5F774BD9

5024500C

5024500C

E1FA0E6F

0EFAFEEB

6240D683

D1D15031

7A14A077

066F59FD

2C19E62B

BDB2C21C

B90D42B7

AD803895

048569B8

83189C69

DF05585D

C11BC4C6

CF451CF3

54ED4D0F

54ED4D0F

C597B295

A6DE2EC7

549CC5EB

61092110

668DBB2E

B82E043F

08313D92

10FDBC68

B4666403

06C4319E

6423FB76

83B001C0

6B3B6729

5F178E55

5B8EC6CE

CA1F1894

406AA6F7

20BE603B

461D0DFE

C3C49F1F

B875CF0E

747DDCB2

4637B0D1

74695F5B

EF2215AF

7C4B7532

D42065AE

D71B2D69

91293392

35DE6894

A1973290

75859DA4

AA1F2F28

8F9CCBFA

6A4DD04B

D5286BAC

B13FB083

A8B2C8BF

18DE66AC

193C8DA5

9D11F66C

EBC94B61

79F68227

3D3EFB13

40932797

E647F886

DE23B4D5

5007F045

6C599FD9

76F1F3E8

06C4C309

D53AE8AD

B17576D2

998B4FC9

998B4FC9

3BCE25AC

C32FA356

9DF0DAD9

0D0F977A

72B000B5

FD36E10D

63590DC5

C7C0E1F3

783B0D38

6A77DBAB

21831828

FFDEFB5A

A6701AA5

B4956CBF

6835B1B6

0BF90B2E

0356D58D

A495E590

C8B63630

8C433A4B

DBE5881C

2ACBC959

3A8B0197

8F00D42A

248BA72A

9E892BAD

992DDA31

F56471E8

C1CBB3EC

78BAF491

02734B49

BFED4A99

B973F378

E275B80B

CECC1B70

B146A065

CAA79363

B26F5E02

9BC76ADE

82CF0243

B856A18F

EB1154EF

226B3A04

492E7514

0FDA854B

CA7B9302

9C860E99

AFBE007A

A0F77041

D850FC36

E119D2D0

428D448F

F9D177E9

75165953

817B041D

A8F8924C

EE0A4813

8D1A6EF0

49B6027A

02E20E77

B3F0AEB8

6480A928

1149C0EE

C5B8C6FD

8A36279F

61F8A4B2

BE26118F

34615BE1

2C8EDFD6

8AD3C263

86B602CF

959B1C59

AA03BFFA

855C3C2D

99EE9273

6A1AFCB9

4427AEB8

B8D818FB

081E7CA7

4C37E7E5

41788542

E151F901

65A80044

C71611C1

CBD8F940

4518EC12

135AD758

EB29F777

EAB4B4EB

8CA88DE4

0837D305

C6910769

A932C4DF

5526A765

A7440BA9

EF244AAF

ACB1DE8D

D83281A5

69130869

ED6E2B60

808BE9A3

C4E67530

DD1125BF

1B26CE87

05A9526B

83AFA749

F64850E1

36287522

6A580FA3

67554582

F7F31F5E

38B3E3FE

D6C3FB64

480474FF

50C1DFBB

C67D41A7

A663B182

ABD3AC4C

15181647

476FA8ED

416E0BF7

970CFBC2

C42B358B

68B232F5

601C193C

2C8BA8AF

C30DD7F0

755BD295

86FE3A17

19B4D1DD

E3B7EDAE

161EA52C

0C4CFD6C

2BD5936D

045BBE53

62356E7F

F5F2D1AF

4C641845

02A7C402

B4CA99F3

46277A25

C6151BA1

05D517D6

A22CD383

3EFAE358

33B7B3C9

D929F9D3

4D426CD5

DC408AA6

F278721F

CCCD0191

1453A330

7C518807

DC306997

038840DA

38632D5C

E199FBF7

7E7A9B56

BDAC684E

C8CFE2E9

7E0409C6

36E83F40

00BB0242

0B88938F

64083665

B43D9549

1FF88CE4

DEBD6D70

2F3C158A

0F46713B

07B51CE6

960593FB

BDDAE82F

7E0AEE2C

B4EA5130

25D9768E

54F994FC

DE88CC58

55233728

46E776DF

6B515E97

8D2290C6

68AD4059

8E93D54A

52E8D894

2A2BA42B

362771EE

58A5AE2A

7B1FC1BC

C569B81F

1E1F3B56

4C7971D7

F525C05E

72AF58FD

53466623

C17DB358

8DBC491F

20DC9CD4

C516CDE7

6EE22567

E3437449

2BC3035B

593EBF88

D4B3B9A4

12345678

12345678

12345678

12345678

12345678

12345678

19C54143

570B13CC

1A7C1D03

A2580E69

C65CC14F

CA427661

11BB316E

D19FD3F3

E1B0BE9C

C0AA004E

E4756EC8

3BF0D9F2

5D582ECC

0E72D6BA

C56E857E

A7B4611A

DE574BA6

6447AA87

12345678

12345678

12345678

12345678

12345678

12345678

12345678

12345678

12345678

12345678

12345678

12345678

12345678

12345678

12345678

12345678

12345678

12345678

12345678

12345678

12345678

12345678

12345678

12345678

12345678

12345678

12345678

12345678

12345678

12345678

12345678

12345678

12345678

12345678

12345678

12345678

12345678

12345678

12345678

12345678

12345678

12345678

12345678

12345678

12345678

12345678

12345678

12345678

12345678

12345678

12345678

12345678

12345678

12345678

12345678

12345678

12345678

12345678

12345678

12345678

12345678

12345678

12345678

12345678

12345678

12345678

12345678

12345678

12345678

12345678

12345678

12345678

12345678

12345678

12345678

12345678

12345678

12345678

12345678

12345678

12345678

12345678

12345678

12345678

12345678

12345678

12345678

12345678

12345678

12345678

12345678

12345678

12345678

12345678

12345678

12345678

12345678

12345678

12345678

12345678

12345678

12345678

12345678

12345678

12345678

12345678

12345678

12345678

12345678

12345678

12345678

12345678

12345678

12345678

12345678

12345678

12345678

12345678

12345678

12345678

12345678

12345678

12345678

12345678

12345678

12345678

12345678

12345678

12345678

12345678

12345678

12345678

12345678

12345678

12345678

12345678

12345678

12345678

12345678

12345678

12345678

12345678

12345678

12345678

12345678

12345678

12345678

12345678

12345678

12345678

12345678

12345678

12345678

12345678

12345678

12345678

12345678

12345678

12345678

12345678

12345678

12345678

12345678

12345678

12345678

12345678

12345678

12345678

12345678

12345678

12345678

12345678

12345678

12345678

12345678

12345678

12345678

12345678

12345678

12345678

12345678

12345678

12345678

12345678

12345678

12345678

12345678

12345678

12345678

12345678

12345678

12345678

12345678

12345678

12345678

12345678

12345678

12345678

12345678

12345678

12345678

12345678

12345678

12345678

12345678

12345678

12345678

12345678

12345678

12345678

12345678

12345678

12345678

12345678

12345678

12345678

12345678

12345678

12345678

12345678

12345678

12345678

12345678

12345678

12345678

12345678

12345678

12345678

12345678

12345678

12345678

12345678

12345678

12345678

12345678

12345678

12345678

12345678

12345678

12345678

12345678

12345678

12345678

12345678

12345678

12345678

12345678

12345678

12345678

12345678

12345678

12345678

12345678

12345678

12345678

12345678

12345678

12345678

12345678

12345678

12345678

12345678

12345678

12345678

12345678

12345678

12345678

12345678

12345678

12345678

12345678

12345678

12345678

12345678

12345678

12345678

12345678

12345678

12345678

12345678

12345678

12345678

12345678

12345678

12345678

12345678

12345678

12345678

12345678

12345678

12345678

12345678

12345678

12345678

12345678

12345678

12345678

12345678

12345678

12345678

12345678

12345678

12345678

12345678

12345678

12345678

12345678

12345678

12345678

12345678

0D195036

0D195036

E8817557

3760600D

4A7723B2

E5F63637

544E9718

A5892F22

298B5945

12345678

12345678

12345678

12345678

12345678

12345678

12345678

12345678

12345678

12345678

12345678

12345678

12345678

12345678

12345678

12345678

12345678

12345678

12345678

12345678

12345678

12345678

12345678

12345678

A32DD8F1

88886B51

9A57A1C5

6A8CB3A9

E63367E6

575E88C3

12345678

12345678

12345678

12345678

12345678

12345678

12345678

12345678

12345678

12345678

12345678

12345678

12345678

12345678

12345678

12345678

12345678

12345678

12345678

12345678

12345678

12345678

12345678

12345678

12345678

12345678

12345678

12345678

12345678

12345678

12345678

12345678

12345678

12345678

12345678

12345678

12345678

12345678

12345678

12345678

12345678

12345678

12345678

12345678

12345678

12345678

12345678

12345678

12345678

12345678

12345678

12345678

12345678

12345678

12345678

12345678

12345678

12345678

12345678

12345678

12345678

12345678

12345678

12345678

12345678

12345678

00102201

00108201

00102201

00108201

00102201

00108201

00102201

00108201

00102201

00108201

00102201

00108201

00102201

00108201

00102201

00108201

00102201

00108201

00102201

00108201

00102201

00108201

00102201

00108201

00102201

00108201

00102201

00108201

00102201

00108201

00102201

00108201

00102201

00108201

00102201

00108201

00102201

00108201

00102201

00108201

00102201

00108201

00102201

00108201

00102201

00108201

00102201

00108201

00102201

00108201

00102201

00108201

00102201

00108201

00102201

00108201

00102201

00108201

00102201

00108201

00102201

00108201

00102201

00108201

00102201

00108201

00102201

00108201

00102201

00108201

00102201

00108201

00102201

00108201

00102201

00108201

00102201

00108201

00102201

00108201

00102201

00108201

00102201

00108201

00102201

00108201

00102201

00108201

