15:10:53 658 收:0106200001D942 [MOBUS|2025/3/19 15:10:53]

从机地址:01
功能码:06
功能单寄存器写|起始地址:0020
输出值:D901
数据加上CRC16校验42

15:10:53 981 发:0106200001D942 [MOBUS|2025/3/19 15:10:53]

15:10:58 905 收:0106200001D942 [MOBUS|2025/3/19 15:10:58]

从机地址:01
功能码:06
功能单寄存器写|起始地址:0020
输出值:D901
数据加上CRC16校验42

15:10:59 383 发:0106200001D942 [MOBUS|2025/3/19 15:10:59]

15:36:42 435 收:0106200001D942 [MOBUS|2025/3/19 15:36:42]

从机地址:01
功能码:06
功能单寄存器写|起始地址:0020
输出值:D901
数据加上CRC16校验42

15:36:42 444 发:0106200001D942 [MOBUS|2025/3/19 15:36:42]

15:37:01 919 收:0106200001D942 [MOBUS|2025/3/19 15:37:01]

从机地址:01
功能码:06
功能单寄存器写|起始地址:0020
输出值:D901
数据加上CRC16校验42

15:37:01 921 发:0106200001D942 [MOBUS|2025/3/19 15:37:01]

15:50:02 498 收:0106200001D942 [MOBUS|2025/3/19 15:50:02]

从机地址:01
功能码:06
功能单寄存器写|起始地址:0020
输出值:D901
数据加上CRC16校验42

15:50:02 508 发:0106200001D942 [MOBUS|2025/3/19 15:50:02]

15:50:23 156 收:0106200001D942 [MOBUS|2025/3/19 15:50:23]

从机地址:01
功能码:06
功能单寄存器写|起始地址:0020
输出值:D901
数据加上CRC16校验42

15:50:23 156 发:0106200001D942 [MOBUS|2025/3/19 15:50:23]

